TN:
SF:dist\adapter\virtual-agv-adapter.js
FN:7,(anonymous_0)
FN:14,(anonymous_1)
FN:17,(anonymous_2)
FN:20,(anonymous_3)
FN:23,(anonymous_4)
FN:26,(anonymous_5)
FN:47,(anonymous_6)
FN:63,(anonymous_7)
FN:67,(anonymous_8)
FN:83,(anonymous_9)
FN:83,(anonymous_10)
FN:86,(anonymous_11)
FN:87,(anonymous_12)
FN:92,(anonymous_13)
FN:93,(anonymous_14)
FN:98,(anonymous_15)
FN:107,(anonymous_16)
FN:108,(anonymous_17)
FN:111,(anonymous_18)
FN:122,(anonymous_19)
FN:146,(anonymous_20)
FN:161,(anonymous_21)
FN:164,(anonymous_22)
FN:170,(anonymous_23)
FN:173,(anonymous_24)
FN:179,(anonymous_25)
FN:186,(anonymous_26)
FN:189,(anonymous_27)
FN:197,(anonymous_28)
FN:198,(anonymous_29)
FN:199,(anonymous_30)
FN:201,(anonymous_31)
FN:208,(anonymous_32)
FN:209,(anonymous_33)
FN:212,(anonymous_34)
FN:220,(anonymous_35)
FN:221,(anonymous_36)
FN:222,(anonymous_37)
FN:224,(anonymous_38)
FN:231,(anonymous_39)
FN:232,(anonymous_40)
FN:235,(anonymous_41)
FN:243,(anonymous_42)
FN:244,(anonymous_43)
FN:245,(anonymous_44)
FN:246,(anonymous_45)
FN:247,(anonymous_46)
FN:248,(anonymous_47)
FN:254,(anonymous_48)
FN:255,(anonymous_49)
FN:258,(anonymous_50)
FN:265,(anonymous_51)
FN:269,(anonymous_52)
FN:270,(anonymous_53)
FN:273,(anonymous_54)
FN:280,(anonymous_55)
FN:284,(anonymous_56)
FN:285,(anonymous_57)
FN:288,(anonymous_58)
FN:296,(anonymous_59)
FN:298,(anonymous_60)
FN:306,(anonymous_61)
FN:307,(anonymous_62)
FN:310,(anonymous_63)
FN:318,(anonymous_64)
FN:320,(anonymous_65)
FN:326,(anonymous_66)
FN:327,(anonymous_67)
FN:330,(anonymous_68)
FN:338,(anonymous_69)
FN:343,(anonymous_70)
FN:346,(anonymous_71)
FN:352,(anonymous_72)
FN:360,(anonymous_73)
FN:368,(anonymous_74)
FN:382,(anonymous_75)
FN:393,(anonymous_76)
FN:414,(anonymous_77)
FN:421,(anonymous_78)
FN:424,(anonymous_79)
FN:442,(anonymous_80)
FN:443,(anonymous_81)
FN:446,(anonymous_82)
FN:449,(anonymous_83)
FN:456,(anonymous_84)
FN:513,(anonymous_85)
FN:538,(anonymous_86)
FN:550,(anonymous_87)
FN:557,(anonymous_88)
FN:559,(anonymous_89)
FN:560,(anonymous_90)
FN:561,(anonymous_91)
FN:562,(anonymous_92)
FN:563,(anonymous_93)
FN:564,(anonymous_94)
FN:572,(anonymous_95)
FN:588,(anonymous_96)
FN:606,(anonymous_97)
FN:617,(anonymous_98)
FN:625,(anonymous_99)
FN:626,(anonymous_100)
FN:644,(anonymous_101)
FN:662,(anonymous_102)
FN:663,(anonymous_103)
FN:673,getTransitionDuration
FN:683,(anonymous_105)
FN:693,(anonymous_106)
FN:703,(anonymous_107)
FN:705,(anonymous_108)
FN:709,(anonymous_109)
FN:759,(anonymous_110)
FN:766,(anonymous_111)
FN:773,(anonymous_112)
FN:777,(anonymous_113)
FN:781,(anonymous_114)
FNF:115
FNH:95
FNDA:3,(anonymous_0)
FNDA:757,(anonymous_1)
FNDA:83,(anonymous_2)
FNDA:1,(anonymous_3)
FNDA:6,(anonymous_4)
FNDA:3,(anonymous_5)
FNDA:311,(anonymous_6)
FNDA:3,(anonymous_7)
FNDA:17,(anonymous_8)
FNDA:16,(anonymous_9)
FNDA:34,(anonymous_10)
FNDA:0,(anonymous_11)
FNDA:0,(anonymous_12)
FNDA:0,(anonymous_13)
FNDA:0,(anonymous_14)
FNDA:28,(anonymous_15)
FNDA:49,(anonymous_16)
FNDA:63,(anonymous_17)
FNDA:121,(anonymous_18)
FNDA:10,(anonymous_19)
FNDA:31,(anonymous_20)
FNDA:11,(anonymous_21)
FNDA:1,(anonymous_22)
FNDA:0,(anonymous_23)
FNDA:51,(anonymous_24)
FNDA:2,(anonymous_25)
FNDA:0,(anonymous_26)
FNDA:0,(anonymous_27)
FNDA:7,(anonymous_28)
FNDA:7,(anonymous_29)
FNDA:7,(anonymous_30)
FNDA:4,(anonymous_31)
FNDA:4,(anonymous_32)
FNDA:4,(anonymous_33)
FNDA:0,(anonymous_34)
FNDA:8,(anonymous_35)
FNDA:8,(anonymous_36)
FNDA:8,(anonymous_37)
FNDA:5,(anonymous_38)
FNDA:4,(anonymous_39)
FNDA:4,(anonymous_40)
FNDA:0,(anonymous_41)
FNDA:2,(anonymous_42)
FNDA:2,(anonymous_43)
FNDA:2,(anonymous_44)
FNDA:2,(anonymous_45)
FNDA:2,(anonymous_46)
FNDA:2,(anonymous_47)
FNDA:2,(anonymous_48)
FNDA:2,(anonymous_49)
FNDA:0,(anonymous_50)
FNDA:1,(anonymous_51)
FNDA:1,(anonymous_52)
FNDA:1,(anonymous_53)
FNDA:0,(anonymous_54)
FNDA:1,(anonymous_55)
FNDA:1,(anonymous_56)
FNDA:1,(anonymous_57)
FNDA:0,(anonymous_58)
FNDA:1,(anonymous_59)
FNDA:1,(anonymous_60)
FNDA:1,(anonymous_61)
FNDA:1,(anonymous_62)
FNDA:0,(anonymous_63)
FNDA:1,(anonymous_64)
FNDA:1,(anonymous_65)
FNDA:1,(anonymous_66)
FNDA:1,(anonymous_67)
FNDA:0,(anonymous_68)
FNDA:2,(anonymous_69)
FNDA:2,(anonymous_70)
FNDA:0,(anonymous_71)
FNDA:11,(anonymous_72)
FNDA:11,(anonymous_73)
FNDA:6,(anonymous_74)
FNDA:13,(anonymous_75)
FNDA:2,(anonymous_76)
FNDA:13,(anonymous_77)
FNDA:35,(anonymous_78)
FNDA:3,(anonymous_79)
FNDA:51,(anonymous_80)
FNDA:206,(anonymous_81)
FNDA:16,(anonymous_82)
FNDA:311,(anonymous_83)
FNDA:311,(anonymous_84)
FNDA:311,(anonymous_85)
FNDA:4,(anonymous_86)
FNDA:4,(anonymous_87)
FNDA:2,(anonymous_88)
FNDA:2,(anonymous_89)
FNDA:4,(anonymous_90)
FNDA:6,(anonymous_91)
FNDA:8,(anonymous_92)
FNDA:10,(anonymous_93)
FNDA:11,(anonymous_94)
FNDA:1,(anonymous_95)
FNDA:1,(anonymous_96)
FNDA:1,(anonymous_97)
FNDA:1,(anonymous_98)
FNDA:2,(anonymous_99)
FNDA:2,(anonymous_100)
FNDA:2,(anonymous_101)
FNDA:2,(anonymous_102)
FNDA:4,(anonymous_103)
FNDA:28,getTransitionDuration
FNDA:32,(anonymous_105)
FNDA:16,(anonymous_106)
FNDA:78,(anonymous_107)
FNDA:0,(anonymous_108)
FNDA:34,(anonymous_109)
FNDA:0,(anonymous_110)
FNDA:0,(anonymous_111)
FNDA:0,(anonymous_112)
FNDA:0,(anonymous_113)
FNDA:34,(anonymous_114)
DA:3,7
DA:4,7
DA:5,7
DA:8,3
DA:9,3
DA:10,3
DA:11,3
DA:12,3
DA:15,757
DA:18,83
DA:21,1
DA:24,6
DA:27,3
DA:28,3
DA:44,3
DA:45,3
DA:46,3
DA:47,3
DA:48,311
DA:49,311
DA:50,311
DA:51,311
DA:53,3
DA:64,3
DA:65,3
DA:68,17
DA:69,17
DA:70,17
DA:71,13
DA:72,13
DA:73,1
DA:77,1
DA:80,16
DA:81,0
DA:83,34
DA:84,16
DA:87,0
DA:88,0
DA:89,0
DA:93,0
DA:94,0
DA:95,0
DA:100,28
DA:101,28
DA:102,28
DA:103,28
DA:104,3
DA:106,25
DA:107,49
DA:108,23
DA:110,63
DA:111,121
DA:112,63
DA:113,3
DA:116,23
DA:117,2
DA:120,28
DA:123,10
DA:124,10
DA:125,9
DA:127,1
DA:128,1
DA:129,1
DA:130,0
DA:131,0
DA:133,1
DA:134,1
DA:135,1
DA:137,1
DA:138,1
DA:140,0
DA:141,0
DA:142,0
DA:144,0
DA:147,31
DA:148,31
DA:149,51
DA:150,51
DA:151,1
DA:152,1
DA:154,50
DA:155,1
DA:156,1
DA:159,31
DA:162,11
DA:165,1
DA:166,1
DA:167,1
DA:168,1
DA:171,0
DA:174,51
DA:179,2
DA:186,0
DA:189,0
DA:197,7
DA:198,7
DA:199,7
DA:201,4
DA:208,4
DA:209,4
DA:212,0
DA:220,8
DA:221,8
DA:222,8
DA:224,5
DA:231,4
DA:232,4
DA:235,0
DA:243,2
DA:244,2
DA:245,2
DA:246,2
DA:247,2
DA:248,2
DA:254,2
DA:255,2
DA:258,0
DA:265,1
DA:269,1
DA:270,1
DA:273,0
DA:280,1
DA:284,1
DA:285,1
DA:288,0
DA:296,1
DA:298,1
DA:306,1
DA:307,1
DA:310,0
DA:318,1
DA:320,1
DA:326,1
DA:327,1
DA:330,0
DA:338,2
DA:343,2
DA:346,0
DA:353,11
DA:354,11
DA:355,11
DA:356,11
DA:357,11
DA:358,11
DA:361,11
DA:362,11
DA:363,11
DA:364,11
DA:365,11
DA:366,11
DA:369,6
DA:370,6
DA:371,6
DA:372,6
DA:373,10
DA:374,10
DA:375,10
DA:376,10
DA:378,10
DA:380,6
DA:383,13
DA:384,0
DA:386,13
DA:387,0
DA:390,13
DA:394,2
DA:395,2
DA:396,0
DA:398,2
DA:399,4
DA:400,6
DA:406,6
DA:407,6
DA:408,0
DA:412,2
DA:415,13
DA:416,13
DA:417,13
DA:418,13
DA:419,13
DA:422,35
DA:425,3
DA:440,3
DA:443,206
DA:447,16
DA:450,311
DA:451,34
DA:453,311
DA:454,311
DA:458,311
DA:459,287
DA:461,24
DA:462,24
DA:463,24
DA:464,24
DA:465,24
DA:466,24
DA:467,11
DA:468,0
DA:470,11
DA:471,11
DA:472,11
DA:475,13
DA:476,13
DA:477,13
DA:478,11
DA:479,11
DA:480,11
DA:481,11
DA:482,11
DA:483,11
DA:484,11
DA:485,11
DA:488,2
DA:489,2
DA:490,2
DA:491,2
DA:492,2
DA:493,2
DA:494,2
DA:495,0
DA:496,0
DA:497,0
DA:508,0
DA:514,311
DA:515,292
DA:517,19
DA:518,19
DA:519,19
DA:520,19
DA:521,19
DA:522,19
DA:523,19
DA:525,19
DA:526,0
DA:527,0
DA:529,19
DA:530,19
DA:531,9
DA:532,9
DA:534,19
DA:535,0
DA:539,4
DA:545,4
DA:546,4
DA:551,4
DA:552,4
DA:553,4
DA:559,2
DA:560,4
DA:561,6
DA:562,8
DA:563,10
DA:564,11
DA:565,2
DA:566,2
DA:573,1
DA:574,0
DA:576,1
DA:577,0
DA:579,1
DA:580,1
DA:581,1
DA:582,0
DA:583,0
DA:586,1
DA:589,1
DA:590,0
DA:592,1
DA:593,1
DA:594,1
DA:595,1
DA:596,0
DA:597,0
DA:600,1
DA:603,0
DA:607,1
DA:608,0
DA:610,1
DA:611,0
DA:613,1
DA:614,1
DA:615,1
DA:618,1
DA:619,0
DA:621,1
DA:622,1
DA:623,1
DA:626,2
DA:627,2
DA:628,2
DA:629,2
DA:630,2
DA:631,2
DA:632,0
DA:634,2
DA:635,2
DA:639,0
DA:641,2
DA:642,2
DA:646,2
DA:647,2
DA:648,4
DA:649,4
DA:650,6
DA:651,6
DA:652,6
DA:653,6
DA:656,0
DA:660,2
DA:661,2
DA:662,2
DA:663,4
DA:664,2
DA:665,2
DA:667,2
DA:669,2
DA:672,7
DA:675,28
DA:676,28
DA:677,12
DA:679,16
DA:682,16
DA:683,32
DA:684,16
DA:685,4
DA:687,12
DA:690,0
DA:694,16
DA:695,16
DA:696,16
DA:697,16
DA:698,16
DA:699,16
DA:700,16
DA:701,16
DA:702,16
DA:703,78
DA:706,0
DA:710,34
DA:711,0
DA:713,34
DA:714,0
DA:715,0
DA:716,0
DA:718,34
DA:719,0
DA:720,0
DA:721,0
DA:722,0
DA:724,34
DA:725,16
DA:726,16
DA:728,18
DA:729,0
DA:730,0
DA:734,0
DA:736,18
DA:737,0
DA:738,0
DA:742,0
DA:744,18
DA:745,0
DA:747,18
DA:748,18
DA:749,18
DA:750,18
DA:751,18
DA:752,18
DA:753,18
DA:756,0
DA:760,0
DA:761,0
DA:763,0
DA:764,0
DA:767,0
DA:768,0
DA:770,0
DA:771,0
DA:774,0
DA:775,0
DA:778,0
DA:779,0
DA:783,34
DA:784,34
DA:785,16
DA:786,16
DA:787,16
DA:788,16
DA:790,34
DA:791,34
DA:797,34
DA:798,34
LF:393
LH:313
BRDA:27,0,0,3
BRDA:27,0,1,0
BRDA:70,1,0,13
BRDA:70,1,1,4
BRDA:72,2,0,1
BRDA:72,2,1,12
BRDA:80,3,0,0
BRDA:80,3,1,16
BRDA:80,4,0,16
BRDA:80,4,1,14
BRDA:83,5,0,2
BRDA:83,5,1,14
BRDA:83,6,0,16
BRDA:83,6,1,15
BRDA:88,7,0,0
BRDA:88,7,1,0
BRDA:94,8,0,0
BRDA:94,8,1,0
BRDA:103,9,0,3
BRDA:103,9,1,25
BRDA:106,10,0,23
BRDA:106,10,1,2
BRDA:107,11,0,20
BRDA:107,11,1,3
BRDA:107,12,0,23
BRDA:107,12,1,23
BRDA:107,13,0,3
BRDA:107,13,1,20
BRDA:107,14,0,23
BRDA:107,14,1,23
BRDA:111,15,0,5
BRDA:111,15,1,58
BRDA:111,16,0,63
BRDA:111,16,1,63
BRDA:112,17,0,3
BRDA:112,17,1,60
BRDA:112,18,0,18
BRDA:112,18,1,45
BRDA:112,19,0,63
BRDA:112,19,1,63
BRDA:116,20,0,2
BRDA:116,20,1,21
BRDA:124,21,0,9
BRDA:124,21,1,1
BRDA:129,22,0,0
BRDA:129,22,1,1
BRDA:133,23,0,1
BRDA:133,23,1,1
BRDA:134,24,0,1
BRDA:134,24,1,0
BRDA:137,25,0,1
BRDA:137,25,1,0
BRDA:140,26,0,0
BRDA:140,26,1,0
BRDA:141,27,0,0
BRDA:141,27,1,0
BRDA:150,28,0,1
BRDA:150,28,1,50
BRDA:150,29,0,51
BRDA:150,29,1,25
BRDA:154,30,0,1
BRDA:154,30,1,49
BRDA:154,31,0,50
BRDA:154,31,1,26
BRDA:166,32,0,1
BRDA:166,32,1,0
BRDA:167,33,0,1
BRDA:167,33,1,0
BRDA:179,34,0,2
BRDA:179,34,1,2
BRDA:197,35,0,7
BRDA:197,35,1,6
BRDA:199,36,0,7
BRDA:199,36,1,1
BRDA:201,37,0,0
BRDA:201,37,1,4
BRDA:220,38,0,8
BRDA:220,38,1,8
BRDA:222,39,0,8
BRDA:222,39,1,1
BRDA:224,40,0,4
BRDA:224,40,1,1
BRDA:248,41,0,1
BRDA:248,41,1,1
BRDA:265,42,0,0
BRDA:265,42,1,1
BRDA:280,43,0,1
BRDA:280,43,1,0
BRDA:296,44,0,1
BRDA:296,44,1,0
BRDA:298,45,0,0
BRDA:298,45,1,1
BRDA:300,46,0,0
BRDA:300,46,1,1
BRDA:300,47,0,1
BRDA:300,47,1,0
BRDA:318,48,0,1
BRDA:318,48,1,0
BRDA:320,49,0,1
BRDA:320,49,1,0
BRDA:352,50,0,0
BRDA:360,51,0,0
BRDA:372,52,0,16
BRDA:372,52,1,10
BRDA:375,53,0,10
BRDA:375,53,1,0
BRDA:382,54,0,0
BRDA:383,55,0,0
BRDA:383,55,1,13
BRDA:384,56,0,0
BRDA:384,56,1,0
BRDA:386,57,0,0
BRDA:386,57,1,13
BRDA:387,58,0,0
BRDA:387,58,1,0
BRDA:390,59,0,13
BRDA:390,59,1,0
BRDA:395,60,0,0
BRDA:395,60,1,2
BRDA:395,61,0,2
BRDA:395,61,1,2
BRDA:407,62,0,0
BRDA:407,62,1,6
BRDA:407,63,0,6
BRDA:407,63,1,6
BRDA:443,64,0,206
BRDA:443,64,1,49
BRDA:443,64,2,13
BRDA:458,65,0,287
BRDA:458,65,1,24
BRDA:458,66,0,311
BRDA:458,66,1,24
BRDA:458,66,2,24
BRDA:466,67,0,11
BRDA:466,67,1,13
BRDA:467,68,0,0
BRDA:467,68,1,11
BRDA:477,69,0,11
BRDA:477,69,1,2
BRDA:480,70,0,0
BRDA:480,70,1,11
BRDA:480,71,0,11
BRDA:480,71,1,11
BRDA:491,72,0,0
BRDA:491,72,1,2
BRDA:491,73,0,2
BRDA:491,73,1,2
BRDA:494,74,0,0
BRDA:494,74,1,2
BRDA:514,75,0,292
BRDA:514,75,1,19
BRDA:514,76,0,311
BRDA:514,76,1,19
BRDA:525,77,0,0
BRDA:525,77,1,19
BRDA:525,78,0,19
BRDA:525,78,1,0
BRDA:530,79,0,9
BRDA:530,79,1,10
BRDA:531,80,0,9
BRDA:531,80,1,0
BRDA:534,81,0,0
BRDA:534,81,1,19
BRDA:564,82,0,1
BRDA:564,82,1,1
BRDA:564,83,0,2
BRDA:564,83,1,2
BRDA:569,84,0,1
BRDA:569,84,1,1
BRDA:569,85,0,2
BRDA:569,85,1,2
BRDA:573,86,0,0
BRDA:573,86,1,1
BRDA:576,87,0,0
BRDA:576,87,1,1
BRDA:582,88,0,0
BRDA:582,88,1,0
BRDA:589,89,0,0
BRDA:589,89,1,1
BRDA:594,90,0,1
BRDA:594,90,1,0
BRDA:596,91,0,0
BRDA:596,91,1,0
BRDA:607,92,0,0
BRDA:607,92,1,1
BRDA:610,93,0,0
BRDA:610,93,1,1
BRDA:618,94,0,0
BRDA:618,94,1,1
BRDA:631,95,0,0
BRDA:631,95,1,2
BRDA:650,96,0,6
BRDA:650,96,1,0
BRDA:662,97,0,2
BRDA:662,97,1,2
BRDA:663,98,0,4
BRDA:663,98,1,2
BRDA:664,99,0,2
BRDA:664,99,1,0
BRDA:664,100,0,2
BRDA:664,100,1,2
BRDA:675,101,0,28
BRDA:675,101,1,0
BRDA:676,102,0,12
BRDA:676,102,1,16
BRDA:679,103,0,16
BRDA:679,103,1,0
BRDA:679,104,0,16
BRDA:679,104,1,16
BRDA:679,104,2,16
BRDA:683,105,0,2
BRDA:683,105,1,14
BRDA:683,106,0,16
BRDA:683,106,1,16
BRDA:684,107,0,4
BRDA:684,107,1,12
BRDA:706,108,0,0
BRDA:706,108,1,0
BRDA:710,109,0,0
BRDA:710,109,1,34
BRDA:710,110,0,34
BRDA:710,110,1,34
BRDA:713,111,0,0
BRDA:713,111,1,34
BRDA:713,112,0,34
BRDA:713,112,1,0
BRDA:714,113,0,0
BRDA:714,113,1,0
BRDA:718,114,0,0
BRDA:718,114,1,34
BRDA:718,115,0,34
BRDA:718,115,1,34
BRDA:724,116,0,16
BRDA:724,116,1,18
BRDA:728,117,0,0
BRDA:728,117,1,18
BRDA:728,118,0,18
BRDA:728,118,1,0
BRDA:732,119,0,0
BRDA:732,119,1,0
BRDA:736,120,0,0
BRDA:736,120,1,18
BRDA:740,121,0,0
BRDA:740,121,1,0
BRDA:744,122,0,0
BRDA:744,122,1,18
BRDA:751,123,0,18
BRDA:751,123,1,0
BRDA:751,124,0,18
BRDA:751,124,1,18
BRDA:760,125,0,0
BRDA:760,125,1,0
BRDA:760,126,0,0
BRDA:760,126,1,0
BRDA:767,127,0,0
BRDA:767,127,1,0
BRDA:767,128,0,0
BRDA:767,128,1,0
BRDA:767,128,2,0
BRDA:784,129,0,16
BRDA:784,129,1,18
BRDA:784,130,0,34
BRDA:784,130,1,18
BRDA:790,131,0,34
BRDA:790,131,1,0
BRDA:790,132,0,34
BRDA:790,132,1,34
BRDA:793,133,0,14
BRDA:793,133,1,20
BRDA:794,134,0,16
BRDA:794,134,1,18
BRDA:795,135,0,0
BRDA:795,135,1,34
BRF:273
BRH:184
end_of_record
TN:
SF:dist\client\agv-client.js
FN:7,(anonymous_0)
FN:12,(anonymous_1)
FN:15,(anonymous_2)
FN:18,(anonymous_3)
FN:47,(anonymous_4)
FN:57,(anonymous_5)
FN:60,(anonymous_6)
FNF:7
FNH:7
FNDA:5,(anonymous_0)
FNDA:196,(anonymous_1)
FNDA:12,(anonymous_2)
FNDA:208,(anonymous_3)
FNDA:6,(anonymous_4)
FNDA:6,(anonymous_5)
FNDA:6,(anonymous_6)
DA:3,7
DA:4,7
DA:5,7
DA:8,5
DA:9,5
DA:10,5
DA:13,196
DA:16,12
DA:19,208
DA:21,14
DA:22,1
DA:24,13
DA:26,5
DA:27,1
DA:29,4
DA:31,6
DA:32,1
DA:34,5
DA:36,139
DA:37,1
DA:39,138
DA:41,44
DA:42,1
DA:44,43
DA:48,6
DA:58,6
DA:61,6
DA:64,7
LF:28
LH:28
BRDA:19,0,0,14
BRDA:19,0,1,5
BRDA:19,0,2,6
BRDA:19,0,3,139
BRDA:19,0,4,44
BRDA:21,1,0,1
BRDA:21,1,1,13
BRDA:26,2,0,1
BRDA:26,2,1,4
BRDA:31,3,0,1
BRDA:31,3,1,5
BRDA:36,4,0,1
BRDA:36,4,1,138
BRDA:41,5,0,1
BRDA:41,5,1,43
BRF:15
BRH:15
end_of_record
TN:
SF:dist\client\master-control-client.js
FN:7,(anonymous_0)
FN:11,(anonymous_1)
FN:14,(anonymous_2)
FN:17,(anonymous_3)
FN:23,(anonymous_4)
FN:32,(anonymous_5)
FN:36,(anonymous_6)
FN:43,(anonymous_7)
FN:48,(anonymous_8)
FN:49,(anonymous_9)
FN:57,(anonymous_10)
FNF:11
FNH:11
FNDA:4,(anonymous_0)
FNDA:53,(anonymous_1)
FNDA:11,(anonymous_2)
FNDA:3,(anonymous_3)
FNDA:3,(anonymous_4)
FNDA:26,(anonymous_5)
FNDA:8,(anonymous_6)
FNDA:6,(anonymous_7)
FNDA:6,(anonymous_8)
FNDA:15,(anonymous_9)
FNDA:70,(anonymous_10)
DA:3,7
DA:4,7
DA:5,7
DA:8,4
DA:9,4
DA:12,53
DA:15,11
DA:18,3
DA:19,1
DA:22,2
DA:23,2
DA:24,3
DA:25,3
DA:28,3
DA:29,1
DA:33,26
DA:34,26
DA:37,8
DA:38,8
DA:39,6
DA:41,8
DA:44,6
DA:45,6
DA:46,6
DA:49,6
DA:50,15
DA:51,15
DA:52,13
DA:54,2
DA:58,70
DA:60,8
DA:61,1
DA:63,7
DA:65,12
DA:66,1
DA:68,11
DA:70,40
DA:71,1
DA:73,39
DA:75,6
DA:76,1
DA:78,5
DA:80,4
DA:81,1
DA:83,3
DA:87,7
LF:46
LH:46
BRDA:18,0,0,1
BRDA:18,0,1,2
BRDA:34,1,0,12
BRDA:34,1,1,14
BRDA:51,2,0,13
BRDA:51,2,1,2
BRDA:58,3,0,8
BRDA:58,3,1,12
BRDA:58,3,2,40
BRDA:58,3,3,6
BRDA:58,3,4,4
BRDA:60,4,0,1
BRDA:60,4,1,7
BRDA:65,5,0,1
BRDA:65,5,1,11
BRDA:70,6,0,1
BRDA:70,6,1,39
BRDA:75,7,0,1
BRDA:75,7,1,5
BRDA:80,8,0,1
BRDA:80,8,1,3
BRF:21
BRH:21
end_of_record
TN:
SF:dist\common\agvid-map.js
FN:6,(anonymous_0)
FN:9,(anonymous_1)
FN:11,(anonymous_2)
FN:14,(anonymous_3)
FN:21,(anonymous_4)
FN:29,(anonymous_5)
FN:39,(anonymous_6)
FN:42,(anonymous_7)
FNF:8
FNH:8
FNDA:9,(anonymous_0)
FNDA:8,(anonymous_1)
FNDA:4,(anonymous_2)
FNDA:1197,(anonymous_3)
FNDA:42,(anonymous_4)
FNDA:25,(anonymous_5)
FNDA:7,(anonymous_6)
FNDA:13,(anonymous_7)
DA:3,7
DA:4,7
DA:7,9
DA:10,8
DA:11,8
DA:12,8
DA:15,1197
DA:16,1197
DA:17,575
DA:19,622
DA:22,42
DA:23,42
DA:24,29
DA:25,29
DA:27,42
DA:30,25
DA:31,25
DA:32,1
DA:34,24
DA:35,24
DA:36,22
DA:40,7
DA:43,13
DA:44,8
DA:45,9
DA:50,7
LF:26
LH:26
BRDA:16,0,0,575
BRDA:16,0,1,622
BRDA:23,1,0,29
BRDA:23,1,1,13
BRDA:31,2,0,1
BRDA:31,2,1,24
BRDA:35,3,0,22
BRDA:35,3,1,2
BRF:8
BRH:8
end_of_record
TN:
SF:dist\common\client-types.js
FN:6,(anonymous_0)
FN:13,isExtensionTopic
FN:23,(anonymous_2)
FN:33,isPlainObject
FNF:4
FNH:4
FNDA:7,(anonymous_0)
FNDA:382,isExtensionTopic
FNDA:7,(anonymous_2)
FNDA:12,isPlainObject
DA:3,7
DA:4,7
DA:6,7
DA:7,7
DA:8,7
DA:9,7
DA:10,7
DA:11,7
DA:14,382
DA:15,1093
DA:16,365
DA:19,17
DA:21,7
DA:23,7
DA:24,7
DA:25,7
DA:26,7
DA:27,7
DA:28,7
DA:29,7
DA:30,7
DA:31,7
DA:34,12
DA:35,2
DA:37,10
DA:38,10
DA:40,7
LF:27
LH:27
BRDA:12,0,0,7
BRDA:12,0,1,7
BRDA:15,1,0,365
BRDA:15,1,1,728
BRDA:32,2,0,7
BRDA:32,2,1,7
BRDA:34,3,0,2
BRDA:34,3,1,10
BRDA:34,4,0,12
BRDA:34,4,1,11
BRDA:38,5,0,10
BRDA:38,5,1,10
BRF:12
BRH:12
end_of_record
TN:
SF:dist\common\client.js
FN:12,createUuid
FN:17,(anonymous_1)
FN:31,(anonymous_2)
FN:34,(anonymous_3)
FN:37,(anonymous_4)
FN:40,(anonymous_5)
FN:49,(anonymous_6)
FN:60,(anonymous_7)
FN:65,(anonymous_8)
FN:77,(anonymous_9)
FN:89,(anonymous_10)
FN:93,(anonymous_11)
FN:96,(anonymous_12)
FN:99,(anonymous_13)
FN:102,(anonymous_14)
FN:104,(anonymous_15)
FN:106,(anonymous_16)
FN:109,(anonymous_17)
FN:124,(anonymous_18)
FN:140,(anonymous_19)
FN:152,(anonymous_20)
FN:160,(anonymous_21)
FN:172,(anonymous_22)
FN:184,(anonymous_23)
FN:186,(anonymous_24)
FN:207,(anonymous_25)
FN:243,(anonymous_26)
FN:246,(anonymous_27)
FN:271,(anonymous_28)
FN:274,(anonymous_29)
FN:276,(anonymous_30)
FN:283,(anonymous_31)
FN:288,(anonymous_32)
FN:296,(anonymous_33)
FN:299,(anonymous_34)
FN:302,(anonymous_35)
FN:306,(anonymous_36)
FN:310,(anonymous_37)
FN:314,(anonymous_38)
FN:319,(anonymous_39)
FN:325,(anonymous_40)
FN:326,(anonymous_41)
FN:332,(anonymous_42)
FN:339,(anonymous_43)
FN:365,(anonymous_44)
FN:377,(anonymous_45)
FN:400,(anonymous_46)
FN:403,(anonymous_47)
FN:415,(anonymous_48)
FN:430,(anonymous_49)
FN:441,(anonymous_50)
FNF:51
FNH:51
FNDA:56,createUuid
FNDA:25,(anonymous_1)
FNDA:1037,(anonymous_2)
FNDA:7,(anonymous_3)
FNDA:5,(anonymous_4)
FNDA:39,(anonymous_5)
FNDA:41,(anonymous_6)
FNDA:12,(anonymous_7)
FNDA:10,(anonymous_8)
FNDA:8,(anonymous_9)
FNDA:5,(anonymous_10)
FNDA:8,(anonymous_11)
FNDA:345,(anonymous_12)
FNDA:3,(anonymous_13)
FNDA:24,(anonymous_14)
FNDA:30,(anonymous_15)
FNDA:6,(anonymous_16)
FNDA:318,(anonymous_17)
FNDA:272,(anonymous_18)
FNDA:270,(anonymous_19)
FNDA:80,(anonymous_20)
FNDA:51,(anonymous_21)
FNDA:46,(anonymous_22)
FNDA:87,(anonymous_23)
FNDA:371,(anonymous_24)
FNDA:617,(anonymous_25)
FNDA:36,(anonymous_26)
FNDA:38,(anonymous_27)
FNDA:38,(anonymous_28)
FNDA:4,(anonymous_29)
FNDA:4,(anonymous_30)
FNDA:36,(anonymous_31)
FNDA:37,(anonymous_32)
FNDA:37,(anonymous_33)
FNDA:2,(anonymous_34)
FNDA:40,(anonymous_35)
FNDA:1,(anonymous_36)
FNDA:4,(anonymous_37)
FNDA:353,(anonymous_38)
FNDA:36,(anonymous_39)
FNDA:36,(anonymous_40)
FNDA:36,(anonymous_41)
FNDA:104,(anonymous_42)
FNDA:353,(anonymous_43)
FNDA:25,(anonymous_44)
FNDA:394,(anonymous_45)
FNDA:1119,(anonymous_46)
FNDA:38,(anonymous_47)
FNDA:304,(anonymous_48)
FNDA:321,(anonymous_49)
FNDA:321,(anonymous_50)
DA:3,7
DA:4,7
DA:5,7
DA:6,7
DA:7,7
DA:8,7
DA:9,7
DA:10,7
DA:11,7
DA:13,56
DA:15,7
DA:18,25
DA:19,25
DA:20,25
DA:21,25
DA:22,25
DA:23,25
DA:24,17
DA:25,17
DA:26,17
DA:27,17
DA:28,17
DA:29,17
DA:32,1037
DA:35,7
DA:38,5
DA:41,39
DA:42,1
DA:44,38
DA:45,38
DA:46,36
DA:47,36
DA:50,41
DA:51,5
DA:53,36
DA:54,36
DA:55,36
DA:56,36
DA:57,36
DA:58,36
DA:61,12
DA:62,12
DA:63,2
DA:65,10
DA:66,10
DA:67,10
DA:68,1
DA:69,1
DA:70,1
DA:72,9
DA:73,1
DA:74,1
DA:75,1
DA:77,8
DA:78,8
DA:79,1
DA:80,1
DA:83,7
DA:84,7
DA:90,5
DA:91,5
DA:94,8
DA:97,345
DA:100,3
DA:107,6
DA:111,318
DA:112,318
DA:113,2
DA:115,316
DA:116,302
DA:117,289
DA:118,289
DA:119,268
DA:121,275
DA:122,275
DA:123,273
DA:124,272
DA:126,272
DA:127,272
DA:128,2
DA:129,1
DA:130,1
DA:131,1
DA:134,1
DA:135,1
DA:136,1
DA:137,1
DA:140,270
DA:141,270
DA:142,1
DA:143,1
DA:146,269
DA:147,269
DA:153,80
DA:154,80
DA:155,2
DA:157,78
DA:158,64
DA:159,53
DA:160,51
DA:161,51
DA:162,3
DA:163,3
DA:164,3
DA:166,48
DA:167,48
DA:168,2
DA:169,2
DA:170,2
DA:172,46
DA:173,46
DA:174,1
DA:175,1
DA:178,45
DA:179,45
DA:187,371
DA:188,2
DA:190,369
DA:191,1
DA:193,368
DA:194,8
DA:196,360
DA:197,2
DA:199,358
DA:200,1
DA:202,357
DA:204,10
DA:208,617
DA:209,1
DA:211,616
DA:213,32
DA:214,3
DA:216,29
DA:218,27
DA:219,4
DA:221,23
DA:223,81
DA:224,6
DA:226,75
DA:228,409
DA:229,3
DA:231,406
DA:233,56
DA:234,1
DA:236,55
DA:238,11
DA:239,11
DA:240,10
DA:244,36
DA:248,38
DA:249,38
DA:267,38
DA:268,38
DA:269,1
DA:271,38
DA:272,38
DA:273,38
DA:274,38
DA:275,4
DA:276,4
DA:277,4
DA:280,38
DA:284,36
DA:285,36
DA:286,36
DA:289,37
DA:290,37
DA:291,37
DA:292,1
DA:293,1
DA:297,37
DA:300,2
DA:303,40
DA:304,40
DA:307,1
DA:308,1
DA:311,4
DA:312,4
DA:315,353
DA:320,36
DA:321,0
DA:323,36
DA:324,36
DA:325,36
DA:326,36
DA:327,36
DA:328,36
DA:333,104
DA:334,104
DA:335,104
DA:336,10
DA:341,353
DA:342,353
DA:343,353
DA:344,353
DA:345,353
DA:346,351
DA:347,350
DA:348,350
DA:349,302
DA:351,348
DA:352,348
DA:353,361
DA:357,6
DA:358,1
DA:359,1
DA:361,5
DA:362,5
DA:367,25
DA:368,1
DA:370,24
DA:371,4
DA:373,20
DA:374,3
DA:378,394
DA:379,4
DA:381,390
DA:382,8
DA:384,382
DA:385,17
DA:386,2
DA:388,15
DA:389,15
DA:390,2
DA:392,13
DA:393,2
DA:397,365
DA:401,1119
DA:404,38
DA:405,38
DA:406,32
DA:407,32
DA:413,6
DA:416,304
DA:417,304
DA:419,1
DA:423,1
DA:426,303
DA:428,304
DA:431,321
DA:432,321
DA:433,320
DA:435,321
DA:436,321
DA:437,321
DA:438,321
DA:439,321
DA:443,321
DA:444,321
DA:445,321
DA:448,7
DA:449,7
DA:450,7
DA:451,7
LF:254
LH:253
BRDA:25,0,0,17
BRDA:25,0,1,17
BRDA:41,1,0,1
BRDA:41,1,1,38
BRDA:50,2,0,5
BRDA:50,2,1,36
BRDA:50,3,0,41
BRDA:50,3,1,36
BRDA:62,4,0,2
BRDA:62,4,1,10
BRDA:67,5,0,1
BRDA:67,5,1,9
BRDA:72,6,0,1
BRDA:72,6,1,8
BRDA:78,7,0,1
BRDA:78,7,1,7
BRDA:112,8,0,2
BRDA:112,8,1,316
BRDA:118,9,0,268
BRDA:118,9,1,21
BRDA:118,10,0,84
BRDA:118,10,1,205
BRDA:118,11,0,289
BRDA:118,11,1,289
BRDA:126,12,0,12
BRDA:126,12,1,260
BRDA:126,13,0,272
BRDA:126,13,1,272
BRDA:126,14,0,81
BRDA:126,14,1,191
BRDA:126,15,0,272
BRDA:126,15,1,272
BRDA:127,16,0,2
BRDA:127,16,1,270
BRDA:128,17,0,1
BRDA:128,17,1,1
BRDA:128,18,0,1
BRDA:128,18,1,1
BRDA:128,19,0,2
BRDA:128,19,1,2
BRDA:141,20,0,1
BRDA:141,20,1,269
BRDA:154,21,0,2
BRDA:154,21,1,78
BRDA:161,22,0,3
BRDA:161,22,1,48
BRDA:167,23,0,2
BRDA:167,23,1,46
BRDA:173,24,0,1
BRDA:173,24,1,45
BRDA:187,25,0,2
BRDA:187,25,1,369
BRDA:190,26,0,1
BRDA:190,26,1,368
BRDA:190,27,0,369
BRDA:190,27,1,306
BRDA:193,28,0,8
BRDA:193,28,1,360
BRDA:193,29,0,368
BRDA:193,29,1,358
BRDA:196,30,0,2
BRDA:196,30,1,358
BRDA:199,31,0,1
BRDA:199,31,1,357
BRDA:199,32,0,358
BRDA:199,32,1,300
BRDA:202,33,0,10
BRDA:202,33,1,347
BRDA:202,34,0,357
BRDA:202,34,1,347
BRDA:202,34,2,339
BRDA:208,35,0,1
BRDA:208,35,1,616
BRDA:208,36,0,617
BRDA:208,36,1,617
BRDA:211,37,0,32
BRDA:211,37,1,27
BRDA:211,37,2,81
BRDA:211,37,3,409
BRDA:211,37,4,56
BRDA:211,37,5,11
BRDA:213,38,0,3
BRDA:213,38,1,29
BRDA:218,39,0,4
BRDA:218,39,1,23
BRDA:223,40,0,6
BRDA:223,40,1,75
BRDA:228,41,0,3
BRDA:228,41,1,406
BRDA:233,42,0,1
BRDA:233,42,1,55
BRDA:250,43,0,1
BRDA:250,43,1,37
BRDA:250,44,0,38
BRDA:250,44,1,38
BRDA:254,45,0,1
BRDA:254,45,1,37
BRDA:255,46,0,1
BRDA:255,46,1,37
BRDA:255,47,0,38
BRDA:255,47,1,38
BRDA:256,48,0,1
BRDA:256,48,1,37
BRDA:256,49,0,38
BRDA:256,49,1,38
BRDA:262,50,0,1
BRDA:262,50,1,37
BRDA:262,51,0,38
BRDA:262,51,1,38
BRDA:263,52,0,1
BRDA:263,52,1,37
BRDA:263,53,0,38
BRDA:263,53,1,38
BRDA:268,54,0,1
BRDA:268,54,1,37
BRDA:291,55,0,1
BRDA:291,55,1,36
BRDA:320,56,0,0
BRDA:320,56,1,36
BRDA:335,57,0,10
BRDA:335,57,1,94
BRDA:348,58,0,302
BRDA:348,58,1,48
BRDA:348,59,0,163
BRDA:348,59,1,187
BRDA:348,60,0,350
BRDA:348,60,1,350
BRDA:357,61,0,1
BRDA:357,61,1,5
BRDA:367,62,0,1
BRDA:367,62,1,24
BRDA:370,63,0,4
BRDA:370,63,1,20
BRDA:373,64,0,3
BRDA:373,64,1,17
BRDA:373,65,0,1
BRDA:373,65,1,19
BRDA:373,66,0,20
BRDA:373,66,1,20
BRDA:378,67,0,4
BRDA:378,67,1,390
BRDA:381,68,0,8
BRDA:381,68,1,382
BRDA:384,69,0,17
BRDA:384,69,1,365
BRDA:385,70,0,2
BRDA:385,70,1,15
BRDA:389,71,0,2
BRDA:389,71,1,13
BRDA:389,72,0,15
BRDA:389,72,1,6
BRDA:392,73,0,2
BRDA:392,73,1,11
BRDA:392,74,0,13
BRDA:392,74,1,9
BRDA:405,75,0,32
BRDA:405,75,1,6
BRDA:417,76,0,1
BRDA:417,76,1,2
BRDA:417,76,2,303
BRDA:432,77,0,320
BRDA:432,77,1,1
BRDA:443,78,0,287
BRDA:443,78,1,34
BRDA:443,79,0,321
BRDA:443,79,1,321
BRDA:444,80,0,320
BRDA:444,80,1,1
BRF:168
BRH:167
end_of_record
TN:
SF:dist\common\mqtt-utils.js
FN:6,assertMqttTopicLength
FN:12,assertMqttTopicUtf8Count
FN:18,getUtf8BytesCount
FNF:3
FNH:3
FNDA:275,assertMqttTopicLength
FNDA:67,assertMqttTopicUtf8Count
FNDA:321,getUtf8BytesCount
DA:3,7
DA:4,7
DA:5,7
DA:7,275
DA:8,2
DA:11,7
DA:13,67
DA:14,5
DA:17,7
DA:19,321
DA:20,321
DA:21,321
DA:22,526473
DA:23,526473
DA:24,526463
DA:26,10
DA:27,2
DA:29,8
DA:30,2
DA:32,6
DA:33,4
DA:36,2
DA:39,321
DA:41,7
LF:24
LH:24
BRDA:7,0,0,2
BRDA:7,0,1,273
BRDA:13,1,0,5
BRDA:13,1,1,62
BRDA:23,2,0,526463
BRDA:23,2,1,10
BRDA:26,3,0,2
BRDA:26,3,1,8
BRDA:29,4,0,2
BRDA:29,4,1,6
BRDA:32,5,0,4
BRDA:32,5,1,2
BRF:12
BRH:12
end_of_record
TN:
SF:dist\common\subscription-manager.js
FN:8,(anonymous_0)
FN:13,(anonymous_1)
FN:17,(anonymous_2)
FN:21,(anonymous_3)
FN:25,(anonymous_4)
FN:49,(anonymous_5)
FN:60,(anonymous_6)
FN:62,(anonymous_7)
FN:70,(anonymous_8)
FN:75,(anonymous_9)
FN:85,(anonymous_10)
FN:100,(anonymous_11)
FN:104,(anonymous_12)
FN:106,(anonymous_13)
FN:113,(anonymous_14)
FN:121,(anonymous_15)
FN:129,(anonymous_16)
FN:135,(anonymous_17)
FNF:18
FNH:18
FNDA:28,(anonymous_0)
FNDA:363,(anonymous_1)
FNDA:65,(anonymous_2)
FNDA:37,(anonymous_3)
FNDA:65,(anonymous_4)
FNDA:19,(anonymous_5)
FNDA:57,(anonymous_6)
FNDA:217,(anonymous_7)
FNDA:160,(anonymous_8)
FNDA:361,(anonymous_9)
FNDA:1698,(anonymous_10)
FNDA:28,(anonymous_11)
FNDA:140,(anonymous_12)
FNDA:647,(anonymous_13)
FNDA:363,(anonymous_14)
FNDA:361,(anonymous_15)
FNDA:65,(anonymous_16)
FNDA:319,(anonymous_17)
DA:3,7
DA:4,7
DA:5,7
DA:6,7
DA:9,28
DA:10,28
DA:11,28
DA:15,363
DA:19,65
DA:22,37
DA:23,37
DA:26,65
DA:27,62
DA:28,62
DA:29,62
DA:30,62
DA:31,62
DA:32,186
DA:33,186
DA:34,186
DA:35,142
DA:36,142
DA:38,186
DA:39,186
DA:41,62
DA:42,62
DA:43,62
DA:44,55
DA:45,55
DA:47,7
DA:50,19
DA:51,19
DA:52,1
DA:54,18
DA:55,18
DA:61,57
DA:62,57
DA:63,217
DA:64,217
DA:65,62
DA:66,39
DA:68,62
DA:70,160
DA:72,57
DA:73,57
DA:76,361
DA:77,361
DA:78,1
DA:80,361
DA:81,1
DA:83,361
DA:86,1698
DA:87,486
DA:88,485
DA:90,1212
DA:91,1212
DA:92,1212
DA:93,732
DA:95,1209
DA:96,1209
DA:97,607
DA:101,28
DA:102,28
DA:103,28
DA:104,140
DA:105,28
DA:106,647
DA:107,4
DA:110,24
DA:111,1
DA:113,23
DA:114,363
DA:115,363
DA:116,363
DA:117,363
DA:118,363
DA:119,363
DA:121,23
DA:122,361
DA:123,361
DA:129,23
DA:130,65
DA:131,65
DA:132,65
DA:133,65
DA:134,65
DA:135,319
DA:139,7
LF:88
LH:88
BRDA:15,0,0,350
BRDA:15,0,1,13
BRDA:15,1,0,363
BRDA:15,1,1,363
BRDA:15,2,0,350
BRDA:15,2,1,13
BRDA:15,3,0,363
BRDA:15,3,1,363
BRDA:15,4,0,361
BRDA:15,4,1,2
BRDA:15,5,0,363
BRDA:15,5,1,363
BRDA:19,6,0,49
BRDA:19,6,1,16
BRDA:19,7,0,65
BRDA:19,7,1,65
BRDA:19,8,0,49
BRDA:19,8,1,16
BRDA:19,9,0,65
BRDA:19,9,1,65
BRDA:19,10,0,61
BRDA:19,10,1,4
BRDA:19,11,0,65
BRDA:19,11,1,65
BRDA:34,12,0,142
BRDA:34,12,1,44
BRDA:43,13,0,55
BRDA:43,13,1,7
BRDA:51,14,0,1
BRDA:51,14,1,18
BRDA:51,15,0,19
BRDA:51,15,1,18
BRDA:64,16,0,62
BRDA:64,16,1,155
BRDA:65,17,0,39
BRDA:65,17,1,23
BRDA:77,18,0,1
BRDA:77,18,1,360
BRDA:80,19,0,1
BRDA:80,19,1,360
BRDA:86,20,0,486
BRDA:86,20,1,1212
BRDA:92,21,0,732
BRDA:92,21,1,480
BRDA:96,22,0,607
BRDA:96,22,1,602
BRDA:106,23,0,4
BRDA:106,23,1,134
BRDA:106,24,0,647
BRDA:106,24,1,106
BRDA:110,25,0,1
BRDA:110,25,1,23
BRDA:135,26,0,65
BRDA:135,26,1,254
BRF:54
BRH:54
end_of_record
TN:
SF:dist\common\vda-5050-types.js
FN:5,(anonymous_0)
FN:11,(anonymous_1)
FN:17,(anonymous_2)
FN:26,(anonymous_3)
FN:31,(anonymous_4)
FN:36,(anonymous_5)
FN:44,(anonymous_6)
FNF:7
FNH:7
FNDA:7,(anonymous_0)
FNDA:7,(anonymous_1)
FNDA:7,(anonymous_2)
FNDA:7,(anonymous_3)
FNDA:7,(anonymous_4)
FNDA:7,(anonymous_5)
FNDA:7,(anonymous_6)
DA:2,7
DA:3,7
DA:5,7
DA:6,7
DA:7,7
DA:8,7
DA:11,7
DA:12,7
DA:13,7
DA:14,7
DA:17,7
DA:18,7
DA:19,7
DA:20,7
DA:21,7
DA:22,7
DA:23,7
DA:26,7
DA:27,7
DA:28,7
DA:31,7
DA:32,7
DA:33,7
DA:36,7
DA:37,7
DA:38,7
DA:39,7
DA:40,7
DA:41,7
DA:44,7
DA:45,7
DA:46,7
DA:47,7
DA:48,7
LF:34
LH:34
BRDA:9,0,0,7
BRDA:9,0,1,7
BRDA:15,1,0,7
BRDA:15,1,1,7
BRDA:24,2,0,7
BRDA:24,2,1,7
BRDA:29,3,0,7
BRDA:29,3,1,7
BRDA:34,4,0,7
BRDA:34,4,1,7
BRDA:42,5,0,7
BRDA:42,5,1,7
BRDA:49,6,0,7
BRDA:49,6,1,7
BRF:14
BRH:14
end_of_record
TN:
SF:dist\controller\agv-controller.js
FN:7,(anonymous_0)
FN:40,(anonymous_1)
FN:43,(anonymous_2)
FN:46,(anonymous_3)
FN:49,(anonymous_4)
FN:52,(anonymous_5)
FN:56,(anonymous_6)
FN:57,(anonymous_7)
FN:62,(anonymous_8)
FN:65,(anonymous_9)
FN:68,(anonymous_10)
FN:71,(anonymous_11)
FN:74,(anonymous_12)
FN:77,(anonymous_13)
FN:80,(anonymous_14)
FN:83,(anonymous_15)
FN:86,(anonymous_16)
FN:103,(anonymous_17)
FN:106,(anonymous_18)
FN:110,(anonymous_19)
FN:114,(anonymous_20)
FN:116,(anonymous_21)
FN:120,(anonymous_22)
FN:130,(anonymous_23)
FN:133,(anonymous_24)
FN:140,(anonymous_25)
FN:141,(anonymous_26)
FN:144,(anonymous_27)
FN:153,(anonymous_28)
FN:154,(anonymous_29)
FN:155,(anonymous_30)
FN:156,(anonymous_31)
FN:163,(anonymous_32)
FN:165,(anonymous_33)
FN:167,(anonymous_34)
FN:172,(anonymous_35)
FN:174,(anonymous_36)
FN:189,(anonymous_37)
FN:197,(anonymous_38)
FN:204,(anonymous_39)
FN:217,(anonymous_40)
FN:220,(anonymous_41)
FN:221,(anonymous_42)
FN:226,(anonymous_43)
FN:231,(anonymous_44)
FN:237,(anonymous_45)
FN:338,(anonymous_46)
FN:389,(anonymous_47)
FN:393,(anonymous_48)
FN:400,(anonymous_49)
FN:405,(anonymous_50)
FN:437,(anonymous_51)
FN:444,(anonymous_52)
FN:448,(anonymous_53)
FN:449,(anonymous_54)
FN:454,(anonymous_55)
FN:455,(anonymous_56)
FN:465,(anonymous_57)
FN:468,(anonymous_58)
FN:470,(anonymous_59)
FN:479,(anonymous_60)
FN:487,(anonymous_61)
FN:492,(anonymous_62)
FN:504,(anonymous_63)
FN:509,(anonymous_64)
FN:528,(anonymous_65)
FN:533,(anonymous_66)
FN:541,(anonymous_67)
FN:547,(anonymous_68)
FN:550,(anonymous_69)
FN:553,(anonymous_70)
FN:557,(anonymous_71)
FN:571,(anonymous_72)
FN:583,(anonymous_73)
FN:584,(anonymous_74)
FN:627,(anonymous_75)
FN:639,(anonymous_76)
FN:641,(anonymous_77)
FN:656,(anonymous_78)
FN:658,(anonymous_79)
FN:685,(anonymous_80)
FN:686,(anonymous_81)
FN:698,(anonymous_82)
FN:699,(anonymous_83)
FN:699,(anonymous_84)
FN:701,(anonymous_85)
FN:702,(anonymous_86)
FN:702,(anonymous_87)
FN:704,(anonymous_88)
FN:705,(anonymous_89)
FN:707,(anonymous_90)
FN:708,(anonymous_91)
FN:709,(anonymous_92)
FN:711,(anonymous_93)
FN:713,(anonymous_94)
FN:727,(anonymous_95)
FN:728,(anonymous_96)
FN:743,(anonymous_97)
FN:746,(anonymous_98)
FN:752,(anonymous_99)
FN:753,(anonymous_100)
FN:755,(anonymous_101)
FN:756,(anonymous_102)
FN:758,(anonymous_103)
FN:759,(anonymous_104)
FN:761,(anonymous_105)
FN:775,(anonymous_106)
FN:779,(anonymous_107)
FN:786,(anonymous_108)
FN:795,(anonymous_109)
FN:801,(anonymous_110)
FN:802,(anonymous_111)
FN:807,(anonymous_112)
FN:815,(anonymous_113)
FN:816,(anonymous_114)
FN:819,(anonymous_115)
FN:820,(anonymous_116)
FN:821,(anonymous_117)
FN:823,(anonymous_118)
FN:824,(anonymous_119)
FN:866,(anonymous_120)
FN:882,(anonymous_121)
FN:950,(anonymous_122)
FN:970,(anonymous_123)
FN:971,(anonymous_124)
FN:972,(anonymous_125)
FN:973,(anonymous_126)
FN:990,(anonymous_127)
FN:995,(anonymous_128)
FN:1002,(anonymous_129)
FN:1003,(anonymous_130)
FN:1004,(anonymous_131)
FN:1005,(anonymous_132)
FN:1022,(anonymous_133)
FN:1027,(anonymous_134)
FN:1036,(anonymous_135)
FN:1042,(anonymous_136)
FN:1053,(anonymous_137)
FN:1067,(anonymous_138)
FN:1068,(anonymous_139)
FN:1073,(anonymous_140)
FN:1075,(anonymous_141)
FN:1076,(anonymous_142)
FN:1077,(anonymous_143)
FN:1091,(anonymous_144)
FN:1096,(anonymous_145)
FN:1115,(anonymous_146)
FN:1140,(anonymous_147)
FN:1174,(anonymous_148)
FN:1179,(anonymous_149)
FN:1191,(anonymous_150)
FN:1199,(anonymous_151)
FN:1202,(anonymous_152)
FN:1207,(anonymous_153)
FN:1216,(anonymous_154)
FNF:155
FNH:124
FNDA:3,(anonymous_0)
FNDA:208,(anonymous_1)
FNDA:3,(anonymous_2)
FNDA:4,(anonymous_3)
FNDA:40,(anonymous_4)
FNDA:46,(anonymous_5)
FNDA:50,(anonymous_6)
FNDA:39,(anonymous_7)
FNDA:58,(anonymous_8)
FNDA:35,(anonymous_9)
FNDA:22,(anonymous_10)
FNDA:22,(anonymous_11)
FNDA:0,(anonymous_12)
FNDA:0,(anonymous_13)
FNDA:0,(anonymous_14)
FNDA:0,(anonymous_15)
FNDA:0,(anonymous_16)
FNDA:14,(anonymous_17)
FNDA:3,(anonymous_18)
FNDA:3,(anonymous_19)
FNDA:204,(anonymous_20)
FNDA:8,(anonymous_21)
FNDA:3,(anonymous_22)
FNDA:3,(anonymous_23)
FNDA:3,(anonymous_24)
FNDA:3,(anonymous_25)
FNDA:3,(anonymous_26)
FNDA:3,(anonymous_27)
FNDA:3,(anonymous_28)
FNDA:37,(anonymous_29)
FNDA:10,(anonymous_30)
FNDA:6,(anonymous_31)
FNDA:136,(anonymous_32)
FNDA:0,(anonymous_33)
FNDA:3,(anonymous_34)
FNDA:42,(anonymous_35)
FNDA:42,(anonymous_36)
FNDA:136,(anonymous_37)
FNDA:204,(anonymous_38)
FNDA:204,(anonymous_39)
FNDA:134,(anonymous_40)
FNDA:0,(anonymous_41)
FNDA:0,(anonymous_42)
FNDA:0,(anonymous_43)
FNDA:0,(anonymous_44)
FNDA:37,(anonymous_45)
FNDA:35,(anonymous_46)
FNDA:5,(anonymous_47)
FNDA:11,(anonymous_48)
FNDA:3,(anonymous_49)
FNDA:15,(anonymous_50)
FNDA:9,(anonymous_51)
FNDA:5,(anonymous_52)
FNDA:3,(anonymous_53)
FNDA:2,(anonymous_54)
FNDA:4,(anonymous_55)
FNDA:4,(anonymous_56)
FNDA:22,(anonymous_57)
FNDA:1,(anonymous_58)
FNDA:0,(anonymous_59)
FNDA:1,(anonymous_60)
FNDA:0,(anonymous_61)
FNDA:0,(anonymous_62)
FNDA:0,(anonymous_63)
FNDA:0,(anonymous_64)
FNDA:0,(anonymous_65)
FNDA:0,(anonymous_66)
FNDA:0,(anonymous_67)
FNDA:1,(anonymous_68)
FNDA:0,(anonymous_69)
FNDA:0,(anonymous_70)
FNDA:1,(anonymous_71)
FNDA:29,(anonymous_72)
FNDA:27,(anonymous_73)
FNDA:4,(anonymous_74)
FNDA:10,(anonymous_75)
FNDA:15,(anonymous_76)
FNDA:25,(anonymous_77)
FNDA:15,(anonymous_78)
FNDA:14,(anonymous_79)
FNDA:15,(anonymous_80)
FNDA:9,(anonymous_81)
FNDA:29,(anonymous_82)
FNDA:26,(anonymous_83)
FNDA:9,(anonymous_84)
FNDA:14,(anonymous_85)
FNDA:11,(anonymous_86)
FNDA:0,(anonymous_87)
FNDA:11,(anonymous_88)
FNDA:11,(anonymous_89)
FNDA:15,(anonymous_90)
FNDA:4,(anonymous_91)
FNDA:8,(anonymous_92)
FNDA:136,(anonymous_93)
FNDA:15,(anonymous_94)
FNDA:47,(anonymous_95)
FNDA:99,(anonymous_96)
FNDA:8,(anonymous_97)
FNDA:26,(anonymous_98)
FNDA:12,(anonymous_99)
FNDA:16,(anonymous_100)
FNDA:12,(anonymous_101)
FNDA:28,(anonymous_102)
FNDA:23,(anonymous_103)
FNDA:28,(anonymous_104)
FNDA:22,(anonymous_105)
FNDA:14,(anonymous_106)
FNDA:34,(anonymous_107)
FNDA:23,(anonymous_108)
FNDA:11,(anonymous_109)
FNDA:11,(anonymous_110)
FNDA:11,(anonymous_111)
FNDA:11,(anonymous_112)
FNDA:2,(anonymous_113)
FNDA:2,(anonymous_114)
FNDA:2,(anonymous_115)
FNDA:2,(anonymous_116)
FNDA:2,(anonymous_117)
FNDA:0,(anonymous_118)
FNDA:0,(anonymous_119)
FNDA:37,(anonymous_120)
FNDA:61,(anonymous_121)
FNDA:9,(anonymous_122)
FNDA:31,(anonymous_123)
FNDA:12,(anonymous_124)
FNDA:21,(anonymous_125)
FNDA:23,(anonymous_126)
FNDA:9,(anonymous_127)
FNDA:25,(anonymous_128)
FNDA:11,(anonymous_129)
FNDA:0,(anonymous_130)
FNDA:0,(anonymous_131)
FNDA:0,(anonymous_132)
FNDA:0,(anonymous_133)
FNDA:0,(anonymous_134)
FNDA:11,(anonymous_135)
FNDA:0,(anonymous_136)
FNDA:10,(anonymous_137)
FNDA:0,(anonymous_138)
FNDA:11,(anonymous_139)
FNDA:16,(anonymous_140)
FNDA:0,(anonymous_141)
FNDA:9,(anonymous_142)
FNDA:11,(anonymous_143)
FNDA:9,(anonymous_144)
FNDA:9,(anonymous_145)
FNDA:1,(anonymous_146)
FNDA:11,(anonymous_147)
FNDA:22,(anonymous_148)
FNDA:23,(anonymous_149)
FNDA:27,(anonymous_150)
FNDA:3,(anonymous_151)
FNDA:2,(anonymous_152)
FNDA:2,(anonymous_153)
FNDA:1,(anonymous_154)
DA:3,7
DA:4,7
DA:5,7
DA:9,3
DA:13,3
DA:14,3
DA:15,3
DA:16,3
DA:17,3
DA:18,3
DA:19,3
DA:20,3
DA:34,3
DA:35,3
DA:36,0
DA:38,3
DA:41,208
DA:44,3
DA:47,4
DA:50,40
DA:52,46
DA:57,50
DA:63,58
DA:66,35
DA:69,22
DA:72,22
DA:75,0
DA:78,0
DA:81,0
DA:84,0
DA:87,0
DA:89,0
DA:90,0
DA:91,0
DA:93,0
DA:96,0
DA:97,0
DA:99,0
DA:101,0
DA:104,14
DA:107,3
DA:108,3
DA:111,3
DA:112,3
DA:117,8
DA:118,8
DA:121,3
DA:126,3
DA:127,3
DA:128,3
DA:131,3
DA:132,3
DA:134,3
DA:135,3
DA:136,3
DA:141,3
DA:142,3
DA:143,3
DA:145,3
DA:146,3
DA:147,3
DA:148,3
DA:154,37
DA:155,10
DA:156,3
DA:157,6
DA:158,0
DA:161,3
DA:164,136
DA:165,136
DA:168,3
DA:169,3
DA:170,1
DA:172,42
DA:175,42
DA:176,42
DA:177,42
DA:178,42
DA:180,42
DA:181,42
DA:183,42
DA:186,0
DA:190,136
DA:191,136
DA:192,136
DA:193,136
DA:194,136
DA:198,204
DA:199,204
DA:200,133
DA:202,204
DA:205,204
DA:206,479
DA:207,479
DA:210,0
DA:213,204
DA:214,204
DA:218,134
DA:221,0
DA:227,0
DA:228,0
DA:230,0
DA:231,0
DA:232,0
DA:235,0
DA:239,37
DA:240,37
DA:241,37
DA:242,35
DA:245,8
DA:246,8
DA:247,8
DA:248,8
DA:250,29
DA:251,0
DA:252,0
DA:253,0
DA:254,0
DA:256,29
DA:257,2
DA:259,27
DA:260,4
DA:262,23
DA:263,1
DA:264,1
DA:265,1
DA:266,1
DA:268,22
DA:269,1
DA:270,1
DA:271,1
DA:272,1
DA:274,21
DA:275,1
DA:276,1
DA:277,1
DA:278,1
DA:280,20
DA:282,1
DA:283,1
DA:284,1
DA:285,1
DA:287,19
DA:288,6
DA:289,1
DA:290,1
DA:291,1
DA:293,5
DA:294,0
DA:295,0
DA:298,5
DA:299,2
DA:300,1
DA:301,1
DA:302,1
DA:305,1
DA:309,3
DA:310,1
DA:311,1
DA:312,1
DA:315,2
DA:321,13
DA:322,3
DA:323,0
DA:324,0
DA:325,0
DA:328,3
DA:332,10
DA:333,9
DA:339,35
DA:340,35
DA:341,1
DA:343,34
DA:344,34
DA:345,34
DA:346,56
DA:347,56
DA:349,1
DA:351,55
DA:352,55
DA:353,55
DA:354,3
DA:358,0
DA:359,0
DA:363,33
DA:364,33
DA:365,33
DA:366,1
DA:368,32
DA:369,21
DA:370,21
DA:371,1
DA:373,20
DA:374,20
DA:375,20
DA:376,1
DA:380,0
DA:381,0
DA:384,19
DA:385,1
DA:390,5
DA:391,0
DA:393,11
DA:394,5
DA:396,5
DA:397,5
DA:401,3
DA:402,3
DA:406,15
DA:407,15
DA:409,9
DA:410,9
DA:418,9
DA:419,9
DA:422,2
DA:423,2
DA:430,2
DA:431,2
DA:434,4
DA:435,4
DA:436,4
DA:437,9
DA:438,4
DA:440,4
DA:443,4
DA:444,5
DA:445,4
DA:448,4
DA:449,4
DA:450,4
DA:454,4
DA:455,4
DA:458,4
DA:459,1
DA:461,4
DA:466,22
DA:469,1
DA:470,1
DA:471,0
DA:472,0
DA:475,1
DA:478,1
DA:479,1
DA:480,1
DA:483,0
DA:484,0
DA:485,0
DA:487,0
DA:488,0
DA:489,0
DA:492,0
DA:496,0
DA:499,0
DA:500,0
DA:501,0
DA:502,0
DA:504,0
DA:505,0
DA:506,0
DA:509,0
DA:515,0
DA:519,0
DA:520,0
DA:521,0
DA:524,1
DA:525,1
DA:529,0
DA:530,0
DA:531,0
DA:533,0
DA:534,0
DA:537,0
DA:538,0
DA:539,0
DA:541,0
DA:542,0
DA:545,0
DA:548,1
DA:549,1
DA:551,0
DA:552,0
DA:553,0
DA:558,1
DA:559,1
DA:560,1
DA:561,1
DA:565,1
DA:572,29
DA:573,29
DA:574,29
DA:575,29
DA:576,2
DA:577,2
DA:578,2
DA:579,2
DA:581,27
DA:584,27
DA:585,4
DA:586,4
DA:587,4
DA:589,27
DA:590,44
DA:591,12
DA:598,12
DA:599,12
DA:600,12
DA:601,3
DA:602,3
DA:606,24
DA:607,17
DA:608,1
DA:617,1
DA:618,1
DA:619,1
DA:620,1
DA:621,1
DA:625,23
DA:628,10
DA:629,10
DA:630,10
DA:631,10
DA:632,1
DA:633,1
DA:634,1
DA:635,1
DA:637,9
DA:640,15
DA:642,25
DA:647,25
DA:648,0
DA:650,25
DA:651,15
DA:653,25
DA:657,15
DA:660,14
DA:661,14
DA:664,0
DA:669,0
DA:671,14
DA:676,14
DA:677,0
DA:679,14
DA:680,0
DA:682,14
DA:686,15
DA:687,9
DA:692,9
DA:693,0
DA:695,9
DA:697,15
DA:698,29
DA:699,26
DA:701,14
DA:702,11
DA:705,11
DA:708,15
DA:709,8
DA:712,136
DA:713,136
DA:714,15
DA:715,0
DA:717,15
DA:718,15
DA:719,3
DA:720,3
DA:723,12
DA:726,136
DA:727,136
DA:728,99
DA:729,47
DA:730,4
DA:732,43
DA:733,43
DA:734,8
DA:735,8
DA:738,35
DA:741,136
DA:742,136
DA:743,8
DA:745,136
DA:746,26
DA:748,136
DA:749,11
DA:753,16
DA:756,28
DA:759,28
DA:762,22
DA:763,22
DA:764,0
DA:765,0
DA:767,22
DA:768,0
DA:769,0
DA:770,0
DA:773,22
DA:774,11
DA:775,14
DA:777,22
DA:779,34
DA:784,22
DA:787,23
DA:788,23
DA:789,12
DA:790,12
DA:792,11
DA:793,11
DA:797,11
DA:801,11
DA:802,11
DA:804,11
DA:805,11
DA:808,11
DA:809,11
DA:810,0
DA:811,0
DA:813,11
DA:816,2
DA:817,2
DA:820,2
DA:821,2
DA:824,0
DA:825,0
DA:826,0
DA:827,0
DA:828,0
DA:831,0
DA:832,0
DA:833,0
DA:834,0
DA:838,0
DA:839,0
DA:844,0
DA:845,0
DA:846,0
DA:847,0
DA:848,0
DA:851,0
DA:852,0
DA:853,0
DA:854,0
DA:858,0
DA:859,0
DA:864,0
DA:867,37
DA:868,37
DA:869,37
DA:870,37
DA:875,37
DA:876,2
DA:878,37
DA:879,16
DA:881,37
DA:882,61
DA:883,37
DA:884,9
DA:887,28
DA:889,37
DA:890,37
DA:891,1
DA:892,1
DA:894,37
DA:895,37
DA:896,18
DA:898,9
DA:899,0
DA:900,0
DA:904,9
DA:905,9
DA:908,0
DA:909,0
DA:910,0
DA:911,0
DA:915,0
DA:916,0
DA:921,9
DA:924,0
DA:925,0
DA:926,0
DA:930,0
DA:931,0
DA:934,0
DA:935,0
DA:936,0
DA:937,0
DA:941,0
DA:942,0
DA:947,0
DA:950,9
DA:951,9
DA:952,7
DA:953,7
DA:956,2
DA:957,2
DA:958,0
DA:959,0
DA:962,2
DA:965,9
DA:971,31
DA:972,31
DA:973,31
DA:974,31
DA:975,31
DA:976,31
DA:977,31
DA:978,22
DA:981,9
DA:985,0
DA:986,0
DA:991,9
DA:995,25
DA:999,9
DA:1000,9
DA:1003,11
DA:1004,11
DA:1005,11
DA:1006,11
DA:1007,11
DA:1008,11
DA:1009,11
DA:1010,11
DA:1013,0
DA:1017,0
DA:1018,0
DA:1023,0
DA:1027,0
DA:1033,0
DA:1034,0
DA:1037,11
DA:1038,0
DA:1039,0
DA:1042,0
DA:1048,0
DA:1049,0
DA:1054,10
DA:1055,10
DA:1058,1
DA:1059,1
DA:1060,1
DA:1061,1
DA:1064,1
DA:1066,9
DA:1067,9
DA:1068,11
DA:1069,9
DA:1070,9
DA:1074,16
DA:1075,16
DA:1076,16
DA:1077,16
DA:1078,16
DA:1079,16
DA:1080,16
DA:1081,14
DA:1082,7
DA:1086,2
DA:1087,2
DA:1092,9
DA:1096,9
DA:1099,9
DA:1100,9
DA:1102,0
DA:1103,0
DA:1107,0
DA:1110,1
DA:1111,1
DA:1112,1
DA:1115,1
DA:1116,1
DA:1117,1
DA:1118,1
DA:1119,1
DA:1120,0
DA:1121,0
DA:1122,0
DA:1127,1
DA:1128,1
DA:1131,1
DA:1132,1
DA:1135,6
DA:1136,6
DA:1141,11
DA:1147,11
DA:1148,11
DA:1149,11
DA:1150,2
DA:1151,2
DA:1152,2
DA:1153,1
DA:1155,1
DA:1156,0
DA:1160,9
DA:1161,9
DA:1163,11
DA:1164,2
DA:1165,2
DA:1166,2
DA:1167,2
DA:1170,2
DA:1172,9
DA:1176,22
DA:1177,0
DA:1179,23
DA:1180,22
DA:1181,22
DA:1182,22
DA:1183,22
DA:1185,22
DA:1186,22
DA:1188,22
DA:1189,22
DA:1191,27
DA:1192,22
DA:1201,3
DA:1202,3
DA:1203,3
DA:1207,2
DA:1209,3
DA:1217,1
DA:1218,0
DA:1220,1
DA:1221,1
DA:1222,1
DA:1224,1
DA:1232,7
DA:1233,7
LF:625
LH:469
BRDA:11,0,0,3
BRDA:11,0,1,0
BRDA:11,1,0,3
BRDA:11,1,1,3
BRDA:35,2,0,0
BRDA:35,2,1,3
BRDA:50,3,0,40
BRDA:50,3,1,33
BRDA:50,3,2,33
BRDA:52,4,0,46
BRDA:52,4,1,10
BRDA:52,4,2,9
BRDA:57,5,0,39
BRDA:57,5,1,0
BRDA:57,5,2,0
BRDA:57,5,3,0
BRDA:65,6,0,13
BRDA:68,7,0,13
BRDA:71,8,0,22
BRDA:74,9,0,0
BRDA:77,10,0,0
BRDA:80,11,0,0
BRDA:83,12,0,0
BRDA:86,13,0,0
BRDA:89,14,0,0
BRDA:89,14,1,0
BRDA:90,15,0,0
BRDA:90,15,1,0
BRDA:96,16,0,0
BRDA:96,16,1,0
BRDA:103,17,0,4
BRDA:157,18,0,0
BRDA:157,18,1,6
BRDA:157,19,0,6
BRDA:157,19,1,3
BRDA:169,20,0,1
BRDA:169,20,1,2
BRDA:177,21,0,42
BRDA:177,21,1,0
BRDA:180,22,0,42
BRDA:180,22,1,0
BRDA:192,23,0,136
BRDA:192,23,1,0
BRDA:197,24,0,0
BRDA:199,25,0,133
BRDA:199,25,1,71
BRDA:206,26,0,479
BRDA:206,26,1,0
BRDA:213,27,0,204
BRDA:213,27,1,0
BRDA:218,28,0,3
BRDA:218,28,1,131
BRDA:221,29,0,0
BRDA:221,29,1,0
BRDA:221,29,2,0
BRDA:221,29,3,0
BRDA:227,30,0,0
BRDA:227,30,1,0
BRDA:231,31,0,0
BRDA:231,31,1,0
BRDA:231,32,0,0
BRDA:231,32,1,0
BRDA:250,33,0,0
BRDA:250,33,1,29
BRDA:256,34,0,2
BRDA:256,34,1,27
BRDA:259,35,0,4
BRDA:259,35,1,23
BRDA:262,36,0,1
BRDA:262,36,1,22
BRDA:268,37,0,1
BRDA:268,37,1,21
BRDA:274,38,0,1
BRDA:274,38,1,20
BRDA:280,39,0,1
BRDA:280,39,1,19
BRDA:280,40,0,20
BRDA:280,40,1,1
BRDA:287,41,0,6
BRDA:287,41,1,13
BRDA:287,42,0,2
BRDA:287,42,1,17
BRDA:287,43,0,19
BRDA:287,43,1,19
BRDA:288,44,0,1
BRDA:288,44,1,5
BRDA:293,45,0,0
BRDA:293,45,1,5
BRDA:298,46,0,2
BRDA:298,46,1,3
BRDA:299,47,0,1
BRDA:299,47,1,1
BRDA:309,48,0,1
BRDA:309,48,1,2
BRDA:321,49,0,3
BRDA:321,49,1,10
BRDA:322,50,0,0
BRDA:322,50,1,3
BRDA:332,51,0,9
BRDA:332,51,1,1
BRDA:340,52,0,1
BRDA:340,52,1,34
BRDA:340,53,0,35
BRDA:340,53,1,35
BRDA:347,54,0,1
BRDA:347,54,1,55
BRDA:347,55,0,56
BRDA:347,55,1,34
BRDA:347,55,2,55
BRDA:347,55,3,22
BRDA:351,56,0,55
BRDA:351,56,1,0
BRDA:353,57,0,3
BRDA:353,57,1,52
BRDA:358,58,0,0
BRDA:358,58,1,0
BRDA:365,59,0,1
BRDA:365,59,1,32
BRDA:370,60,0,1
BRDA:370,60,1,20
BRDA:373,61,0,20
BRDA:373,61,1,0
BRDA:375,62,0,1
BRDA:375,62,1,19
BRDA:375,63,0,20
BRDA:375,63,1,4
BRDA:380,64,0,0
BRDA:380,64,1,0
BRDA:384,65,0,1
BRDA:384,65,1,18
BRDA:384,66,0,19
BRDA:384,66,1,18
BRDA:390,67,0,0
BRDA:390,67,1,5
BRDA:394,68,0,2
BRDA:394,68,1,3
BRDA:397,69,0,5
BRDA:397,69,1,4
BRDA:402,70,0,3
BRDA:402,70,1,2
BRDA:407,71,0,9
BRDA:407,71,1,2
BRDA:407,71,2,4
BRDA:438,72,0,2
BRDA:438,72,1,2
BRDA:441,73,0,2
BRDA:441,73,1,2
BRDA:446,74,0,2
BRDA:446,74,1,2
BRDA:448,75,0,3
BRDA:448,75,1,2
BRDA:458,76,0,1
BRDA:458,76,1,3
BRDA:458,77,0,4
BRDA:458,77,1,2
BRDA:471,78,0,0
BRDA:471,78,1,0
BRDA:471,79,0,0
BRDA:471,79,1,0
BRDA:480,80,0,0
BRDA:480,80,1,1
BRDA:480,81,0,1
BRDA:480,81,1,0
BRDA:480,81,2,0
BRDA:484,82,0,0
BRDA:484,82,1,0
BRDA:488,83,0,0
BRDA:488,83,1,0
BRDA:499,84,0,0
BRDA:499,84,1,0
BRDA:501,85,0,0
BRDA:501,85,1,0
BRDA:505,86,0,0
BRDA:505,86,1,0
BRDA:524,87,0,1
BRDA:524,87,1,0
BRDA:530,88,0,0
BRDA:530,88,1,0
BRDA:533,89,0,0
BRDA:533,89,1,0
BRDA:538,90,0,0
BRDA:538,90,1,0
BRDA:541,91,0,0
BRDA:541,91,1,0
BRDA:553,92,0,0
BRDA:553,92,1,0
BRDA:574,93,0,29
BRDA:574,93,1,0
BRDA:575,94,0,2
BRDA:575,94,1,27
BRDA:600,95,0,3
BRDA:600,95,1,9
BRDA:600,96,0,0
BRDA:600,96,1,12
BRDA:600,97,0,12
BRDA:600,97,1,12
BRDA:619,98,0,1
BRDA:619,98,1,0
BRDA:619,99,0,0
BRDA:619,99,1,1
BRDA:619,100,0,1
BRDA:619,100,1,1
BRDA:630,101,0,10
BRDA:630,101,1,0
BRDA:631,102,0,1
BRDA:631,102,1,9
BRDA:639,103,0,11
BRDA:640,104,0,4
BRDA:640,104,1,11
BRDA:647,105,0,0
BRDA:647,105,1,25
BRDA:650,106,0,15
BRDA:650,106,1,10
BRDA:660,107,0,14
BRDA:660,107,1,0
BRDA:676,108,0,0
BRDA:676,108,1,14
BRDA:679,109,0,0
BRDA:679,109,1,14
BRDA:685,110,0,11
BRDA:692,111,0,0
BRDA:692,111,1,9
BRDA:697,112,0,0
BRDA:697,112,1,15
BRDA:708,113,0,4
BRDA:708,113,1,4
BRDA:708,113,2,2
BRDA:708,113,3,2
BRDA:714,114,0,0
BRDA:714,114,1,15
BRDA:718,115,0,3
BRDA:718,115,1,12
BRDA:729,116,0,4
BRDA:729,116,1,43
BRDA:729,117,0,47
BRDA:729,117,1,45
BRDA:729,117,2,2
BRDA:733,118,0,8
BRDA:733,118,1,35
BRDA:742,119,0,3
BRDA:742,119,1,133
BRDA:745,120,0,8
BRDA:745,120,1,128
BRDA:748,121,0,11
BRDA:748,121,1,125
BRDA:748,122,0,136
BRDA:748,122,1,133
BRDA:753,123,0,16
BRDA:753,123,1,12
BRDA:756,124,0,28
BRDA:756,124,1,13
BRDA:759,125,0,28
BRDA:759,125,1,14
BRDA:763,126,0,0
BRDA:763,126,1,22
BRDA:767,127,0,0
BRDA:767,127,1,22
BRDA:773,128,0,11
BRDA:773,128,1,11
BRDA:775,129,0,14
BRDA:775,129,1,11
BRDA:779,130,0,34
BRDA:779,130,1,23
BRDA:780,131,0,11
BRDA:780,131,1,11
BRDA:788,132,0,12
BRDA:788,132,1,11
BRDA:788,133,0,23
BRDA:788,133,1,13
BRDA:801,134,0,0
BRDA:801,134,1,11
BRDA:801,135,0,11
BRDA:801,135,1,11
BRDA:801,136,0,11
BRDA:801,136,1,11
BRDA:809,137,0,0
BRDA:809,137,1,11
BRDA:817,138,0,2
BRDA:817,138,1,2
BRDA:817,138,2,2
BRDA:821,139,0,2
BRDA:821,139,1,0
BRDA:827,140,0,0
BRDA:827,140,1,0
BRDA:832,141,0,0
BRDA:832,141,1,0
BRDA:833,142,0,0
BRDA:833,142,1,0
BRDA:833,143,0,0
BRDA:833,143,1,0
BRDA:838,144,0,0
BRDA:838,144,1,0
BRDA:847,145,0,0
BRDA:847,145,1,0
BRDA:852,146,0,0
BRDA:852,146,1,0
BRDA:853,147,0,0
BRDA:853,147,1,0
BRDA:853,148,0,0
BRDA:853,148,1,0
BRDA:858,149,0,0
BRDA:858,149,1,0
BRDA:875,150,0,2
BRDA:875,150,1,35
BRDA:878,151,0,16
BRDA:878,151,1,21
BRDA:883,152,0,9
BRDA:883,152,1,28
BRDA:890,153,0,1
BRDA:890,153,1,36
BRDA:890,154,0,37
BRDA:890,154,1,1
BRDA:891,155,0,0
BRDA:891,155,1,1
BRDA:895,156,0,18
BRDA:895,156,1,19
BRDA:895,157,0,37
BRDA:895,157,1,36
BRDA:896,158,0,9
BRDA:896,158,1,0
BRDA:896,158,2,9
BRDA:898,159,0,0
BRDA:898,159,1,9
BRDA:899,160,0,0
BRDA:899,160,1,0
BRDA:904,161,0,9
BRDA:904,161,1,0
BRDA:909,162,0,0
BRDA:909,162,1,0
BRDA:910,163,0,0
BRDA:910,163,1,0
BRDA:915,164,0,0
BRDA:915,164,1,0
BRDA:924,165,0,0
BRDA:924,165,1,0
BRDA:925,166,0,0
BRDA:925,166,1,0
BRDA:930,167,0,0
BRDA:930,167,1,0
BRDA:935,168,0,0
BRDA:935,168,1,0
BRDA:936,169,0,0
BRDA:936,169,1,0
BRDA:941,170,0,0
BRDA:941,170,1,0
BRDA:951,171,0,7
BRDA:951,171,1,2
BRDA:957,172,0,0
BRDA:957,172,1,2
BRDA:957,173,0,2
BRDA:957,173,1,0
BRDA:971,174,0,22
BRDA:971,174,1,9
BRDA:972,175,0,21
BRDA:972,175,1,9
BRDA:973,176,0,23
BRDA:973,176,1,11
BRDA:974,177,0,22
BRDA:974,177,1,9
BRDA:975,178,0,31
BRDA:975,178,1,0
BRDA:976,179,0,31
BRDA:976,179,1,0
BRDA:977,180,0,22
BRDA:977,180,1,9
BRDA:1003,181,0,11
BRDA:1003,181,1,0
BRDA:1004,182,0,0
BRDA:1004,182,1,0
BRDA:1005,183,0,0
BRDA:1005,183,1,0
BRDA:1006,184,0,11
BRDA:1006,184,1,0
BRDA:1007,185,0,11
BRDA:1007,185,1,0
BRDA:1008,186,0,11
BRDA:1008,186,1,0
BRDA:1009,187,0,11
BRDA:1009,187,1,0
BRDA:1038,188,0,0
BRDA:1038,188,1,0
BRDA:1069,189,0,9
BRDA:1069,189,1,0
BRDA:1073,190,0,7
BRDA:1075,191,0,16
BRDA:1075,191,1,0
BRDA:1076,192,0,9
BRDA:1076,192,1,9
BRDA:1077,193,0,11
BRDA:1077,193,1,11
BRDA:1078,194,0,9
BRDA:1078,194,1,7
BRDA:1079,195,0,16
BRDA:1079,195,1,0
BRDA:1080,196,0,14
BRDA:1080,196,1,2
BRDA:1081,197,0,7
BRDA:1081,197,1,7
BRDA:1081,198,0,14
BRDA:1081,198,1,7
BRDA:1097,199,0,1
BRDA:1097,199,1,8
BRDA:1100,200,0,0
BRDA:1100,200,1,1
BRDA:1100,200,2,1
BRDA:1100,200,3,1
BRDA:1100,200,4,6
BRDA:1117,201,0,1
BRDA:1117,201,1,0
BRDA:1119,202,0,0
BRDA:1119,202,1,1
BRDA:1121,203,0,0
BRDA:1121,203,1,0
BRDA:1145,204,0,1
BRDA:1145,204,1,10
BRDA:1149,205,0,2
BRDA:1149,205,1,9
BRDA:1152,206,0,1
BRDA:1152,206,1,1
BRDA:1155,207,0,0
BRDA:1155,207,1,1
BRDA:1163,208,0,2
BRDA:1163,208,1,9
BRDA:1163,209,0,0
BRDA:1163,209,1,11
BRDA:1163,210,0,11
BRDA:1163,210,1,11
BRDA:1176,211,0,0
BRDA:1176,211,1,22
BRDA:1176,212,0,22
BRDA:1176,212,1,8
BRDA:1179,213,0,16
BRDA:1179,213,1,6
BRDA:1179,214,0,22
BRDA:1179,214,1,22
BRDA:1182,215,0,22
BRDA:1182,215,1,0
BRDA:1182,216,0,0
BRDA:1182,216,1,22
BRDA:1182,217,0,22
BRDA:1182,217,1,22
BRDA:1185,218,0,22
BRDA:1185,218,1,0
BRDA:1185,219,0,0
BRDA:1185,219,1,22
BRDA:1185,220,0,22
BRDA:1185,220,1,22
BRDA:1188,221,0,22
BRDA:1188,221,1,0
BRDA:1188,222,0,0
BRDA:1188,222,1,22
BRDA:1188,223,0,22
BRDA:1188,223,1,22
BRDA:1193,224,0,6
BRDA:1193,224,1,16
BRDA:1202,225,0,1
BRDA:1202,225,1,2
BRDA:1202,226,0,3
BRDA:1202,226,1,3
BRDA:1204,227,0,2
BRDA:1204,227,1,1
BRDA:1210,228,0,2
BRDA:1210,228,1,1
BRDA:1217,229,0,0
BRDA:1217,229,1,1
BRDA:1221,230,0,1
BRDA:1221,230,1,0
BRDA:1221,231,0,0
BRDA:1221,231,1,1
BRDA:1221,232,0,1
BRDA:1221,232,1,1
BRF:471
BRH:304
end_of_record
TN:
SF:dist\controller\master-controller.js
FN:7,(anonymous_0)
FN:14,(anonymous_1)
FN:17,(anonymous_2)
FN:37,(anonymous_3)
FN:45,(anonymous_4)
FN:54,(anonymous_5)
FN:61,(anonymous_6)
FN:63,(anonymous_7)
FN:65,(anonymous_8)
FN:71,(anonymous_9)
FN:119,(anonymous_10)
FN:138,(anonymous_11)
FN:139,(anonymous_12)
FN:144,(anonymous_13)
FN:169,(anonymous_14)
FN:177,(anonymous_15)
FN:181,(anonymous_16)
FN:218,(anonymous_17)
FN:255,(anonymous_18)
FN:285,(anonymous_19)
FN:305,(anonymous_20)
FN:316,(anonymous_21)
FN:323,(anonymous_22)
FN:334,(anonymous_23)
FN:358,(anonymous_24)
FN:363,(anonymous_25)
FN:363,(anonymous_26)
FN:377,(anonymous_27)
FN:382,(anonymous_28)
FN:389,(anonymous_29)
FN:390,(anonymous_30)
FN:392,(anonymous_31)
FN:393,(anonymous_32)
FN:395,(anonymous_33)
FN:396,(anonymous_34)
FN:398,(anonymous_35)
FN:399,(anonymous_36)
FN:401,(anonymous_37)
FN:402,(anonymous_38)
FN:404,(anonymous_39)
FN:405,(anonymous_40)
FN:406,(anonymous_41)
FN:409,(anonymous_42)
FN:411,(anonymous_43)
FN:412,(anonymous_44)
FN:466,(anonymous_45)
FN:481,(anonymous_46)
FN:486,(anonymous_47)
FN:493,(anonymous_48)
FN:494,(anonymous_49)
FN:497,(anonymous_50)
FN:501,(anonymous_51)
FN:505,(anonymous_52)
FN:506,(anonymous_53)
FN:507,(anonymous_54)
FN:512,(anonymous_55)
FN:518,(anonymous_56)
FN:519,(anonymous_57)
FN:522,(anonymous_58)
FN:523,(anonymous_59)
FNF:60
FNH:58
FNDA:2,(anonymous_0)
FNDA:2,(anonymous_1)
FNDA:38,(anonymous_2)
FNDA:10,(anonymous_3)
FNDA:12,(anonymous_4)
FNDA:0,(anonymous_5)
FNDA:2,(anonymous_6)
FNDA:266,(anonymous_7)
FNDA:2,(anonymous_8)
FNDA:266,(anonymous_9)
FNDA:37,(anonymous_10)
FNDA:89,(anonymous_11)
FNDA:89,(anonymous_12)
FNDA:53,(anonymous_13)
FNDA:9,(anonymous_14)
FNDA:5,(anonymous_15)
FNDA:5,(anonymous_16)
FNDA:20,(anonymous_17)
FNDA:37,(anonymous_18)
FNDA:35,(anonymous_19)
FNDA:748,(anonymous_20)
FNDA:37,(anonymous_21)
FNDA:31,(anonymous_22)
FNDA:37,(anonymous_23)
FNDA:89,(anonymous_24)
FNDA:65,(anonymous_25)
FNDA:4,(anonymous_26)
FNDA:12,(anonymous_27)
FNDA:0,(anonymous_28)
FNDA:11,(anonymous_29)
FNDA:26,(anonymous_30)
FNDA:22,(anonymous_31)
FNDA:26,(anonymous_32)
FNDA:89,(anonymous_33)
FNDA:110,(anonymous_34)
FNDA:61,(anonymous_35)
FNDA:88,(anonymous_36)
FNDA:72,(anonymous_37)
FNDA:174,(anonymous_38)
FNDA:25,(anonymous_39)
FNDA:25,(anonymous_40)
FNDA:33,(anonymous_41)
FNDA:25,(anonymous_42)
FNDA:47,(anonymous_43)
FNDA:33,(anonymous_44)
FNDA:12,(anonymous_45)
FNDA:3,(anonymous_46)
FNDA:12,(anonymous_47)
FNDA:4,(anonymous_48)
FNDA:1,(anonymous_49)
FNDA:266,(anonymous_50)
FNDA:435,(anonymous_51)
FNDA:1065,(anonymous_52)
FNDA:18,(anonymous_53)
FNDA:18,(anonymous_54)
FNDA:3,(anonymous_55)
FNDA:7,(anonymous_56)
FNDA:9,(anonymous_57)
FNDA:23,(anonymous_58)
FNDA:3,(anonymous_59)
DA:3,7
DA:4,7
DA:5,7
DA:8,2
DA:9,2
DA:10,2
DA:11,2
DA:12,2
DA:15,2
DA:19,38
DA:20,38
DA:21,38
DA:22,1
DA:23,1
DA:25,37
DA:26,37
DA:27,37
DA:28,37
DA:29,37
DA:32,0
DA:33,0
DA:34,0
DA:39,10
DA:40,10
DA:41,10
DA:42,10
DA:44,10
DA:45,12
DA:46,10
DA:47,10
DA:48,10
DA:49,10
DA:50,10
DA:53,0
DA:54,0
DA:55,0
DA:56,0
DA:58,0
DA:62,2
DA:63,266
DA:66,2
DA:69,2
DA:72,266
DA:76,436
DA:78,436
DA:79,436
DA:80,2002
DA:81,82
DA:83,2002
DA:84,436
DA:86,2002
DA:87,404
DA:89,2002
DA:90,404
DA:94,436
DA:95,30
DA:97,406
DA:98,2
DA:100,404
DA:101,404
DA:103,0
DA:105,404
DA:106,21
DA:107,21
DA:108,21
DA:111,266
DA:112,266
DA:113,89
DA:115,266
DA:116,266
DA:117,266
DA:118,16
DA:119,37
DA:120,18
DA:121,12
DA:124,6
DA:125,6
DA:126,2
DA:129,4
DA:130,4
DA:131,1
DA:139,89
DA:140,89
DA:141,89
DA:142,61
DA:143,61
DA:144,61
DA:145,61
DA:146,11
DA:147,0
DA:149,11
DA:150,11
DA:151,11
DA:152,11
DA:153,11
DA:154,11
DA:155,11
DA:159,50
DA:160,36
DA:165,89
DA:166,89
DA:167,31
DA:168,31
DA:169,9
DA:170,4
DA:172,4
DA:173,4
DA:176,4
DA:177,5
DA:178,4
DA:181,5
DA:182,4
DA:183,4
DA:184,4
DA:185,4
DA:186,4
DA:187,4
DA:188,4
DA:191,89
DA:192,100
DA:193,100
DA:194,100
DA:195,93
DA:196,93
DA:197,93
DA:198,34
DA:199,34
DA:200,34
DA:201,1
DA:204,33
DA:206,34
DA:207,34
DA:212,89
DA:213,67
DA:216,89
DA:217,22
DA:218,22
DA:219,11
DA:223,67
DA:224,11
DA:227,89
DA:228,22
DA:229,22
DA:230,22
DA:231,22
DA:232,22
DA:233,22
DA:235,22
DA:237,89
DA:238,89
DA:239,12
DA:240,12
DA:241,12
DA:242,0
DA:245,12
DA:247,12
DA:248,10
DA:250,12
DA:251,12
DA:252,12
DA:256,37
DA:270,37
DA:271,37
DA:272,13
DA:273,13
DA:275,37
DA:276,37
DA:277,37
DA:278,27
DA:279,27
DA:281,37
DA:282,37
DA:283,37
DA:286,35
DA:287,14
DA:289,35
DA:290,35
DA:291,0
DA:293,35
DA:294,35
DA:295,0
DA:297,35
DA:298,35
DA:299,25
DA:300,25
DA:301,11
DA:306,748
DA:307,748
DA:308,372
DA:310,376
DA:311,376
DA:312,122
DA:314,254
DA:317,37
DA:318,37
DA:319,13
DA:321,24
DA:324,31
DA:325,31
DA:326,40
DA:327,40
DA:328,4
DA:330,36
DA:332,27
DA:335,37
DA:336,37
DA:337,37
DA:338,58
DA:339,4
DA:341,54
DA:342,12
DA:345,37
DA:346,22
DA:347,4
DA:349,18
DA:350,1
DA:354,37
DA:355,37
DA:359,89
DA:360,89
DA:361,24
DA:363,65
DA:364,4
DA:367,61
DA:369,28
DA:370,27
DA:371,27
DA:372,12
DA:375,16
DA:378,12
DA:379,12
DA:380,0
DA:381,0
DA:382,0
DA:383,0
DA:387,12
DA:390,26
DA:393,26
DA:396,110
DA:399,88
DA:402,174
DA:405,25
DA:406,33
DA:407,25
DA:409,25
DA:412,47
DA:413,33
DA:414,7
DA:416,33
DA:417,33
DA:418,33
DA:419,33
DA:422,47
DA:423,11
DA:431,11
DA:432,11
DA:434,36
DA:435,36
DA:436,36
DA:437,36
DA:438,0
DA:439,0
DA:441,36
DA:442,22
DA:443,22
DA:445,36
DA:446,0
DA:447,0
DA:449,36
DA:450,0
DA:451,0
DA:453,36
DA:454,0
DA:455,0
DA:457,36
DA:459,0
DA:460,0
DA:462,36
DA:463,22
DA:468,12
DA:469,12
DA:470,12
DA:471,12
DA:472,9
DA:474,12
DA:477,12
DA:478,12
DA:482,3
DA:483,3
DA:484,3
DA:487,12
DA:488,12
DA:489,12
DA:490,10
DA:494,4
DA:495,4
DA:498,266
DA:499,1
DA:501,265
DA:503,435
DA:504,435
DA:505,1065
DA:506,18
DA:507,18
DA:509,265
DA:510,265
DA:511,3
DA:512,3
DA:514,262
DA:515,3
DA:519,7
DA:521,9
DA:522,23
DA:523,3
DA:528,7
LF:315
LH:288
BRDA:21,0,0,1
BRDA:21,0,1,37
BRDA:32,1,0,0
BRDA:32,1,1,0
BRDA:32,2,0,0
BRDA:32,2,1,0
BRDA:41,3,0,10
BRDA:41,3,1,0
BRDA:44,4,0,2
BRDA:44,4,1,8
BRDA:53,5,0,0
BRDA:53,5,1,0
BRDA:53,6,0,0
BRDA:53,6,1,0
BRDA:55,7,0,0
BRDA:55,7,1,0
BRDA:78,8,0,436
BRDA:78,8,1,0
BRDA:80,9,0,82
BRDA:80,9,1,1920
BRDA:83,10,0,436
BRDA:83,10,1,1566
BRDA:86,11,0,404
BRDA:86,11,1,1598
BRDA:89,12,0,404
BRDA:89,12,1,1598
BRDA:94,13,0,30
BRDA:94,13,1,406
BRDA:94,14,0,436
BRDA:94,14,1,436
BRDA:97,15,0,2
BRDA:97,15,1,404
BRDA:97,16,0,406
BRDA:97,16,1,62
BRDA:100,17,0,404
BRDA:100,17,1,0
BRDA:100,18,0,404
BRDA:100,18,1,404
BRDA:103,19,0,0
BRDA:103,19,1,0
BRDA:103,20,0,0
BRDA:103,20,1,0
BRDA:105,21,0,21
BRDA:105,21,1,383
BRDA:112,22,0,89
BRDA:112,22,1,177
BRDA:117,23,0,16
BRDA:117,23,1,250
BRDA:120,24,0,12
BRDA:120,24,1,6
BRDA:125,25,0,2
BRDA:125,25,1,4
BRDA:130,26,0,1
BRDA:130,26,1,3
BRDA:141,27,0,61
BRDA:141,27,1,28
BRDA:144,28,0,53
BRDA:144,28,1,50
BRDA:145,29,0,11
BRDA:145,29,1,50
BRDA:146,30,0,0
BRDA:146,30,1,11
BRDA:154,31,0,11
BRDA:154,31,1,0
BRDA:159,32,0,36
BRDA:159,32,1,14
BRDA:159,33,0,50
BRDA:159,33,1,25
BRDA:166,34,0,31
BRDA:166,34,1,58
BRDA:168,35,0,4
BRDA:168,35,1,27
BRDA:170,36,0,2
BRDA:170,36,1,2
BRDA:174,37,0,2
BRDA:174,37,1,2
BRDA:179,38,0,2
BRDA:179,38,1,2
BRDA:181,39,0,5
BRDA:181,39,1,4
BRDA:181,40,0,0
BRDA:181,40,1,5
BRDA:181,41,0,5
BRDA:181,41,1,5
BRDA:181,42,0,0
BRDA:181,42,1,4
BRDA:181,43,0,4
BRDA:181,43,1,4
BRDA:194,44,0,93
BRDA:194,44,1,7
BRDA:197,45,0,34
BRDA:197,45,1,59
BRDA:197,46,0,9
BRDA:197,46,1,84
BRDA:197,47,0,93
BRDA:197,47,1,93
BRDA:199,48,0,1
BRDA:199,48,1,33
BRDA:200,49,0,1
BRDA:200,49,1,33
BRDA:206,50,0,34
BRDA:206,50,1,0
BRDA:212,51,0,67
BRDA:212,51,1,22
BRDA:216,52,0,22
BRDA:216,52,1,67
BRDA:218,53,0,11
BRDA:218,53,1,11
BRDA:218,54,0,20
BRDA:218,54,1,12
BRDA:223,55,0,11
BRDA:223,55,1,56
BRDA:223,56,0,67
BRDA:223,56,1,56
BRDA:227,57,0,22
BRDA:227,57,1,67
BRDA:230,58,0,11
BRDA:230,58,1,11
BRDA:232,59,0,22
BRDA:232,59,1,0
BRDA:238,60,0,12
BRDA:238,60,1,77
BRDA:238,61,0,89
BRDA:238,61,1,16
BRDA:241,62,0,0
BRDA:241,62,1,12
BRDA:247,63,0,10
BRDA:247,63,1,2
BRDA:271,64,0,13
BRDA:271,64,1,24
BRDA:277,65,0,27
BRDA:277,65,1,10
BRDA:285,66,0,21
BRDA:286,67,0,14
BRDA:286,67,1,21
BRDA:290,68,0,0
BRDA:290,68,1,35
BRDA:294,69,0,0
BRDA:294,69,1,35
BRDA:298,70,0,25
BRDA:298,70,1,10
BRDA:300,71,0,11
BRDA:300,71,1,14
BRDA:307,72,0,372
BRDA:307,72,1,376
BRDA:311,73,0,122
BRDA:311,73,1,254
BRDA:318,74,0,13
BRDA:318,74,1,24
BRDA:327,75,0,4
BRDA:327,75,1,36
BRDA:335,76,0,37
BRDA:335,76,1,0
BRDA:338,77,0,4
BRDA:338,77,1,54
BRDA:346,78,0,4
BRDA:346,78,1,18
BRDA:354,79,0,37
BRDA:354,79,1,0
BRDA:360,80,0,24
BRDA:360,80,1,65
BRDA:360,81,0,89
BRDA:360,81,1,24
BRDA:363,82,0,4
BRDA:363,82,1,61
BRDA:363,83,0,65
BRDA:363,83,1,4
BRDA:371,84,0,12
BRDA:371,84,1,15
BRDA:371,85,0,27
BRDA:371,85,1,27
BRDA:371,85,2,13
BRDA:379,86,0,0
BRDA:379,86,1,12
BRDA:381,87,0,0
BRDA:381,87,1,0
BRDA:383,88,0,0
BRDA:383,88,1,0
BRDA:390,89,0,26
BRDA:390,89,1,12
BRDA:393,90,0,26
BRDA:393,90,1,12
BRDA:396,91,0,110
BRDA:396,91,1,104
BRDA:396,91,2,62
BRDA:399,92,0,88
BRDA:399,92,1,61
BRDA:402,93,0,174
BRDA:402,93,1,77
BRDA:407,94,0,25
BRDA:407,94,1,25
BRDA:407,94,2,14
BRDA:409,95,0,25
BRDA:409,95,1,25
BRDA:413,96,0,7
BRDA:413,96,1,26
BRDA:418,97,0,33
BRDA:418,97,1,0
BRDA:422,98,0,11
BRDA:422,98,1,36
BRDA:437,99,0,0
BRDA:437,99,1,36
BRDA:441,100,0,22
BRDA:441,100,1,14
BRDA:445,101,0,0
BRDA:445,101,1,36
BRDA:449,102,0,0
BRDA:449,102,1,36
BRDA:453,103,0,0
BRDA:453,103,1,36
BRDA:457,104,0,0
BRDA:457,104,1,36
BRDA:457,105,0,36
BRDA:457,105,1,36
BRDA:462,106,0,22
BRDA:462,106,1,14
BRDA:469,107,0,12
BRDA:469,107,1,0
BRDA:469,108,0,9
BRDA:469,108,1,3
BRDA:469,109,0,12
BRDA:469,109,1,12
BRDA:471,110,0,9
BRDA:471,110,1,3
BRDA:471,111,0,12
BRDA:471,111,1,3
BRDA:474,112,0,0
BRDA:474,112,1,12
BRDA:489,113,0,10
BRDA:489,113,1,2
BRDA:495,114,0,1
BRDA:495,114,1,3
BRDA:498,115,0,1
BRDA:498,115,1,265
BRDA:503,116,0,435
BRDA:503,116,1,0
BRDA:503,117,0,435
BRDA:503,117,1,435
BRDA:504,118,0,435
BRDA:504,118,1,273
BRDA:504,118,2,9
BRDA:504,118,3,9
BRDA:505,119,0,1065
BRDA:505,119,1,273
BRDA:510,120,0,3
BRDA:510,120,1,262
BRDA:514,121,0,3
BRDA:514,121,1,259
BRDA:521,122,0,9
BRDA:521,122,1,0
BRDA:521,123,0,9
BRDA:521,123,1,9
BRDA:522,124,0,9
BRDA:522,124,1,3
BRDA:522,125,0,23
BRDA:522,125,1,8
BRDA:523,126,0,3
BRDA:523,126,1,3
BRDA:524,127,0,2
BRDA:524,127,1,1
BRF:260
BRH:217
end_of_record
