TN:
SF:dist\adapter\virtual-agv-adapter.js
FN:7,(anonymous_0)
FN:14,(anonymous_1)
FN:17,(anonymous_2)
FN:20,(anonymous_3)
FN:23,(anonymous_4)
FN:26,(anonymous_5)
FN:47,(anonymous_6)
FN:65,(anonymous_7)
FN:69,(anonymous_8)
FN:85,(anonymous_9)
FN:85,(anonymous_10)
FN:88,(anonymous_11)
FN:89,(anonymous_12)
FN:94,(anonymous_13)
FN:95,(anonymous_14)
FN:100,(anonymous_15)
FN:109,(anonymous_16)
FN:110,(anonymous_17)
FN:113,(anonymous_18)
FN:124,(anonymous_19)
FN:148,(anonymous_20)
FN:159,(anonymous_21)
FN:162,(anonymous_22)
FN:168,(anonymous_23)
FN:171,(anonymous_24)
FN:177,(anonymous_25)
FN:184,(anonymous_26)
FN:187,(anonymous_27)
FN:195,(anonymous_28)
FN:196,(anonymous_29)
FN:197,(anonymous_30)
FN:199,(anonymous_31)
FN:206,(anonymous_32)
FN:207,(anonymous_33)
FN:210,(anonymous_34)
FN:218,(anonymous_35)
FN:219,(anonymous_36)
FN:220,(anonymous_37)
FN:222,(anonymous_38)
FN:229,(anonymous_39)
FN:230,(anonymous_40)
FN:233,(anonymous_41)
FN:241,(anonymous_42)
FN:242,(anonymous_43)
FN:243,(anonymous_44)
FN:244,(anonymous_45)
FN:245,(anonymous_46)
FN:246,(anonymous_47)
FN:252,(anonymous_48)
FN:253,(anonymous_49)
FN:256,(anonymous_50)
FN:263,(anonymous_51)
FN:267,(anonymous_52)
FN:268,(anonymous_53)
FN:271,(anonymous_54)
FN:278,(anonymous_55)
FN:282,(anonymous_56)
FN:283,(anonymous_57)
FN:286,(anonymous_58)
FN:294,(anonymous_59)
FN:296,(anonymous_60)
FN:304,(anonymous_61)
FN:305,(anonymous_62)
FN:308,(anonymous_63)
FN:316,(anonymous_64)
FN:318,(anonymous_65)
FN:324,(anonymous_66)
FN:325,(anonymous_67)
FN:328,(anonymous_68)
FN:336,(anonymous_69)
FN:341,(anonymous_70)
FN:344,(anonymous_71)
FN:350,(anonymous_72)
FN:358,(anonymous_73)
FN:366,(anonymous_74)
FN:380,(anonymous_75)
FN:391,(anonymous_76)
FN:412,(anonymous_77)
FN:419,(anonymous_78)
FN:422,(anonymous_79)
FN:439,(anonymous_80)
FN:440,(anonymous_81)
FN:443,(anonymous_82)
FN:446,(anonymous_83)
FN:453,(anonymous_84)
FN:512,(anonymous_85)
FN:538,(anonymous_86)
FN:550,(anonymous_87)
FN:557,(anonymous_88)
FN:559,(anonymous_89)
FN:560,(anonymous_90)
FN:561,(anonymous_91)
FN:562,(anonymous_92)
FN:563,(anonymous_93)
FN:564,(anonymous_94)
FN:573,(anonymous_95)
FN:589,(anonymous_96)
FN:607,(anonymous_97)
FN:618,(anonymous_98)
FN:626,(anonymous_99)
FN:627,(anonymous_100)
FN:645,(anonymous_101)
FN:663,(anonymous_102)
FN:664,(anonymous_103)
FN:674,getTransitionDuration
FN:684,(anonymous_105)
FN:694,(anonymous_106)
FN:704,(anonymous_107)
FN:706,(anonymous_108)
FN:710,(anonymous_109)
FN:760,(anonymous_110)
FN:767,(anonymous_111)
FN:774,(anonymous_112)
FN:778,(anonymous_113)
FN:782,(anonymous_114)
FNF:115
FNH:95
FNDA:3,(anonymous_0)
FNDA:756,(anonymous_1)
FNDA:102,(anonymous_2)
FNDA:1,(anonymous_3)
FNDA:6,(anonymous_4)
FNDA:3,(anonymous_5)
FNDA:310,(anonymous_6)
FNDA:3,(anonymous_7)
FNDA:17,(anonymous_8)
FNDA:16,(anonymous_9)
FNDA:34,(anonymous_10)
FNDA:0,(anonymous_11)
FNDA:0,(anonymous_12)
FNDA:0,(anonymous_13)
FNDA:0,(anonymous_14)
FNDA:28,(anonymous_15)
FNDA:49,(anonymous_16)
FNDA:63,(anonymous_17)
FNDA:121,(anonymous_18)
FNDA:11,(anonymous_19)
FNDA:31,(anonymous_20)
FNDA:11,(anonymous_21)
FNDA:1,(anonymous_22)
FNDA:0,(anonymous_23)
FNDA:51,(anonymous_24)
FNDA:2,(anonymous_25)
FNDA:0,(anonymous_26)
FNDA:0,(anonymous_27)
FNDA:7,(anonymous_28)
FNDA:7,(anonymous_29)
FNDA:7,(anonymous_30)
FNDA:4,(anonymous_31)
FNDA:4,(anonymous_32)
FNDA:4,(anonymous_33)
FNDA:0,(anonymous_34)
FNDA:8,(anonymous_35)
FNDA:8,(anonymous_36)
FNDA:8,(anonymous_37)
FNDA:5,(anonymous_38)
FNDA:4,(anonymous_39)
FNDA:4,(anonymous_40)
FNDA:0,(anonymous_41)
FNDA:2,(anonymous_42)
FNDA:2,(anonymous_43)
FNDA:2,(anonymous_44)
FNDA:2,(anonymous_45)
FNDA:2,(anonymous_46)
FNDA:2,(anonymous_47)
FNDA:2,(anonymous_48)
FNDA:2,(anonymous_49)
FNDA:0,(anonymous_50)
FNDA:1,(anonymous_51)
FNDA:1,(anonymous_52)
FNDA:1,(anonymous_53)
FNDA:0,(anonymous_54)
FNDA:1,(anonymous_55)
FNDA:1,(anonymous_56)
FNDA:1,(anonymous_57)
FNDA:0,(anonymous_58)
FNDA:1,(anonymous_59)
FNDA:1,(anonymous_60)
FNDA:1,(anonymous_61)
FNDA:1,(anonymous_62)
FNDA:0,(anonymous_63)
FNDA:1,(anonymous_64)
FNDA:1,(anonymous_65)
FNDA:1,(anonymous_66)
FNDA:1,(anonymous_67)
FNDA:0,(anonymous_68)
FNDA:2,(anonymous_69)
FNDA:2,(anonymous_70)
FNDA:0,(anonymous_71)
FNDA:11,(anonymous_72)
FNDA:11,(anonymous_73)
FNDA:6,(anonymous_74)
FNDA:13,(anonymous_75)
FNDA:2,(anonymous_76)
FNDA:13,(anonymous_77)
FNDA:35,(anonymous_78)
FNDA:3,(anonymous_79)
FNDA:51,(anonymous_80)
FNDA:206,(anonymous_81)
FNDA:16,(anonymous_82)
FNDA:310,(anonymous_83)
FNDA:310,(anonymous_84)
FNDA:310,(anonymous_85)
FNDA:4,(anonymous_86)
FNDA:4,(anonymous_87)
FNDA:2,(anonymous_88)
FNDA:2,(anonymous_89)
FNDA:4,(anonymous_90)
FNDA:6,(anonymous_91)
FNDA:8,(anonymous_92)
FNDA:10,(anonymous_93)
FNDA:11,(anonymous_94)
FNDA:1,(anonymous_95)
FNDA:1,(anonymous_96)
FNDA:1,(anonymous_97)
FNDA:1,(anonymous_98)
FNDA:2,(anonymous_99)
FNDA:2,(anonymous_100)
FNDA:2,(anonymous_101)
FNDA:2,(anonymous_102)
FNDA:4,(anonymous_103)
FNDA:28,getTransitionDuration
FNDA:32,(anonymous_105)
FNDA:16,(anonymous_106)
FNDA:78,(anonymous_107)
FNDA:0,(anonymous_108)
FNDA:34,(anonymous_109)
FNDA:0,(anonymous_110)
FNDA:0,(anonymous_111)
FNDA:0,(anonymous_112)
FNDA:0,(anonymous_113)
FNDA:34,(anonymous_114)
DA:3,7
DA:4,7
DA:5,7
DA:8,3
DA:9,3
DA:10,3
DA:11,3
DA:12,3
DA:15,756
DA:18,102
DA:21,1
DA:24,6
DA:27,3
DA:28,3
DA:44,3
DA:45,3
DA:46,3
DA:47,3
DA:48,310
DA:49,310
DA:50,310
DA:51,310
DA:53,3
DA:54,3
DA:66,3
DA:67,3
DA:70,17
DA:71,17
DA:72,17
DA:73,13
DA:74,13
DA:75,1
DA:79,1
DA:82,16
DA:83,0
DA:85,34
DA:86,16
DA:89,0
DA:90,0
DA:91,0
DA:95,0
DA:96,0
DA:97,0
DA:102,28
DA:103,28
DA:104,28
DA:105,28
DA:106,3
DA:108,25
DA:109,49
DA:110,23
DA:112,63
DA:113,121
DA:114,63
DA:115,3
DA:118,23
DA:119,2
DA:122,28
DA:125,11
DA:126,11
DA:127,9
DA:129,2
DA:130,2
DA:131,2
DA:132,1
DA:133,1
DA:135,2
DA:136,2
DA:137,1
DA:139,2
DA:140,2
DA:142,0
DA:143,0
DA:144,0
DA:146,0
DA:149,31
DA:150,31
DA:151,51
DA:152,51
DA:153,1
DA:154,1
DA:157,31
DA:160,11
DA:163,1
DA:164,1
DA:165,1
DA:166,1
DA:169,0
DA:172,51
DA:177,2
DA:184,0
DA:187,0
DA:195,7
DA:196,7
DA:197,7
DA:199,4
DA:206,4
DA:207,4
DA:210,0
DA:218,8
DA:219,8
DA:220,8
DA:222,5
DA:229,4
DA:230,4
DA:233,0
DA:241,2
DA:242,2
DA:243,2
DA:244,2
DA:245,2
DA:246,2
DA:252,2
DA:253,2
DA:256,0
DA:263,1
DA:267,1
DA:268,1
DA:271,0
DA:278,1
DA:282,1
DA:283,1
DA:286,0
DA:294,1
DA:296,1
DA:304,1
DA:305,1
DA:308,0
DA:316,1
DA:318,1
DA:324,1
DA:325,1
DA:328,0
DA:336,2
DA:341,2
DA:344,0
DA:351,11
DA:352,11
DA:353,11
DA:354,11
DA:355,11
DA:356,11
DA:359,11
DA:360,11
DA:361,11
DA:362,11
DA:363,11
DA:364,11
DA:367,6
DA:368,6
DA:369,6
DA:370,6
DA:371,10
DA:372,10
DA:373,10
DA:374,10
DA:376,10
DA:378,6
DA:381,13
DA:382,0
DA:384,13
DA:385,0
DA:388,13
DA:392,2
DA:393,2
DA:394,0
DA:396,2
DA:397,4
DA:398,6
DA:404,6
DA:405,6
DA:406,0
DA:410,2
DA:413,13
DA:414,13
DA:415,13
DA:416,13
DA:417,13
DA:420,35
DA:423,3
DA:437,3
DA:440,206
DA:444,16
DA:447,310
DA:448,34
DA:450,310
DA:451,310
DA:455,310
DA:456,286
DA:458,24
DA:459,24
DA:460,24
DA:461,24
DA:462,24
DA:463,24
DA:464,11
DA:465,0
DA:467,11
DA:468,11
DA:469,11
DA:472,13
DA:473,13
DA:474,13
DA:475,11
DA:476,11
DA:477,11
DA:478,11
DA:479,11
DA:480,11
DA:481,11
DA:482,11
DA:483,11
DA:486,2
DA:487,2
DA:488,2
DA:489,2
DA:490,2
DA:491,2
DA:492,2
DA:493,2
DA:494,0
DA:495,0
DA:496,0
DA:507,0
DA:513,310
DA:514,291
DA:516,19
DA:517,19
DA:518,19
DA:519,19
DA:520,19
DA:521,19
DA:522,19
DA:523,19
DA:525,19
DA:526,0
DA:527,0
DA:529,19
DA:530,19
DA:531,9
DA:532,9
DA:534,19
DA:535,0
DA:539,4
DA:545,4
DA:546,4
DA:551,4
DA:552,4
DA:553,4
DA:559,2
DA:560,4
DA:561,6
DA:562,8
DA:563,10
DA:564,11
DA:565,2
DA:566,2
DA:567,2
DA:574,1
DA:575,0
DA:577,1
DA:578,0
DA:580,1
DA:581,1
DA:582,1
DA:583,0
DA:584,0
DA:587,1
DA:590,1
DA:591,0
DA:593,1
DA:594,1
DA:595,1
DA:596,1
DA:597,0
DA:598,0
DA:601,1
DA:604,0
DA:608,1
DA:609,0
DA:611,1
DA:612,0
DA:614,1
DA:615,1
DA:616,1
DA:619,1
DA:620,0
DA:622,1
DA:623,1
DA:624,1
DA:627,2
DA:628,2
DA:629,2
DA:630,2
DA:631,2
DA:632,2
DA:633,0
DA:635,2
DA:636,2
DA:640,0
DA:642,2
DA:643,2
DA:647,2
DA:648,2
DA:649,4
DA:650,4
DA:651,6
DA:652,6
DA:653,6
DA:654,6
DA:657,0
DA:661,2
DA:662,2
DA:663,2
DA:664,4
DA:665,2
DA:666,2
DA:668,2
DA:670,2
DA:673,7
DA:676,28
DA:677,28
DA:678,12
DA:680,16
DA:683,16
DA:684,32
DA:685,16
DA:686,4
DA:688,12
DA:691,0
DA:695,16
DA:696,16
DA:697,16
DA:698,16
DA:699,16
DA:700,16
DA:701,16
DA:702,16
DA:703,16
DA:704,78
DA:707,0
DA:711,34
DA:712,0
DA:714,34
DA:715,0
DA:716,0
DA:717,0
DA:719,34
DA:720,0
DA:721,0
DA:722,0
DA:723,0
DA:725,34
DA:726,16
DA:727,16
DA:729,18
DA:730,0
DA:731,0
DA:735,0
DA:737,18
DA:738,0
DA:739,0
DA:743,0
DA:745,18
DA:746,0
DA:748,18
DA:749,18
DA:750,18
DA:751,18
DA:752,18
DA:753,18
DA:754,18
DA:757,0
DA:761,0
DA:762,0
DA:764,0
DA:765,0
DA:768,0
DA:769,0
DA:771,0
DA:772,0
DA:775,0
DA:776,0
DA:779,0
DA:780,0
DA:784,34
DA:785,34
DA:786,16
DA:787,16
DA:788,16
DA:789,16
DA:791,34
DA:792,34
DA:798,34
DA:799,34
LF:395
LH:317
BRDA:27,0,0,3
BRDA:27,0,1,0
BRDA:72,1,0,13
BRDA:72,1,1,4
BRDA:74,2,0,1
BRDA:74,2,1,12
BRDA:82,3,0,0
BRDA:82,3,1,16
BRDA:82,4,0,16
BRDA:82,4,1,14
BRDA:85,5,0,2
BRDA:85,5,1,14
BRDA:85,6,0,16
BRDA:85,6,1,15
BRDA:90,7,0,0
BRDA:90,7,1,0
BRDA:96,8,0,0
BRDA:96,8,1,0
BRDA:105,9,0,3
BRDA:105,9,1,25
BRDA:108,10,0,23
BRDA:108,10,1,2
BRDA:109,11,0,20
BRDA:109,11,1,3
BRDA:109,12,0,23
BRDA:109,12,1,23
BRDA:109,13,0,3
BRDA:109,13,1,20
BRDA:109,14,0,23
BRDA:109,14,1,23
BRDA:113,15,0,5
BRDA:113,15,1,58
BRDA:113,16,0,63
BRDA:113,16,1,63
BRDA:114,17,0,3
BRDA:114,17,1,60
BRDA:114,18,0,18
BRDA:114,18,1,45
BRDA:114,19,0,63
BRDA:114,19,1,63
BRDA:118,20,0,2
BRDA:118,20,1,21
BRDA:126,21,0,9
BRDA:126,21,1,2
BRDA:131,22,0,1
BRDA:131,22,1,1
BRDA:135,23,0,2
BRDA:135,23,1,2
BRDA:136,24,0,1
BRDA:136,24,1,1
BRDA:139,25,0,2
BRDA:139,25,1,0
BRDA:142,26,0,0
BRDA:142,26,1,0
BRDA:143,27,0,0
BRDA:143,27,1,0
BRDA:152,28,0,1
BRDA:152,28,1,50
BRDA:152,29,0,51
BRDA:152,29,1,25
BRDA:164,30,0,1
BRDA:164,30,1,0
BRDA:165,31,0,1
BRDA:165,31,1,0
BRDA:177,32,0,2
BRDA:177,32,1,2
BRDA:195,33,0,7
BRDA:195,33,1,6
BRDA:197,34,0,7
BRDA:197,34,1,1
BRDA:199,35,0,0
BRDA:199,35,1,4
BRDA:218,36,0,8
BRDA:218,36,1,8
BRDA:220,37,0,8
BRDA:220,37,1,1
BRDA:222,38,0,4
BRDA:222,38,1,1
BRDA:246,39,0,1
BRDA:246,39,1,1
BRDA:263,40,0,0
BRDA:263,40,1,1
BRDA:278,41,0,1
BRDA:278,41,1,0
BRDA:294,42,0,1
BRDA:294,42,1,0
BRDA:296,43,0,0
BRDA:296,43,1,1
BRDA:298,44,0,0
BRDA:298,44,1,1
BRDA:298,45,0,1
BRDA:298,45,1,0
BRDA:316,46,0,1
BRDA:316,46,1,0
BRDA:318,47,0,1
BRDA:318,47,1,0
BRDA:350,48,0,0
BRDA:358,49,0,0
BRDA:370,50,0,16
BRDA:370,50,1,10
BRDA:373,51,0,10
BRDA:373,51,1,0
BRDA:380,52,0,0
BRDA:381,53,0,0
BRDA:381,53,1,13
BRDA:382,54,0,0
BRDA:382,54,1,0
BRDA:384,55,0,0
BRDA:384,55,1,13
BRDA:385,56,0,0
BRDA:385,56,1,0
BRDA:388,57,0,13
BRDA:388,57,1,0
BRDA:393,58,0,0
BRDA:393,58,1,2
BRDA:393,59,0,2
BRDA:393,59,1,2
BRDA:405,60,0,0
BRDA:405,60,1,6
BRDA:405,61,0,6
BRDA:405,61,1,6
BRDA:440,62,0,206
BRDA:440,62,1,49
BRDA:440,62,2,13
BRDA:455,63,0,286
BRDA:455,63,1,24
BRDA:455,64,0,310
BRDA:455,64,1,24
BRDA:455,64,2,24
BRDA:463,65,0,11
BRDA:463,65,1,13
BRDA:464,66,0,0
BRDA:464,66,1,11
BRDA:474,67,0,11
BRDA:474,67,1,2
BRDA:477,68,0,0
BRDA:477,68,1,11
BRDA:477,69,0,11
BRDA:477,69,1,11
BRDA:489,70,0,0
BRDA:489,70,1,2
BRDA:489,71,0,2
BRDA:489,71,1,2
BRDA:493,72,0,0
BRDA:493,72,1,2
BRDA:513,73,0,291
BRDA:513,73,1,19
BRDA:513,74,0,310
BRDA:513,74,1,19
BRDA:525,75,0,0
BRDA:525,75,1,19
BRDA:525,76,0,19
BRDA:525,76,1,0
BRDA:530,77,0,9
BRDA:530,77,1,10
BRDA:531,78,0,9
BRDA:531,78,1,0
BRDA:534,79,0,0
BRDA:534,79,1,19
BRDA:564,80,0,1
BRDA:564,80,1,1
BRDA:564,81,0,2
BRDA:564,81,1,2
BRDA:570,82,0,1
BRDA:570,82,1,1
BRDA:570,83,0,2
BRDA:570,83,1,2
BRDA:574,84,0,0
BRDA:574,84,1,1
BRDA:577,85,0,0
BRDA:577,85,1,1
BRDA:583,86,0,0
BRDA:583,86,1,0
BRDA:590,87,0,0
BRDA:590,87,1,1
BRDA:595,88,0,1
BRDA:595,88,1,0
BRDA:597,89,0,0
BRDA:597,89,1,0
BRDA:608,90,0,0
BRDA:608,90,1,1
BRDA:611,91,0,0
BRDA:611,91,1,1
BRDA:619,92,0,0
BRDA:619,92,1,1
BRDA:632,93,0,0
BRDA:632,93,1,2
BRDA:651,94,0,6
BRDA:651,94,1,0
BRDA:663,95,0,2
BRDA:663,95,1,2
BRDA:664,96,0,4
BRDA:664,96,1,2
BRDA:665,97,0,2
BRDA:665,97,1,0
BRDA:665,98,0,2
BRDA:665,98,1,2
BRDA:676,99,0,28
BRDA:676,99,1,0
BRDA:677,100,0,12
BRDA:677,100,1,16
BRDA:680,101,0,16
BRDA:680,101,1,0
BRDA:680,102,0,16
BRDA:680,102,1,16
BRDA:680,102,2,16
BRDA:684,103,0,2
BRDA:684,103,1,14
BRDA:684,104,0,16
BRDA:684,104,1,16
BRDA:685,105,0,4
BRDA:685,105,1,12
BRDA:707,106,0,0
BRDA:707,106,1,0
BRDA:711,107,0,0
BRDA:711,107,1,34
BRDA:711,108,0,34
BRDA:711,108,1,34
BRDA:714,109,0,0
BRDA:714,109,1,34
BRDA:714,110,0,34
BRDA:714,110,1,0
BRDA:715,111,0,0
BRDA:715,111,1,0
BRDA:719,112,0,0
BRDA:719,112,1,34
BRDA:719,113,0,34
BRDA:719,113,1,34
BRDA:725,114,0,16
BRDA:725,114,1,18
BRDA:729,115,0,0
BRDA:729,115,1,18
BRDA:729,116,0,18
BRDA:729,116,1,0
BRDA:733,117,0,0
BRDA:733,117,1,0
BRDA:737,118,0,0
BRDA:737,118,1,18
BRDA:741,119,0,0
BRDA:741,119,1,0
BRDA:745,120,0,0
BRDA:745,120,1,18
BRDA:752,121,0,18
BRDA:752,121,1,0
BRDA:752,122,0,18
BRDA:752,122,1,18
BRDA:761,123,0,0
BRDA:761,123,1,0
BRDA:761,124,0,0
BRDA:761,124,1,0
BRDA:768,125,0,0
BRDA:768,125,1,0
BRDA:768,126,0,0
BRDA:768,126,1,0
BRDA:768,126,2,0
BRDA:785,127,0,16
BRDA:785,127,1,18
BRDA:785,128,0,34
BRDA:785,128,1,18
BRDA:791,129,0,34
BRDA:791,129,1,0
BRDA:791,130,0,34
BRDA:791,130,1,34
BRDA:794,131,0,14
BRDA:794,131,1,20
BRDA:795,132,0,16
BRDA:795,132,1,18
BRDA:796,133,0,0
BRDA:796,133,1,34
BRF:269
BRH:182
end_of_record
TN:
SF:dist\client\agv-client.js
FN:7,(anonymous_0)
FN:12,(anonymous_1)
FN:15,(anonymous_2)
FN:18,(anonymous_3)
FN:47,(anonymous_4)
FN:57,(anonymous_5)
FN:60,(anonymous_6)
FNF:7
FNH:7
FNDA:5,(anonymous_0)
FNDA:196,(anonymous_1)
FNDA:12,(anonymous_2)
FNDA:208,(anonymous_3)
FNDA:6,(anonymous_4)
FNDA:6,(anonymous_5)
FNDA:6,(anonymous_6)
DA:3,7
DA:4,7
DA:5,7
DA:8,5
DA:9,5
DA:10,5
DA:13,196
DA:16,12
DA:19,208
DA:21,14
DA:22,1
DA:24,13
DA:26,5
DA:27,1
DA:29,4
DA:31,6
DA:32,1
DA:34,5
DA:36,139
DA:37,1
DA:39,138
DA:41,44
DA:42,1
DA:44,43
DA:48,6
DA:58,6
DA:61,6
DA:64,7
LF:28
LH:28
BRDA:19,0,0,14
BRDA:19,0,1,5
BRDA:19,0,2,6
BRDA:19,0,3,139
BRDA:19,0,4,44
BRDA:21,1,0,1
BRDA:21,1,1,13
BRDA:26,2,0,1
BRDA:26,2,1,4
BRDA:31,3,0,1
BRDA:31,3,1,5
BRDA:36,4,0,1
BRDA:36,4,1,138
BRDA:41,5,0,1
BRDA:41,5,1,43
BRF:15
BRH:15
end_of_record
TN:
SF:dist\client\master-control-client.js
FN:7,(anonymous_0)
FN:11,(anonymous_1)
FN:14,(anonymous_2)
FN:17,(anonymous_3)
FN:23,(anonymous_4)
FN:32,(anonymous_5)
FN:36,(anonymous_6)
FN:43,(anonymous_7)
FN:48,(anonymous_8)
FN:49,(anonymous_9)
FN:57,(anonymous_10)
FNF:11
FNH:11
FNDA:4,(anonymous_0)
FNDA:53,(anonymous_1)
FNDA:11,(anonymous_2)
FNDA:3,(anonymous_3)
FNDA:3,(anonymous_4)
FNDA:26,(anonymous_5)
FNDA:8,(anonymous_6)
FNDA:6,(anonymous_7)
FNDA:6,(anonymous_8)
FNDA:15,(anonymous_9)
FNDA:70,(anonymous_10)
DA:3,7
DA:4,7
DA:5,7
DA:8,4
DA:9,4
DA:12,53
DA:15,11
DA:18,3
DA:19,1
DA:22,2
DA:23,2
DA:24,3
DA:25,3
DA:28,3
DA:29,1
DA:33,26
DA:34,26
DA:37,8
DA:38,8
DA:39,6
DA:41,8
DA:44,6
DA:45,6
DA:46,6
DA:49,6
DA:50,15
DA:51,15
DA:52,13
DA:54,2
DA:58,70
DA:60,8
DA:61,1
DA:63,7
DA:65,12
DA:66,1
DA:68,11
DA:70,40
DA:71,1
DA:73,39
DA:75,6
DA:76,1
DA:78,5
DA:80,4
DA:81,1
DA:83,3
DA:87,7
LF:46
LH:46
BRDA:18,0,0,1
BRDA:18,0,1,2
BRDA:34,1,0,12
BRDA:34,1,1,14
BRDA:51,2,0,13
BRDA:51,2,1,2
BRDA:58,3,0,8
BRDA:58,3,1,12
BRDA:58,3,2,40
BRDA:58,3,3,6
BRDA:58,3,4,4
BRDA:60,4,0,1
BRDA:60,4,1,7
BRDA:65,5,0,1
BRDA:65,5,1,11
BRDA:70,6,0,1
BRDA:70,6,1,39
BRDA:75,7,0,1
BRDA:75,7,1,5
BRDA:80,8,0,1
BRDA:80,8,1,3
BRF:21
BRH:21
end_of_record
TN:
SF:dist\common\agvid-map.js
FN:6,(anonymous_0)
FN:9,(anonymous_1)
FN:11,(anonymous_2)
FN:14,(anonymous_3)
FN:21,(anonymous_4)
FN:29,(anonymous_5)
FN:39,(anonymous_6)
FN:42,(anonymous_7)
FNF:8
FNH:8
FNDA:9,(anonymous_0)
FNDA:8,(anonymous_1)
FNDA:4,(anonymous_2)
FNDA:1286,(anonymous_3)
FNDA:42,(anonymous_4)
FNDA:25,(anonymous_5)
FNDA:7,(anonymous_6)
FNDA:13,(anonymous_7)
DA:3,7
DA:4,7
DA:7,9
DA:10,8
DA:11,8
DA:12,8
DA:15,1286
DA:16,1286
DA:17,662
DA:19,624
DA:22,42
DA:23,42
DA:24,29
DA:25,29
DA:27,42
DA:30,25
DA:31,25
DA:32,1
DA:34,24
DA:35,24
DA:36,22
DA:40,7
DA:43,13
DA:44,8
DA:45,9
DA:50,7
LF:26
LH:26
BRDA:16,0,0,662
BRDA:16,0,1,624
BRDA:23,1,0,29
BRDA:23,1,1,13
BRDA:31,2,0,1
BRDA:31,2,1,24
BRDA:35,3,0,22
BRDA:35,3,1,2
BRF:8
BRH:8
end_of_record
TN:
SF:dist\common\client-types.js
FN:6,(anonymous_0)
FN:13,isExtensionTopic
FN:23,(anonymous_2)
FN:33,isPlainObject
FNF:4
FNH:4
FNDA:7,(anonymous_0)
FNDA:382,isExtensionTopic
FNDA:7,(anonymous_2)
FNDA:12,isPlainObject
DA:3,7
DA:4,7
DA:6,7
DA:7,7
DA:8,7
DA:9,7
DA:10,7
DA:11,7
DA:14,382
DA:15,1093
DA:16,365
DA:19,17
DA:21,7
DA:23,7
DA:24,7
DA:25,7
DA:26,7
DA:27,7
DA:28,7
DA:29,7
DA:30,7
DA:31,7
DA:34,12
DA:35,2
DA:37,10
DA:38,10
DA:40,7
LF:27
LH:27
BRDA:12,0,0,7
BRDA:12,0,1,7
BRDA:15,1,0,365
BRDA:15,1,1,728
BRDA:32,2,0,7
BRDA:32,2,1,7
BRDA:34,3,0,2
BRDA:34,3,1,10
BRDA:34,4,0,12
BRDA:34,4,1,11
BRDA:38,5,0,10
BRDA:38,5,1,10
BRF:12
BRH:12
end_of_record
TN:
SF:dist\common\client.js
FN:12,createUuid
FN:17,(anonymous_1)
FN:31,(anonymous_2)
FN:34,(anonymous_3)
FN:37,(anonymous_4)
FN:40,(anonymous_5)
FN:49,(anonymous_6)
FN:60,(anonymous_7)
FN:65,(anonymous_8)
FN:77,(anonymous_9)
FN:89,(anonymous_10)
FN:93,(anonymous_11)
FN:96,(anonymous_12)
FN:99,(anonymous_13)
FN:102,(anonymous_14)
FN:104,(anonymous_15)
FN:106,(anonymous_16)
FN:109,(anonymous_17)
FN:124,(anonymous_18)
FN:140,(anonymous_19)
FN:152,(anonymous_20)
FN:160,(anonymous_21)
FN:172,(anonymous_22)
FN:184,(anonymous_23)
FN:186,(anonymous_24)
FN:207,(anonymous_25)
FN:243,(anonymous_26)
FN:246,(anonymous_27)
FN:271,(anonymous_28)
FN:274,(anonymous_29)
FN:276,(anonymous_30)
FN:283,(anonymous_31)
FN:288,(anonymous_32)
FN:296,(anonymous_33)
FN:299,(anonymous_34)
FN:302,(anonymous_35)
FN:306,(anonymous_36)
FN:310,(anonymous_37)
FN:314,(anonymous_38)
FN:319,(anonymous_39)
FN:325,(anonymous_40)
FN:326,(anonymous_41)
FN:332,(anonymous_42)
FN:339,(anonymous_43)
FN:365,(anonymous_44)
FN:377,(anonymous_45)
FN:400,(anonymous_46)
FN:403,(anonymous_47)
FN:415,(anonymous_48)
FN:430,(anonymous_49)
FN:441,(anonymous_50)
FNF:51
FNH:51
FNDA:56,createUuid
FNDA:25,(anonymous_1)
FNDA:1037,(anonymous_2)
FNDA:7,(anonymous_3)
FNDA:5,(anonymous_4)
FNDA:39,(anonymous_5)
FNDA:41,(anonymous_6)
FNDA:12,(anonymous_7)
FNDA:10,(anonymous_8)
FNDA:8,(anonymous_9)
FNDA:5,(anonymous_10)
FNDA:8,(anonymous_11)
FNDA:345,(anonymous_12)
FNDA:3,(anonymous_13)
FNDA:24,(anonymous_14)
FNDA:30,(anonymous_15)
FNDA:6,(anonymous_16)
FNDA:318,(anonymous_17)
FNDA:272,(anonymous_18)
FNDA:270,(anonymous_19)
FNDA:80,(anonymous_20)
FNDA:51,(anonymous_21)
FNDA:46,(anonymous_22)
FNDA:87,(anonymous_23)
FNDA:371,(anonymous_24)
FNDA:617,(anonymous_25)
FNDA:36,(anonymous_26)
FNDA:38,(anonymous_27)
FNDA:38,(anonymous_28)
FNDA:4,(anonymous_29)
FNDA:4,(anonymous_30)
FNDA:36,(anonymous_31)
FNDA:37,(anonymous_32)
FNDA:37,(anonymous_33)
FNDA:1,(anonymous_34)
FNDA:39,(anonymous_35)
FNDA:1,(anonymous_36)
FNDA:3,(anonymous_37)
FNDA:353,(anonymous_38)
FNDA:36,(anonymous_39)
FNDA:36,(anonymous_40)
FNDA:36,(anonymous_41)
FNDA:102,(anonymous_42)
FNDA:353,(anonymous_43)
FNDA:25,(anonymous_44)
FNDA:394,(anonymous_45)
FNDA:1119,(anonymous_46)
FNDA:38,(anonymous_47)
FNDA:304,(anonymous_48)
FNDA:321,(anonymous_49)
FNDA:321,(anonymous_50)
DA:3,7
DA:4,7
DA:5,7
DA:6,7
DA:7,7
DA:8,7
DA:9,7
DA:10,7
DA:11,7
DA:13,56
DA:15,7
DA:18,25
DA:19,25
DA:20,25
DA:21,25
DA:22,25
DA:23,25
DA:24,17
DA:25,17
DA:26,17
DA:27,17
DA:28,17
DA:29,17
DA:32,1037
DA:35,7
DA:38,5
DA:41,39
DA:42,1
DA:44,38
DA:45,38
DA:46,36
DA:47,36
DA:50,41
DA:51,5
DA:53,36
DA:54,36
DA:55,36
DA:56,36
DA:57,36
DA:58,36
DA:61,12
DA:62,12
DA:63,2
DA:65,10
DA:66,10
DA:67,10
DA:68,1
DA:69,1
DA:70,1
DA:72,9
DA:73,1
DA:74,1
DA:75,1
DA:77,8
DA:78,8
DA:79,1
DA:80,1
DA:83,7
DA:84,7
DA:90,5
DA:91,5
DA:94,8
DA:97,345
DA:100,3
DA:107,6
DA:111,318
DA:112,318
DA:113,2
DA:115,316
DA:116,302
DA:117,289
DA:118,289
DA:119,268
DA:121,275
DA:122,275
DA:123,273
DA:124,272
DA:126,272
DA:127,272
DA:128,2
DA:129,1
DA:130,1
DA:131,1
DA:134,1
DA:135,1
DA:136,1
DA:137,1
DA:140,270
DA:141,270
DA:142,1
DA:143,1
DA:146,269
DA:147,269
DA:153,80
DA:154,80
DA:155,2
DA:157,78
DA:158,64
DA:159,53
DA:160,51
DA:161,51
DA:162,3
DA:163,3
DA:164,3
DA:166,48
DA:167,48
DA:168,2
DA:169,2
DA:170,2
DA:172,46
DA:173,46
DA:174,1
DA:175,1
DA:178,45
DA:179,45
DA:187,371
DA:188,2
DA:190,369
DA:191,1
DA:193,368
DA:194,8
DA:196,360
DA:197,2
DA:199,358
DA:200,1
DA:202,357
DA:204,10
DA:208,617
DA:209,1
DA:211,616
DA:213,32
DA:214,3
DA:216,29
DA:218,27
DA:219,4
DA:221,23
DA:223,81
DA:224,6
DA:226,75
DA:228,409
DA:229,3
DA:231,406
DA:233,56
DA:234,1
DA:236,55
DA:238,11
DA:239,11
DA:240,10
DA:244,36
DA:248,38
DA:249,38
DA:267,38
DA:268,38
DA:269,1
DA:271,38
DA:272,38
DA:273,38
DA:274,38
DA:275,4
DA:276,4
DA:277,4
DA:280,38
DA:284,36
DA:285,36
DA:286,36
DA:289,37
DA:290,37
DA:291,37
DA:292,1
DA:293,1
DA:297,37
DA:300,1
DA:303,39
DA:304,39
DA:307,1
DA:308,1
DA:311,3
DA:312,3
DA:315,353
DA:320,36
DA:321,0
DA:323,36
DA:324,36
DA:325,36
DA:326,36
DA:327,36
DA:328,36
DA:333,102
DA:334,102
DA:335,102
DA:336,10
DA:341,353
DA:342,353
DA:343,353
DA:344,353
DA:345,353
DA:346,351
DA:347,350
DA:348,350
DA:349,302
DA:351,348
DA:352,348
DA:353,361
DA:357,6
DA:358,1
DA:359,1
DA:361,5
DA:362,5
DA:367,25
DA:368,1
DA:370,24
DA:371,4
DA:373,20
DA:374,3
DA:378,394
DA:379,4
DA:381,390
DA:382,8
DA:384,382
DA:385,17
DA:386,2
DA:388,15
DA:389,15
DA:390,2
DA:392,13
DA:393,2
DA:397,365
DA:401,1119
DA:404,38
DA:405,38
DA:406,32
DA:407,32
DA:413,6
DA:416,304
DA:417,304
DA:419,1
DA:423,1
DA:426,303
DA:428,304
DA:431,321
DA:432,321
DA:433,320
DA:435,321
DA:436,321
DA:437,321
DA:438,321
DA:439,321
DA:443,321
DA:444,321
DA:445,321
DA:448,7
DA:449,7
DA:450,7
DA:451,7
LF:254
LH:253
BRDA:25,0,0,17
BRDA:25,0,1,17
BRDA:41,1,0,1
BRDA:41,1,1,38
BRDA:50,2,0,5
BRDA:50,2,1,36
BRDA:50,3,0,41
BRDA:50,3,1,36
BRDA:62,4,0,2
BRDA:62,4,1,10
BRDA:67,5,0,1
BRDA:67,5,1,9
BRDA:72,6,0,1
BRDA:72,6,1,8
BRDA:78,7,0,1
BRDA:78,7,1,7
BRDA:112,8,0,2
BRDA:112,8,1,316
BRDA:118,9,0,268
BRDA:118,9,1,21
BRDA:118,10,0,84
BRDA:118,10,1,205
BRDA:118,11,0,289
BRDA:118,11,1,289
BRDA:126,12,0,12
BRDA:126,12,1,260
BRDA:126,13,0,272
BRDA:126,13,1,272
BRDA:126,14,0,81
BRDA:126,14,1,191
BRDA:126,15,0,272
BRDA:126,15,1,272
BRDA:127,16,0,2
BRDA:127,16,1,270
BRDA:128,17,0,1
BRDA:128,17,1,1
BRDA:128,18,0,1
BRDA:128,18,1,1
BRDA:128,19,0,2
BRDA:128,19,1,2
BRDA:141,20,0,1
BRDA:141,20,1,269
BRDA:154,21,0,2
BRDA:154,21,1,78
BRDA:161,22,0,3
BRDA:161,22,1,48
BRDA:167,23,0,2
BRDA:167,23,1,46
BRDA:173,24,0,1
BRDA:173,24,1,45
BRDA:187,25,0,2
BRDA:187,25,1,369
BRDA:190,26,0,1
BRDA:190,26,1,368
BRDA:190,27,0,369
BRDA:190,27,1,306
BRDA:193,28,0,8
BRDA:193,28,1,360
BRDA:193,29,0,368
BRDA:193,29,1,358
BRDA:196,30,0,2
BRDA:196,30,1,358
BRDA:199,31,0,1
BRDA:199,31,1,357
BRDA:199,32,0,358
BRDA:199,32,1,300
BRDA:202,33,0,10
BRDA:202,33,1,347
BRDA:202,34,0,357
BRDA:202,34,1,347
BRDA:202,34,2,339
BRDA:208,35,0,1
BRDA:208,35,1,616
BRDA:208,36,0,617
BRDA:208,36,1,617
BRDA:211,37,0,32
BRDA:211,37,1,27
BRDA:211,37,2,81
BRDA:211,37,3,409
BRDA:211,37,4,56
BRDA:211,37,5,11
BRDA:213,38,0,3
BRDA:213,38,1,29
BRDA:218,39,0,4
BRDA:218,39,1,23
BRDA:223,40,0,6
BRDA:223,40,1,75
BRDA:228,41,0,3
BRDA:228,41,1,406
BRDA:233,42,0,1
BRDA:233,42,1,55
BRDA:250,43,0,1
BRDA:250,43,1,37
BRDA:250,44,0,38
BRDA:250,44,1,38
BRDA:254,45,0,1
BRDA:254,45,1,37
BRDA:255,46,0,1
BRDA:255,46,1,37
BRDA:255,47,0,38
BRDA:255,47,1,38
BRDA:256,48,0,1
BRDA:256,48,1,37
BRDA:256,49,0,38
BRDA:256,49,1,38
BRDA:262,50,0,1
BRDA:262,50,1,37
BRDA:262,51,0,38
BRDA:262,51,1,38
BRDA:263,52,0,1
BRDA:263,52,1,37
BRDA:263,53,0,38
BRDA:263,53,1,38
BRDA:268,54,0,1
BRDA:268,54,1,37
BRDA:291,55,0,1
BRDA:291,55,1,36
BRDA:320,56,0,0
BRDA:320,56,1,36
BRDA:335,57,0,10
BRDA:335,57,1,92
BRDA:348,58,0,302
BRDA:348,58,1,48
BRDA:348,59,0,163
BRDA:348,59,1,187
BRDA:348,60,0,350
BRDA:348,60,1,350
BRDA:357,61,0,1
BRDA:357,61,1,5
BRDA:367,62,0,1
BRDA:367,62,1,24
BRDA:370,63,0,4
BRDA:370,63,1,20
BRDA:373,64,0,3
BRDA:373,64,1,17
BRDA:373,65,0,1
BRDA:373,65,1,19
BRDA:373,66,0,20
BRDA:373,66,1,20
BRDA:378,67,0,4
BRDA:378,67,1,390
BRDA:381,68,0,8
BRDA:381,68,1,382
BRDA:384,69,0,17
BRDA:384,69,1,365
BRDA:385,70,0,2
BRDA:385,70,1,15
BRDA:389,71,0,2
BRDA:389,71,1,13
BRDA:389,72,0,15
BRDA:389,72,1,6
BRDA:392,73,0,2
BRDA:392,73,1,11
BRDA:392,74,0,13
BRDA:392,74,1,9
BRDA:405,75,0,32
BRDA:405,75,1,6
BRDA:417,76,0,1
BRDA:417,76,1,2
BRDA:417,76,2,303
BRDA:432,77,0,320
BRDA:432,77,1,1
BRDA:443,78,0,287
BRDA:443,78,1,34
BRDA:443,79,0,321
BRDA:443,79,1,321
BRDA:444,80,0,320
BRDA:444,80,1,1
BRF:168
BRH:167
end_of_record
TN:
SF:dist\common\mqtt-utils.js
FN:6,assertMqttTopicLength
FN:12,assertMqttTopicUtf8Count
FN:18,getUtf8BytesCount
FNF:3
FNH:3
FNDA:275,assertMqttTopicLength
FNDA:67,assertMqttTopicUtf8Count
FNDA:321,getUtf8BytesCount
DA:3,7
DA:4,7
DA:5,7
DA:7,275
DA:8,2
DA:11,7
DA:13,67
DA:14,5
DA:17,7
DA:19,321
DA:20,321
DA:21,321
DA:22,526473
DA:23,526473
DA:24,526463
DA:26,10
DA:27,2
DA:29,8
DA:30,2
DA:32,6
DA:33,4
DA:36,2
DA:39,321
DA:41,7
LF:24
LH:24
BRDA:7,0,0,2
BRDA:7,0,1,273
BRDA:13,1,0,5
BRDA:13,1,1,62
BRDA:23,2,0,526463
BRDA:23,2,1,10
BRDA:26,3,0,2
BRDA:26,3,1,8
BRDA:29,4,0,2
BRDA:29,4,1,6
BRDA:32,5,0,4
BRDA:32,5,1,2
BRF:12
BRH:12
end_of_record
TN:
SF:dist\common\subscription-manager.js
FN:8,(anonymous_0)
FN:13,(anonymous_1)
FN:17,(anonymous_2)
FN:21,(anonymous_3)
FN:25,(anonymous_4)
FN:49,(anonymous_5)
FN:60,(anonymous_6)
FN:62,(anonymous_7)
FN:70,(anonymous_8)
FN:75,(anonymous_9)
FN:85,(anonymous_10)
FN:100,(anonymous_11)
FN:104,(anonymous_12)
FN:106,(anonymous_13)
FN:113,(anonymous_14)
FN:121,(anonymous_15)
FN:129,(anonymous_16)
FN:135,(anonymous_17)
FNF:18
FNH:18
FNDA:28,(anonymous_0)
FNDA:363,(anonymous_1)
FNDA:65,(anonymous_2)
FNDA:37,(anonymous_3)
FNDA:65,(anonymous_4)
FNDA:19,(anonymous_5)
FNDA:57,(anonymous_6)
FNDA:217,(anonymous_7)
FNDA:160,(anonymous_8)
FNDA:361,(anonymous_9)
FNDA:1698,(anonymous_10)
FNDA:28,(anonymous_11)
FNDA:140,(anonymous_12)
FNDA:647,(anonymous_13)
FNDA:363,(anonymous_14)
FNDA:361,(anonymous_15)
FNDA:65,(anonymous_16)
FNDA:319,(anonymous_17)
DA:3,7
DA:4,7
DA:5,7
DA:6,7
DA:9,28
DA:10,28
DA:11,28
DA:15,363
DA:19,65
DA:22,37
DA:23,37
DA:26,65
DA:27,62
DA:28,62
DA:29,62
DA:30,62
DA:31,62
DA:32,186
DA:33,186
DA:34,186
DA:35,142
DA:36,142
DA:38,186
DA:39,186
DA:41,62
DA:42,62
DA:43,62
DA:44,55
DA:45,55
DA:47,7
DA:50,19
DA:51,19
DA:52,1
DA:54,18
DA:55,18
DA:61,57
DA:62,57
DA:63,217
DA:64,217
DA:65,62
DA:66,39
DA:68,62
DA:70,160
DA:72,57
DA:73,57
DA:76,361
DA:77,361
DA:78,1
DA:80,361
DA:81,1
DA:83,361
DA:86,1698
DA:87,486
DA:88,485
DA:90,1212
DA:91,1212
DA:92,1212
DA:93,732
DA:95,1209
DA:96,1209
DA:97,607
DA:101,28
DA:102,28
DA:103,28
DA:104,140
DA:105,28
DA:106,647
DA:107,4
DA:110,24
DA:111,1
DA:113,23
DA:114,363
DA:115,363
DA:116,363
DA:117,363
DA:118,363
DA:119,363
DA:121,23
DA:122,361
DA:123,361
DA:129,23
DA:130,65
DA:131,65
DA:132,65
DA:133,65
DA:134,65
DA:135,319
DA:139,7
LF:88
LH:88
BRDA:15,0,0,350
BRDA:15,0,1,13
BRDA:15,1,0,363
BRDA:15,1,1,363
BRDA:15,2,0,350
BRDA:15,2,1,13
BRDA:15,3,0,363
BRDA:15,3,1,363
BRDA:15,4,0,361
BRDA:15,4,1,2
BRDA:15,5,0,363
BRDA:15,5,1,363
BRDA:19,6,0,49
BRDA:19,6,1,16
BRDA:19,7,0,65
BRDA:19,7,1,65
BRDA:19,8,0,49
BRDA:19,8,1,16
BRDA:19,9,0,65
BRDA:19,9,1,65
BRDA:19,10,0,61
BRDA:19,10,1,4
BRDA:19,11,0,65
BRDA:19,11,1,65
BRDA:34,12,0,142
BRDA:34,12,1,44
BRDA:43,13,0,55
BRDA:43,13,1,7
BRDA:51,14,0,1
BRDA:51,14,1,18
BRDA:51,15,0,19
BRDA:51,15,1,18
BRDA:64,16,0,62
BRDA:64,16,1,155
BRDA:65,17,0,39
BRDA:65,17,1,23
BRDA:77,18,0,1
BRDA:77,18,1,360
BRDA:80,19,0,1
BRDA:80,19,1,360
BRDA:86,20,0,486
BRDA:86,20,1,1212
BRDA:92,21,0,732
BRDA:92,21,1,480
BRDA:96,22,0,607
BRDA:96,22,1,602
BRDA:106,23,0,4
BRDA:106,23,1,134
BRDA:106,24,0,647
BRDA:106,24,1,106
BRDA:110,25,0,1
BRDA:110,25,1,23
BRDA:135,26,0,65
BRDA:135,26,1,254
BRF:54
BRH:54
end_of_record
TN:
SF:dist\common\vda-5050-types.js
FN:5,(anonymous_0)
FN:11,(anonymous_1)
FN:17,(anonymous_2)
FN:26,(anonymous_3)
FN:31,(anonymous_4)
FN:36,(anonymous_5)
FN:44,(anonymous_6)
FNF:7
FNH:7
FNDA:7,(anonymous_0)
FNDA:7,(anonymous_1)
FNDA:7,(anonymous_2)
FNDA:7,(anonymous_3)
FNDA:7,(anonymous_4)
FNDA:7,(anonymous_5)
FNDA:7,(anonymous_6)
DA:2,7
DA:3,7
DA:5,7
DA:6,7
DA:7,7
DA:8,7
DA:11,7
DA:12,7
DA:13,7
DA:14,7
DA:17,7
DA:18,7
DA:19,7
DA:20,7
DA:21,7
DA:22,7
DA:23,7
DA:26,7
DA:27,7
DA:28,7
DA:31,7
DA:32,7
DA:33,7
DA:36,7
DA:37,7
DA:38,7
DA:39,7
DA:40,7
DA:41,7
DA:44,7
DA:45,7
DA:46,7
DA:47,7
DA:48,7
LF:34
LH:34
BRDA:9,0,0,7
BRDA:9,0,1,7
BRDA:15,1,0,7
BRDA:15,1,1,7
BRDA:24,2,0,7
BRDA:24,2,1,7
BRDA:29,3,0,7
BRDA:29,3,1,7
BRDA:34,4,0,7
BRDA:34,4,1,7
BRDA:42,5,0,7
BRDA:42,5,1,7
BRDA:49,6,0,7
BRDA:49,6,1,7
BRF:14
BRH:14
end_of_record
TN:
SF:dist\controller\agv-controller.js
FN:7,(anonymous_0)
FN:40,(anonymous_1)
FN:43,(anonymous_2)
FN:46,(anonymous_3)
FN:49,(anonymous_4)
FN:52,(anonymous_5)
FN:56,(anonymous_6)
FN:59,(anonymous_7)
FN:62,(anonymous_8)
FN:65,(anonymous_9)
FN:68,(anonymous_10)
FN:71,(anonymous_11)
FN:74,(anonymous_12)
FN:77,(anonymous_13)
FN:80,(anonymous_14)
FN:83,(anonymous_15)
FN:100,(anonymous_16)
FN:103,(anonymous_17)
FN:107,(anonymous_18)
FN:111,(anonymous_19)
FN:113,(anonymous_20)
FN:117,(anonymous_21)
FN:127,(anonymous_22)
FN:130,(anonymous_23)
FN:137,(anonymous_24)
FN:138,(anonymous_25)
FN:141,(anonymous_26)
FN:150,(anonymous_27)
FN:151,(anonymous_28)
FN:152,(anonymous_29)
FN:153,(anonymous_30)
FN:160,(anonymous_31)
FN:162,(anonymous_32)
FN:164,(anonymous_33)
FN:169,(anonymous_34)
FN:171,(anonymous_35)
FN:186,(anonymous_36)
FN:194,(anonymous_37)
FN:201,(anonymous_38)
FN:214,(anonymous_39)
FN:217,(anonymous_40)
FN:218,(anonymous_41)
FN:223,(anonymous_42)
FN:228,(anonymous_43)
FN:234,(anonymous_44)
FN:335,(anonymous_45)
FN:386,(anonymous_46)
FN:390,(anonymous_47)
FN:397,(anonymous_48)
FN:402,(anonymous_49)
FN:434,(anonymous_50)
FN:441,(anonymous_51)
FN:445,(anonymous_52)
FN:446,(anonymous_53)
FN:451,(anonymous_54)
FN:452,(anonymous_55)
FN:462,(anonymous_56)
FN:465,(anonymous_57)
FN:467,(anonymous_58)
FN:476,(anonymous_59)
FN:484,(anonymous_60)
FN:489,(anonymous_61)
FN:501,(anonymous_62)
FN:506,(anonymous_63)
FN:525,(anonymous_64)
FN:530,(anonymous_65)
FN:538,(anonymous_66)
FN:544,(anonymous_67)
FN:547,(anonymous_68)
FN:550,(anonymous_69)
FN:554,(anonymous_70)
FN:568,(anonymous_71)
FN:580,(anonymous_72)
FN:581,(anonymous_73)
FN:624,(anonymous_74)
FN:636,(anonymous_75)
FN:638,(anonymous_76)
FN:653,(anonymous_77)
FN:655,(anonymous_78)
FN:682,(anonymous_79)
FN:683,(anonymous_80)
FN:695,(anonymous_81)
FN:696,(anonymous_82)
FN:696,(anonymous_83)
FN:698,(anonymous_84)
FN:699,(anonymous_85)
FN:699,(anonymous_86)
FN:701,(anonymous_87)
FN:702,(anonymous_88)
FN:704,(anonymous_89)
FN:705,(anonymous_90)
FN:706,(anonymous_91)
FN:708,(anonymous_92)
FN:710,(anonymous_93)
FN:724,(anonymous_94)
FN:725,(anonymous_95)
FN:740,(anonymous_96)
FN:743,(anonymous_97)
FN:749,(anonymous_98)
FN:750,(anonymous_99)
FN:752,(anonymous_100)
FN:753,(anonymous_101)
FN:755,(anonymous_102)
FN:756,(anonymous_103)
FN:758,(anonymous_104)
FN:772,(anonymous_105)
FN:776,(anonymous_106)
FN:783,(anonymous_107)
FN:792,(anonymous_108)
FN:798,(anonymous_109)
FN:799,(anonymous_110)
FN:804,(anonymous_111)
FN:812,(anonymous_112)
FN:813,(anonymous_113)
FN:816,(anonymous_114)
FN:817,(anonymous_115)
FN:818,(anonymous_116)
FN:820,(anonymous_117)
FN:821,(anonymous_118)
FN:863,(anonymous_119)
FN:879,(anonymous_120)
FN:947,(anonymous_121)
FN:967,(anonymous_122)
FN:968,(anonymous_123)
FN:969,(anonymous_124)
FN:970,(anonymous_125)
FN:987,(anonymous_126)
FN:992,(anonymous_127)
FN:999,(anonymous_128)
FN:1000,(anonymous_129)
FN:1001,(anonymous_130)
FN:1002,(anonymous_131)
FN:1019,(anonymous_132)
FN:1024,(anonymous_133)
FN:1033,(anonymous_134)
FN:1039,(anonymous_135)
FN:1050,(anonymous_136)
FN:1064,(anonymous_137)
FN:1065,(anonymous_138)
FN:1070,(anonymous_139)
FN:1072,(anonymous_140)
FN:1073,(anonymous_141)
FN:1074,(anonymous_142)
FN:1088,(anonymous_143)
FN:1093,(anonymous_144)
FN:1112,(anonymous_145)
FN:1137,(anonymous_146)
FN:1171,(anonymous_147)
FN:1176,(anonymous_148)
FN:1188,(anonymous_149)
FN:1196,(anonymous_150)
FN:1199,(anonymous_151)
FN:1204,(anonymous_152)
FN:1213,(anonymous_153)
FNF:154
FNH:123
FNDA:3,(anonymous_0)
FNDA:208,(anonymous_1)
FNDA:3,(anonymous_2)
FNDA:4,(anonymous_3)
FNDA:41,(anonymous_4)
FNDA:46,(anonymous_5)
FNDA:50,(anonymous_6)
FNDA:58,(anonymous_7)
FNDA:35,(anonymous_8)
FNDA:41,(anonymous_9)
FNDA:22,(anonymous_10)
FNDA:0,(anonymous_11)
FNDA:0,(anonymous_12)
FNDA:0,(anonymous_13)
FNDA:0,(anonymous_14)
FNDA:0,(anonymous_15)
FNDA:14,(anonymous_16)
FNDA:3,(anonymous_17)
FNDA:3,(anonymous_18)
FNDA:223,(anonymous_19)
FNDA:8,(anonymous_20)
FNDA:3,(anonymous_21)
FNDA:3,(anonymous_22)
FNDA:3,(anonymous_23)
FNDA:3,(anonymous_24)
FNDA:3,(anonymous_25)
FNDA:3,(anonymous_26)
FNDA:3,(anonymous_27)
FNDA:37,(anonymous_28)
FNDA:10,(anonymous_29)
FNDA:6,(anonymous_30)
FNDA:136,(anonymous_31)
FNDA:0,(anonymous_32)
FNDA:3,(anonymous_33)
FNDA:42,(anonymous_34)
FNDA:42,(anonymous_35)
FNDA:136,(anonymous_36)
FNDA:223,(anonymous_37)
FNDA:223,(anonymous_38)
FNDA:153,(anonymous_39)
FNDA:0,(anonymous_40)
FNDA:0,(anonymous_41)
FNDA:0,(anonymous_42)
FNDA:0,(anonymous_43)
FNDA:37,(anonymous_44)
FNDA:35,(anonymous_45)
FNDA:5,(anonymous_46)
FNDA:11,(anonymous_47)
FNDA:3,(anonymous_48)
FNDA:15,(anonymous_49)
FNDA:9,(anonymous_50)
FNDA:5,(anonymous_51)
FNDA:3,(anonymous_52)
FNDA:2,(anonymous_53)
FNDA:4,(anonymous_54)
FNDA:4,(anonymous_55)
FNDA:22,(anonymous_56)
FNDA:1,(anonymous_57)
FNDA:0,(anonymous_58)
FNDA:1,(anonymous_59)
FNDA:0,(anonymous_60)
FNDA:0,(anonymous_61)
FNDA:0,(anonymous_62)
FNDA:0,(anonymous_63)
FNDA:0,(anonymous_64)
FNDA:0,(anonymous_65)
FNDA:0,(anonymous_66)
FNDA:1,(anonymous_67)
FNDA:0,(anonymous_68)
FNDA:0,(anonymous_69)
FNDA:1,(anonymous_70)
FNDA:29,(anonymous_71)
FNDA:28,(anonymous_72)
FNDA:4,(anonymous_73)
FNDA:11,(anonymous_74)
FNDA:15,(anonymous_75)
FNDA:25,(anonymous_76)
FNDA:15,(anonymous_77)
FNDA:14,(anonymous_78)
FNDA:15,(anonymous_79)
FNDA:9,(anonymous_80)
FNDA:29,(anonymous_81)
FNDA:26,(anonymous_82)
FNDA:9,(anonymous_83)
FNDA:14,(anonymous_84)
FNDA:11,(anonymous_85)
FNDA:0,(anonymous_86)
FNDA:11,(anonymous_87)
FNDA:11,(anonymous_88)
FNDA:15,(anonymous_89)
FNDA:4,(anonymous_90)
FNDA:8,(anonymous_91)
FNDA:136,(anonymous_92)
FNDA:15,(anonymous_93)
FNDA:47,(anonymous_94)
FNDA:99,(anonymous_95)
FNDA:8,(anonymous_96)
FNDA:26,(anonymous_97)
FNDA:12,(anonymous_98)
FNDA:16,(anonymous_99)
FNDA:12,(anonymous_100)
FNDA:28,(anonymous_101)
FNDA:23,(anonymous_102)
FNDA:28,(anonymous_103)
FNDA:22,(anonymous_104)
FNDA:14,(anonymous_105)
FNDA:34,(anonymous_106)
FNDA:23,(anonymous_107)
FNDA:11,(anonymous_108)
FNDA:11,(anonymous_109)
FNDA:11,(anonymous_110)
FNDA:11,(anonymous_111)
FNDA:2,(anonymous_112)
FNDA:2,(anonymous_113)
FNDA:2,(anonymous_114)
FNDA:2,(anonymous_115)
FNDA:2,(anonymous_116)
FNDA:0,(anonymous_117)
FNDA:0,(anonymous_118)
FNDA:37,(anonymous_119)
FNDA:61,(anonymous_120)
FNDA:9,(anonymous_121)
FNDA:31,(anonymous_122)
FNDA:12,(anonymous_123)
FNDA:21,(anonymous_124)
FNDA:23,(anonymous_125)
FNDA:9,(anonymous_126)
FNDA:25,(anonymous_127)
FNDA:11,(anonymous_128)
FNDA:0,(anonymous_129)
FNDA:0,(anonymous_130)
FNDA:0,(anonymous_131)
FNDA:0,(anonymous_132)
FNDA:0,(anonymous_133)
FNDA:11,(anonymous_134)
FNDA:0,(anonymous_135)
FNDA:10,(anonymous_136)
FNDA:0,(anonymous_137)
FNDA:11,(anonymous_138)
FNDA:16,(anonymous_139)
FNDA:0,(anonymous_140)
FNDA:9,(anonymous_141)
FNDA:11,(anonymous_142)
FNDA:9,(anonymous_143)
FNDA:9,(anonymous_144)
FNDA:1,(anonymous_145)
FNDA:11,(anonymous_146)
FNDA:22,(anonymous_147)
FNDA:25,(anonymous_148)
FNDA:27,(anonymous_149)
FNDA:3,(anonymous_150)
FNDA:2,(anonymous_151)
FNDA:2,(anonymous_152)
FNDA:1,(anonymous_153)
DA:3,7
DA:4,7
DA:5,7
DA:9,3
DA:13,3
DA:14,3
DA:15,3
DA:16,3
DA:17,3
DA:18,3
DA:19,3
DA:20,3
DA:34,3
DA:35,3
DA:36,0
DA:38,3
DA:41,208
DA:44,3
DA:47,4
DA:50,41
DA:52,46
DA:57,50
DA:60,58
DA:63,35
DA:66,41
DA:69,22
DA:72,0
DA:75,0
DA:78,0
DA:81,0
DA:84,0
DA:86,0
DA:87,0
DA:88,0
DA:90,0
DA:93,0
DA:94,0
DA:96,0
DA:98,0
DA:101,14
DA:104,3
DA:105,3
DA:108,3
DA:109,3
DA:114,8
DA:115,8
DA:118,3
DA:123,3
DA:124,3
DA:125,3
DA:128,3
DA:129,3
DA:131,3
DA:132,3
DA:133,3
DA:138,3
DA:139,3
DA:140,3
DA:142,3
DA:143,3
DA:144,3
DA:145,3
DA:151,37
DA:152,10
DA:153,3
DA:154,6
DA:155,0
DA:158,3
DA:161,136
DA:162,136
DA:165,3
DA:166,3
DA:167,1
DA:169,42
DA:172,42
DA:173,42
DA:174,42
DA:175,42
DA:177,42
DA:178,42
DA:180,42
DA:183,0
DA:187,136
DA:188,136
DA:189,136
DA:190,136
DA:191,136
DA:195,223
DA:196,223
DA:197,133
DA:199,223
DA:202,223
DA:203,501
DA:204,501
DA:207,0
DA:210,223
DA:211,223
DA:215,153
DA:218,0
DA:224,0
DA:225,0
DA:227,0
DA:228,0
DA:229,0
DA:232,0
DA:236,37
DA:237,37
DA:238,37
DA:239,35
DA:242,8
DA:243,8
DA:244,8
DA:245,8
DA:247,29
DA:248,0
DA:249,0
DA:250,0
DA:251,0
DA:253,29
DA:254,1
DA:256,28
DA:257,4
DA:259,24
DA:260,1
DA:261,1
DA:262,1
DA:263,1
DA:265,23
DA:266,1
DA:267,1
DA:268,1
DA:269,1
DA:271,22
DA:272,1
DA:273,1
DA:274,1
DA:275,1
DA:277,21
DA:279,1
DA:280,1
DA:281,1
DA:282,1
DA:284,20
DA:285,6
DA:286,1
DA:287,1
DA:288,1
DA:290,5
DA:291,0
DA:292,0
DA:295,5
DA:296,2
DA:297,1
DA:298,1
DA:299,1
DA:302,1
DA:306,3
DA:307,1
DA:308,1
DA:309,1
DA:312,2
DA:318,14
DA:319,3
DA:320,0
DA:321,0
DA:322,0
DA:325,3
DA:329,11
DA:330,9
DA:336,35
DA:337,35
DA:338,1
DA:340,34
DA:341,34
DA:342,34
DA:343,56
DA:344,56
DA:346,1
DA:348,55
DA:349,55
DA:350,55
DA:351,3
DA:355,0
DA:356,0
DA:360,33
DA:361,33
DA:362,33
DA:363,1
DA:365,32
DA:366,21
DA:367,21
DA:368,1
DA:370,20
DA:371,20
DA:372,20
DA:373,1
DA:377,0
DA:378,0
DA:381,19
DA:382,1
DA:387,5
DA:388,0
DA:390,11
DA:391,5
DA:393,5
DA:394,5
DA:398,3
DA:399,3
DA:403,15
DA:404,15
DA:406,9
DA:407,9
DA:415,9
DA:416,9
DA:419,2
DA:420,2
DA:427,2
DA:428,2
DA:431,4
DA:432,4
DA:433,4
DA:434,9
DA:435,4
DA:437,4
DA:440,4
DA:441,5
DA:442,4
DA:445,4
DA:446,4
DA:447,4
DA:451,4
DA:452,4
DA:455,4
DA:456,1
DA:458,4
DA:463,22
DA:466,1
DA:467,1
DA:468,0
DA:469,0
DA:472,1
DA:475,1
DA:476,1
DA:477,1
DA:480,0
DA:481,0
DA:482,0
DA:484,0
DA:485,0
DA:486,0
DA:489,0
DA:493,0
DA:496,0
DA:497,0
DA:498,0
DA:499,0
DA:501,0
DA:502,0
DA:503,0
DA:506,0
DA:512,0
DA:516,0
DA:517,0
DA:518,0
DA:521,1
DA:522,1
DA:526,0
DA:527,0
DA:528,0
DA:530,0
DA:531,0
DA:534,0
DA:535,0
DA:536,0
DA:538,0
DA:539,0
DA:542,0
DA:545,1
DA:546,1
DA:548,0
DA:549,0
DA:550,0
DA:555,1
DA:556,1
DA:557,1
DA:558,1
DA:562,1
DA:569,29
DA:570,29
DA:571,29
DA:572,29
DA:573,1
DA:574,1
DA:575,1
DA:576,1
DA:578,28
DA:581,28
DA:582,4
DA:583,4
DA:584,4
DA:586,28
DA:587,45
DA:588,12
DA:595,12
DA:596,12
DA:597,12
DA:598,3
DA:599,3
DA:603,25
DA:604,17
DA:605,1
DA:614,1
DA:615,1
DA:616,1
DA:617,1
DA:618,1
DA:622,24
DA:625,11
DA:626,11
DA:627,11
DA:628,11
DA:629,2
DA:630,2
DA:631,2
DA:632,2
DA:634,9
DA:637,15
DA:639,25
DA:644,25
DA:645,0
DA:647,25
DA:648,15
DA:650,25
DA:654,15
DA:657,14
DA:658,14
DA:661,0
DA:666,0
DA:668,14
DA:673,14
DA:674,0
DA:676,14
DA:677,0
DA:679,14
DA:683,15
DA:684,9
DA:689,9
DA:690,0
DA:692,9
DA:694,15
DA:695,29
DA:696,26
DA:698,14
DA:699,11
DA:702,11
DA:705,15
DA:706,8
DA:709,136
DA:710,136
DA:711,15
DA:712,0
DA:714,15
DA:715,15
DA:716,3
DA:717,3
DA:720,12
DA:723,136
DA:724,136
DA:725,99
DA:726,47
DA:727,4
DA:729,43
DA:730,43
DA:731,8
DA:732,8
DA:735,35
DA:738,136
DA:739,136
DA:740,8
DA:742,136
DA:743,26
DA:745,136
DA:746,11
DA:750,16
DA:753,28
DA:756,28
DA:759,22
DA:760,22
DA:761,0
DA:762,0
DA:764,22
DA:765,0
DA:766,0
DA:767,0
DA:770,22
DA:771,11
DA:772,14
DA:774,22
DA:776,34
DA:781,22
DA:784,23
DA:785,23
DA:786,12
DA:787,12
DA:789,11
DA:790,11
DA:794,11
DA:798,11
DA:799,11
DA:801,11
DA:802,11
DA:805,11
DA:806,11
DA:807,0
DA:808,0
DA:810,11
DA:813,2
DA:814,2
DA:817,2
DA:818,2
DA:821,0
DA:822,0
DA:823,0
DA:824,0
DA:825,0
DA:828,0
DA:829,0
DA:830,0
DA:831,0
DA:835,0
DA:836,0
DA:841,0
DA:842,0
DA:843,0
DA:844,0
DA:845,0
DA:848,0
DA:849,0
DA:850,0
DA:851,0
DA:855,0
DA:856,0
DA:861,0
DA:864,37
DA:865,37
DA:866,37
DA:867,37
DA:872,37
DA:873,2
DA:875,37
DA:876,16
DA:878,37
DA:879,61
DA:880,37
DA:881,9
DA:884,28
DA:886,37
DA:887,37
DA:888,1
DA:889,1
DA:891,37
DA:892,37
DA:893,18
DA:895,9
DA:896,0
DA:897,0
DA:901,9
DA:902,9
DA:905,0
DA:906,0
DA:907,0
DA:908,0
DA:912,0
DA:913,0
DA:918,9
DA:921,0
DA:922,0
DA:923,0
DA:927,0
DA:928,0
DA:931,0
DA:932,0
DA:933,0
DA:934,0
DA:938,0
DA:939,0
DA:944,0
DA:947,9
DA:948,9
DA:949,7
DA:950,7
DA:953,2
DA:954,2
DA:955,0
DA:956,0
DA:959,2
DA:962,9
DA:968,31
DA:969,31
DA:970,31
DA:971,31
DA:972,31
DA:973,31
DA:974,31
DA:975,22
DA:978,9
DA:982,0
DA:983,0
DA:988,9
DA:992,25
DA:996,9
DA:997,9
DA:1000,11
DA:1001,11
DA:1002,11
DA:1003,11
DA:1004,11
DA:1005,11
DA:1006,11
DA:1007,11
DA:1010,0
DA:1014,0
DA:1015,0
DA:1020,0
DA:1024,0
DA:1030,0
DA:1031,0
DA:1034,11
DA:1035,0
DA:1036,0
DA:1039,0
DA:1045,0
DA:1046,0
DA:1051,10
DA:1052,10
DA:1055,1
DA:1056,1
DA:1057,1
DA:1058,1
DA:1061,1
DA:1063,9
DA:1064,9
DA:1065,11
DA:1066,9
DA:1067,9
DA:1071,16
DA:1072,16
DA:1073,16
DA:1074,16
DA:1075,16
DA:1076,16
DA:1077,16
DA:1078,14
DA:1079,7
DA:1083,2
DA:1084,2
DA:1089,9
DA:1093,9
DA:1096,9
DA:1097,9
DA:1099,0
DA:1100,0
DA:1104,0
DA:1107,1
DA:1108,1
DA:1109,1
DA:1112,1
DA:1113,1
DA:1114,1
DA:1115,1
DA:1116,1
DA:1117,0
DA:1118,0
DA:1119,0
DA:1124,1
DA:1125,1
DA:1128,1
DA:1129,1
DA:1132,6
DA:1133,6
DA:1138,11
DA:1144,11
DA:1145,11
DA:1146,11
DA:1147,2
DA:1148,2
DA:1149,2
DA:1150,1
DA:1152,1
DA:1153,0
DA:1157,9
DA:1158,9
DA:1160,11
DA:1161,2
DA:1162,2
DA:1163,2
DA:1164,2
DA:1167,2
DA:1169,9
DA:1173,22
DA:1174,0
DA:1176,25
DA:1177,22
DA:1178,22
DA:1179,22
DA:1180,22
DA:1182,22
DA:1183,22
DA:1185,22
DA:1186,22
DA:1188,27
DA:1189,22
DA:1198,3
DA:1199,3
DA:1200,3
DA:1204,2
DA:1206,3
DA:1214,1
DA:1215,0
DA:1217,1
DA:1218,1
DA:1219,1
DA:1221,1
DA:1229,7
DA:1230,7
LF:625
LH:469
BRDA:11,0,0,3
BRDA:11,0,1,0
BRDA:11,1,0,3
BRDA:11,1,1,3
BRDA:35,2,0,0
BRDA:35,2,1,3
BRDA:50,3,0,41
BRDA:50,3,1,34
BRDA:50,3,2,34
BRDA:52,4,0,46
BRDA:52,4,1,10
BRDA:52,4,2,9
BRDA:62,5,0,13
BRDA:65,6,0,13
BRDA:68,7,0,22
BRDA:71,8,0,0
BRDA:74,9,0,0
BRDA:77,10,0,0
BRDA:80,11,0,0
BRDA:83,12,0,0
BRDA:86,13,0,0
BRDA:86,13,1,0
BRDA:87,14,0,0
BRDA:87,14,1,0
BRDA:93,15,0,0
BRDA:93,15,1,0
BRDA:100,16,0,4
BRDA:154,17,0,0
BRDA:154,17,1,6
BRDA:154,18,0,6
BRDA:154,18,1,3
BRDA:166,19,0,1
BRDA:166,19,1,2
BRDA:174,20,0,42
BRDA:174,20,1,0
BRDA:177,21,0,42
BRDA:177,21,1,0
BRDA:189,22,0,136
BRDA:189,22,1,0
BRDA:194,23,0,0
BRDA:196,24,0,133
BRDA:196,24,1,90
BRDA:203,25,0,501
BRDA:203,25,1,0
BRDA:210,26,0,223
BRDA:210,26,1,0
BRDA:215,27,0,3
BRDA:215,27,1,150
BRDA:218,28,0,0
BRDA:218,28,1,0
BRDA:218,28,2,0
BRDA:218,28,3,0
BRDA:224,29,0,0
BRDA:224,29,1,0
BRDA:228,30,0,0
BRDA:228,30,1,0
BRDA:228,31,0,0
BRDA:228,31,1,0
BRDA:247,32,0,0
BRDA:247,32,1,29
BRDA:253,33,0,1
BRDA:253,33,1,28
BRDA:256,34,0,4
BRDA:256,34,1,24
BRDA:259,35,0,1
BRDA:259,35,1,23
BRDA:265,36,0,1
BRDA:265,36,1,22
BRDA:271,37,0,1
BRDA:271,37,1,21
BRDA:277,38,0,1
BRDA:277,38,1,20
BRDA:277,39,0,21
BRDA:277,39,1,1
BRDA:284,40,0,6
BRDA:284,40,1,14
BRDA:284,41,0,3
BRDA:284,41,1,17
BRDA:284,42,0,20
BRDA:284,42,1,20
BRDA:285,43,0,1
BRDA:285,43,1,5
BRDA:290,44,0,0
BRDA:290,44,1,5
BRDA:295,45,0,2
BRDA:295,45,1,3
BRDA:296,46,0,1
BRDA:296,46,1,1
BRDA:306,47,0,1
BRDA:306,47,1,2
BRDA:318,48,0,3
BRDA:318,48,1,11
BRDA:319,49,0,0
BRDA:319,49,1,3
BRDA:329,50,0,9
BRDA:329,50,1,2
BRDA:337,51,0,1
BRDA:337,51,1,34
BRDA:337,52,0,35
BRDA:337,52,1,35
BRDA:344,53,0,1
BRDA:344,53,1,55
BRDA:344,54,0,56
BRDA:344,54,1,34
BRDA:344,54,2,55
BRDA:344,54,3,22
BRDA:348,55,0,55
BRDA:348,55,1,0
BRDA:350,56,0,3
BRDA:350,56,1,52
BRDA:355,57,0,0
BRDA:355,57,1,0
BRDA:362,58,0,1
BRDA:362,58,1,32
BRDA:367,59,0,1
BRDA:367,59,1,20
BRDA:370,60,0,20
BRDA:370,60,1,0
BRDA:372,61,0,1
BRDA:372,61,1,19
BRDA:372,62,0,20
BRDA:372,62,1,4
BRDA:377,63,0,0
BRDA:377,63,1,0
BRDA:381,64,0,1
BRDA:381,64,1,18
BRDA:381,65,0,19
BRDA:381,65,1,18
BRDA:387,66,0,0
BRDA:387,66,1,5
BRDA:391,67,0,2
BRDA:391,67,1,3
BRDA:394,68,0,5
BRDA:394,68,1,4
BRDA:399,69,0,3
BRDA:399,69,1,2
BRDA:404,70,0,9
BRDA:404,70,1,2
BRDA:404,70,2,4
BRDA:435,71,0,2
BRDA:435,71,1,2
BRDA:438,72,0,2
BRDA:438,72,1,2
BRDA:443,73,0,2
BRDA:443,73,1,2
BRDA:445,74,0,3
BRDA:445,74,1,2
BRDA:455,75,0,1
BRDA:455,75,1,3
BRDA:455,76,0,4
BRDA:455,76,1,2
BRDA:468,77,0,0
BRDA:468,77,1,0
BRDA:468,78,0,0
BRDA:468,78,1,0
BRDA:477,79,0,0
BRDA:477,79,1,1
BRDA:477,80,0,1
BRDA:477,80,1,0
BRDA:477,80,2,0
BRDA:481,81,0,0
BRDA:481,81,1,0
BRDA:485,82,0,0
BRDA:485,82,1,0
BRDA:496,83,0,0
BRDA:496,83,1,0
BRDA:498,84,0,0
BRDA:498,84,1,0
BRDA:502,85,0,0
BRDA:502,85,1,0
BRDA:521,86,0,1
BRDA:521,86,1,0
BRDA:527,87,0,0
BRDA:527,87,1,0
BRDA:530,88,0,0
BRDA:530,88,1,0
BRDA:535,89,0,0
BRDA:535,89,1,0
BRDA:538,90,0,0
BRDA:538,90,1,0
BRDA:550,91,0,0
BRDA:550,91,1,0
BRDA:571,92,0,29
BRDA:571,92,1,0
BRDA:572,93,0,1
BRDA:572,93,1,28
BRDA:597,94,0,3
BRDA:597,94,1,9
BRDA:597,95,0,0
BRDA:597,95,1,12
BRDA:597,96,0,12
BRDA:597,96,1,12
BRDA:616,97,0,1
BRDA:616,97,1,0
BRDA:616,98,0,0
BRDA:616,98,1,1
BRDA:616,99,0,1
BRDA:616,99,1,1
BRDA:627,100,0,11
BRDA:627,100,1,0
BRDA:628,101,0,2
BRDA:628,101,1,9
BRDA:636,102,0,11
BRDA:637,103,0,4
BRDA:637,103,1,11
BRDA:644,104,0,0
BRDA:644,104,1,25
BRDA:647,105,0,15
BRDA:647,105,1,10
BRDA:657,106,0,14
BRDA:657,106,1,0
BRDA:673,107,0,0
BRDA:673,107,1,14
BRDA:676,108,0,0
BRDA:676,108,1,14
BRDA:682,109,0,11
BRDA:689,110,0,0
BRDA:689,110,1,9
BRDA:694,111,0,0
BRDA:694,111,1,15
BRDA:705,112,0,4
BRDA:705,112,1,4
BRDA:705,112,2,2
BRDA:705,112,3,2
BRDA:711,113,0,0
BRDA:711,113,1,15
BRDA:715,114,0,3
BRDA:715,114,1,12
BRDA:726,115,0,4
BRDA:726,115,1,43
BRDA:726,116,0,47
BRDA:726,116,1,45
BRDA:726,116,2,2
BRDA:730,117,0,8
BRDA:730,117,1,35
BRDA:739,118,0,3
BRDA:739,118,1,133
BRDA:742,119,0,8
BRDA:742,119,1,128
BRDA:745,120,0,11
BRDA:745,120,1,125
BRDA:745,121,0,136
BRDA:745,121,1,133
BRDA:750,122,0,16
BRDA:750,122,1,12
BRDA:753,123,0,28
BRDA:753,123,1,13
BRDA:756,124,0,28
BRDA:756,124,1,14
BRDA:760,125,0,0
BRDA:760,125,1,22
BRDA:764,126,0,0
BRDA:764,126,1,22
BRDA:770,127,0,11
BRDA:770,127,1,11
BRDA:772,128,0,14
BRDA:772,128,1,11
BRDA:776,129,0,34
BRDA:776,129,1,23
BRDA:777,130,0,11
BRDA:777,130,1,11
BRDA:785,131,0,12
BRDA:785,131,1,11
BRDA:785,132,0,23
BRDA:785,132,1,13
BRDA:798,133,0,0
BRDA:798,133,1,11
BRDA:798,134,0,11
BRDA:798,134,1,11
BRDA:798,135,0,11
BRDA:798,135,1,11
BRDA:806,136,0,0
BRDA:806,136,1,11
BRDA:814,137,0,2
BRDA:814,137,1,2
BRDA:814,137,2,2
BRDA:818,138,0,2
BRDA:818,138,1,0
BRDA:824,139,0,0
BRDA:824,139,1,0
BRDA:829,140,0,0
BRDA:829,140,1,0
BRDA:830,141,0,0
BRDA:830,141,1,0
BRDA:830,142,0,0
BRDA:830,142,1,0
BRDA:835,143,0,0
BRDA:835,143,1,0
BRDA:844,144,0,0
BRDA:844,144,1,0
BRDA:849,145,0,0
BRDA:849,145,1,0
BRDA:850,146,0,0
BRDA:850,146,1,0
BRDA:850,147,0,0
BRDA:850,147,1,0
BRDA:855,148,0,0
BRDA:855,148,1,0
BRDA:872,149,0,2
BRDA:872,149,1,35
BRDA:875,150,0,16
BRDA:875,150,1,21
BRDA:880,151,0,9
BRDA:880,151,1,28
BRDA:887,152,0,1
BRDA:887,152,1,36
BRDA:887,153,0,37
BRDA:887,153,1,1
BRDA:888,154,0,0
BRDA:888,154,1,1
BRDA:892,155,0,18
BRDA:892,155,1,19
BRDA:892,156,0,37
BRDA:892,156,1,36
BRDA:893,157,0,9
BRDA:893,157,1,0
BRDA:893,157,2,9
BRDA:895,158,0,0
BRDA:895,158,1,9
BRDA:896,159,0,0
BRDA:896,159,1,0
BRDA:901,160,0,9
BRDA:901,160,1,0
BRDA:906,161,0,0
BRDA:906,161,1,0
BRDA:907,162,0,0
BRDA:907,162,1,0
BRDA:912,163,0,0
BRDA:912,163,1,0
BRDA:921,164,0,0
BRDA:921,164,1,0
BRDA:922,165,0,0
BRDA:922,165,1,0
BRDA:927,166,0,0
BRDA:927,166,1,0
BRDA:932,167,0,0
BRDA:932,167,1,0
BRDA:933,168,0,0
BRDA:933,168,1,0
BRDA:938,169,0,0
BRDA:938,169,1,0
BRDA:948,170,0,7
BRDA:948,170,1,2
BRDA:954,171,0,0
BRDA:954,171,1,2
BRDA:954,172,0,2
BRDA:954,172,1,0
BRDA:968,173,0,22
BRDA:968,173,1,9
BRDA:969,174,0,21
BRDA:969,174,1,9
BRDA:970,175,0,23
BRDA:970,175,1,11
BRDA:971,176,0,22
BRDA:971,176,1,9
BRDA:972,177,0,31
BRDA:972,177,1,0
BRDA:973,178,0,31
BRDA:973,178,1,0
BRDA:974,179,0,22
BRDA:974,179,1,9
BRDA:1000,180,0,11
BRDA:1000,180,1,0
BRDA:1001,181,0,0
BRDA:1001,181,1,0
BRDA:1002,182,0,0
BRDA:1002,182,1,0
BRDA:1003,183,0,11
BRDA:1003,183,1,0
BRDA:1004,184,0,11
BRDA:1004,184,1,0
BRDA:1005,185,0,11
BRDA:1005,185,1,0
BRDA:1006,186,0,11
BRDA:1006,186,1,0
BRDA:1035,187,0,0
BRDA:1035,187,1,0
BRDA:1066,188,0,9
BRDA:1066,188,1,0
BRDA:1070,189,0,7
BRDA:1072,190,0,16
BRDA:1072,190,1,0
BRDA:1073,191,0,9
BRDA:1073,191,1,9
BRDA:1074,192,0,11
BRDA:1074,192,1,11
BRDA:1075,193,0,9
BRDA:1075,193,1,7
BRDA:1076,194,0,16
BRDA:1076,194,1,0
BRDA:1077,195,0,14
BRDA:1077,195,1,2
BRDA:1078,196,0,7
BRDA:1078,196,1,7
BRDA:1078,197,0,14
BRDA:1078,197,1,7
BRDA:1094,198,0,1
BRDA:1094,198,1,8
BRDA:1097,199,0,0
BRDA:1097,199,1,1
BRDA:1097,199,2,1
BRDA:1097,199,3,1
BRDA:1097,199,4,6
BRDA:1114,200,0,1
BRDA:1114,200,1,0
BRDA:1116,201,0,0
BRDA:1116,201,1,1
BRDA:1118,202,0,0
BRDA:1118,202,1,0
BRDA:1142,203,0,1
BRDA:1142,203,1,10
BRDA:1146,204,0,2
BRDA:1146,204,1,9
BRDA:1149,205,0,1
BRDA:1149,205,1,1
BRDA:1152,206,0,0
BRDA:1152,206,1,1
BRDA:1160,207,0,2
BRDA:1160,207,1,9
BRDA:1160,208,0,0
BRDA:1160,208,1,11
BRDA:1160,209,0,11
BRDA:1160,209,1,11
BRDA:1173,210,0,0
BRDA:1173,210,1,22
BRDA:1173,211,0,22
BRDA:1173,211,1,8
BRDA:1176,212,0,17
BRDA:1176,212,1,5
BRDA:1176,213,0,22
BRDA:1176,213,1,22
BRDA:1179,214,0,22
BRDA:1179,214,1,0
BRDA:1179,215,0,0
BRDA:1179,215,1,22
BRDA:1179,216,0,22
BRDA:1179,216,1,22
BRDA:1182,217,0,22
BRDA:1182,217,1,0
BRDA:1182,218,0,0
BRDA:1182,218,1,22
BRDA:1182,219,0,22
BRDA:1182,219,1,22
BRDA:1185,220,0,22
BRDA:1185,220,1,0
BRDA:1185,221,0,0
BRDA:1185,221,1,22
BRDA:1185,222,0,22
BRDA:1185,222,1,22
BRDA:1190,223,0,5
BRDA:1190,223,1,17
BRDA:1199,224,0,1
BRDA:1199,224,1,2
BRDA:1199,225,0,3
BRDA:1199,225,1,3
BRDA:1201,226,0,2
BRDA:1201,226,1,1
BRDA:1207,227,0,2
BRDA:1207,227,1,1
BRDA:1214,228,0,0
BRDA:1214,228,1,1
BRDA:1218,229,0,1
BRDA:1218,229,1,0
BRDA:1218,230,0,0
BRDA:1218,230,1,1
BRDA:1218,231,0,1
BRDA:1218,231,1,1
BRF:467
BRH:303
end_of_record
TN:
SF:dist\controller\master-controller.js
FN:7,(anonymous_0)
FN:14,(anonymous_1)
FN:17,(anonymous_2)
FN:37,(anonymous_3)
FN:45,(anonymous_4)
FN:54,(anonymous_5)
FN:61,(anonymous_6)
FN:63,(anonymous_7)
FN:65,(anonymous_8)
FN:71,(anonymous_9)
FN:119,(anonymous_10)
FN:138,(anonymous_11)
FN:139,(anonymous_12)
FN:147,(anonymous_13)
FN:172,(anonymous_14)
FN:180,(anonymous_15)
FN:184,(anonymous_16)
FN:221,(anonymous_17)
FN:258,(anonymous_18)
FN:288,(anonymous_19)
FN:308,(anonymous_20)
FN:319,(anonymous_21)
FN:326,(anonymous_22)
FN:337,(anonymous_23)
FN:361,(anonymous_24)
FN:366,(anonymous_25)
FN:366,(anonymous_26)
FN:380,(anonymous_27)
FN:385,(anonymous_28)
FN:392,(anonymous_29)
FN:393,(anonymous_30)
FN:395,(anonymous_31)
FN:396,(anonymous_32)
FN:398,(anonymous_33)
FN:399,(anonymous_34)
FN:401,(anonymous_35)
FN:402,(anonymous_36)
FN:404,(anonymous_37)
FN:405,(anonymous_38)
FN:407,(anonymous_39)
FN:408,(anonymous_40)
FN:409,(anonymous_41)
FN:412,(anonymous_42)
FN:414,(anonymous_43)
FN:415,(anonymous_44)
FN:469,(anonymous_45)
FN:484,(anonymous_46)
FN:489,(anonymous_47)
FN:496,(anonymous_48)
FN:497,(anonymous_49)
FN:500,(anonymous_50)
FN:504,(anonymous_51)
FN:508,(anonymous_52)
FN:509,(anonymous_53)
FN:510,(anonymous_54)
FN:515,(anonymous_55)
FN:521,(anonymous_56)
FN:522,(anonymous_57)
FN:525,(anonymous_58)
FN:526,(anonymous_59)
FNF:60
FNH:59
FNDA:2,(anonymous_0)
FNDA:2,(anonymous_1)
FNDA:38,(anonymous_2)
FNDA:10,(anonymous_3)
FNDA:12,(anonymous_4)
FNDA:0,(anonymous_5)
FNDA:2,(anonymous_6)
FNDA:266,(anonymous_7)
FNDA:2,(anonymous_8)
FNDA:266,(anonymous_9)
FNDA:37,(anonymous_10)
FNDA:89,(anonymous_11)
FNDA:89,(anonymous_12)
FNDA:53,(anonymous_13)
FNDA:9,(anonymous_14)
FNDA:5,(anonymous_15)
FNDA:5,(anonymous_16)
FNDA:20,(anonymous_17)
FNDA:37,(anonymous_18)
FNDA:35,(anonymous_19)
FNDA:748,(anonymous_20)
FNDA:37,(anonymous_21)
FNDA:31,(anonymous_22)
FNDA:37,(anonymous_23)
FNDA:89,(anonymous_24)
FNDA:65,(anonymous_25)
FNDA:4,(anonymous_26)
FNDA:101,(anonymous_27)
FNDA:2,(anonymous_28)
FNDA:11,(anonymous_29)
FNDA:26,(anonymous_30)
FNDA:22,(anonymous_31)
FNDA:26,(anonymous_32)
FNDA:87,(anonymous_33)
FNDA:108,(anonymous_34)
FNDA:61,(anonymous_35)
FNDA:88,(anonymous_36)
FNDA:72,(anonymous_37)
FNDA:174,(anonymous_38)
FNDA:25,(anonymous_39)
FNDA:25,(anonymous_40)
FNDA:33,(anonymous_41)
FNDA:25,(anonymous_42)
FNDA:47,(anonymous_43)
FNDA:33,(anonymous_44)
FNDA:12,(anonymous_45)
FNDA:3,(anonymous_46)
FNDA:12,(anonymous_47)
FNDA:4,(anonymous_48)
FNDA:1,(anonymous_49)
FNDA:266,(anonymous_50)
FNDA:435,(anonymous_51)
FNDA:1065,(anonymous_52)
FNDA:18,(anonymous_53)
FNDA:18,(anonymous_54)
FNDA:3,(anonymous_55)
FNDA:7,(anonymous_56)
FNDA:9,(anonymous_57)
FNDA:23,(anonymous_58)
FNDA:3,(anonymous_59)
DA:3,7
DA:4,7
DA:5,7
DA:8,2
DA:9,2
DA:10,2
DA:11,2
DA:12,2
DA:15,2
DA:19,38
DA:20,38
DA:21,38
DA:22,1
DA:23,1
DA:25,37
DA:26,37
DA:27,37
DA:28,37
DA:29,37
DA:32,0
DA:33,0
DA:34,0
DA:39,10
DA:40,10
DA:41,10
DA:42,10
DA:44,10
DA:45,12
DA:46,10
DA:47,10
DA:48,10
DA:49,10
DA:50,10
DA:53,0
DA:54,0
DA:55,0
DA:56,0
DA:58,0
DA:62,2
DA:63,266
DA:66,2
DA:69,2
DA:72,266
DA:76,436
DA:78,436
DA:79,436
DA:80,2026
DA:81,82
DA:83,2026
DA:84,436
DA:86,2026
DA:87,404
DA:89,2026
DA:90,404
DA:94,436
DA:95,30
DA:97,406
DA:98,2
DA:100,404
DA:101,404
DA:103,0
DA:105,404
DA:106,21
DA:107,21
DA:108,21
DA:111,266
DA:112,266
DA:113,89
DA:115,266
DA:116,266
DA:117,266
DA:118,16
DA:119,37
DA:120,18
DA:121,12
DA:124,6
DA:125,6
DA:126,2
DA:129,4
DA:130,4
DA:131,1
DA:139,89
DA:140,89
DA:141,2
DA:143,87
DA:144,87
DA:145,61
DA:146,61
DA:147,61
DA:148,61
DA:149,11
DA:150,0
DA:152,11
DA:153,11
DA:154,11
DA:155,11
DA:156,11
DA:157,11
DA:158,11
DA:162,50
DA:163,36
DA:168,89
DA:169,89
DA:170,31
DA:171,31
DA:172,9
DA:173,4
DA:175,4
DA:176,4
DA:179,4
DA:180,5
DA:181,4
DA:184,5
DA:185,4
DA:186,4
DA:187,4
DA:188,4
DA:189,4
DA:190,4
DA:191,4
DA:194,89
DA:195,100
DA:196,100
DA:197,100
DA:198,93
DA:199,93
DA:200,93
DA:201,34
DA:202,34
DA:203,34
DA:204,1
DA:207,33
DA:209,34
DA:210,34
DA:215,89
DA:216,67
DA:219,89
DA:220,22
DA:221,22
DA:222,11
DA:226,67
DA:227,11
DA:230,89
DA:231,22
DA:232,22
DA:233,22
DA:234,22
DA:235,22
DA:236,22
DA:238,22
DA:240,89
DA:241,89
DA:242,12
DA:243,12
DA:244,12
DA:245,0
DA:248,12
DA:250,12
DA:251,10
DA:253,12
DA:254,12
DA:255,12
DA:259,37
DA:273,37
DA:274,37
DA:275,13
DA:276,13
DA:278,37
DA:279,37
DA:280,37
DA:281,27
DA:282,27
DA:284,37
DA:285,37
DA:286,37
DA:289,35
DA:290,14
DA:292,35
DA:293,35
DA:294,0
DA:296,35
DA:297,35
DA:298,0
DA:300,35
DA:301,35
DA:302,25
DA:303,25
DA:304,11
DA:309,748
DA:310,748
DA:311,372
DA:313,376
DA:314,376
DA:315,122
DA:317,254
DA:320,37
DA:321,37
DA:322,13
DA:324,24
DA:327,31
DA:328,31
DA:329,40
DA:330,40
DA:331,4
DA:333,36
DA:335,27
DA:338,37
DA:339,37
DA:340,37
DA:341,58
DA:342,4
DA:344,54
DA:345,12
DA:348,37
DA:349,22
DA:350,4
DA:352,18
DA:353,1
DA:357,37
DA:358,37
DA:362,89
DA:363,89
DA:364,24
DA:366,65
DA:367,4
DA:370,61
DA:372,28
DA:373,27
DA:374,27
DA:375,12
DA:378,16
DA:381,101
DA:382,101
DA:383,2
DA:384,2
DA:385,2
DA:386,2
DA:390,99
DA:393,26
DA:396,26
DA:399,108
DA:402,88
DA:405,174
DA:408,25
DA:409,33
DA:410,25
DA:412,25
DA:415,47
DA:416,33
DA:417,7
DA:419,33
DA:420,33
DA:421,33
DA:422,33
DA:425,47
DA:426,11
DA:434,11
DA:435,11
DA:437,36
DA:438,36
DA:439,36
DA:440,36
DA:441,0
DA:442,0
DA:444,36
DA:445,22
DA:446,22
DA:448,36
DA:449,0
DA:450,0
DA:452,36
DA:453,0
DA:454,0
DA:456,36
DA:457,0
DA:458,0
DA:460,36
DA:462,0
DA:463,0
DA:465,36
DA:466,22
DA:471,12
DA:472,12
DA:473,12
DA:474,12
DA:475,9
DA:477,12
DA:480,12
DA:481,12
DA:485,3
DA:486,3
DA:487,3
DA:490,12
DA:491,12
DA:492,12
DA:493,10
DA:497,4
DA:498,4
DA:501,266
DA:502,1
DA:504,265
DA:506,435
DA:507,435
DA:508,1065
DA:509,18
DA:510,18
DA:512,265
DA:513,265
DA:514,3
DA:515,3
DA:517,262
DA:518,3
DA:522,7
DA:524,9
DA:525,23
DA:526,3
DA:531,7
LF:317
LH:294
BRDA:21,0,0,1
BRDA:21,0,1,37
BRDA:32,1,0,0
BRDA:32,1,1,0
BRDA:32,2,0,0
BRDA:32,2,1,0
BRDA:41,3,0,10
BRDA:41,3,1,0
BRDA:44,4,0,2
BRDA:44,4,1,8
BRDA:53,5,0,0
BRDA:53,5,1,0
BRDA:53,6,0,0
BRDA:53,6,1,0
BRDA:55,7,0,0
BRDA:55,7,1,0
BRDA:78,8,0,436
BRDA:78,8,1,0
BRDA:80,9,0,82
BRDA:80,9,1,1944
BRDA:83,10,0,436
BRDA:83,10,1,1590
BRDA:86,11,0,404
BRDA:86,11,1,1622
BRDA:89,12,0,404
BRDA:89,12,1,1622
BRDA:94,13,0,30
BRDA:94,13,1,406
BRDA:94,14,0,436
BRDA:94,14,1,436
BRDA:97,15,0,2
BRDA:97,15,1,404
BRDA:97,16,0,406
BRDA:97,16,1,62
BRDA:100,17,0,404
BRDA:100,17,1,0
BRDA:100,18,0,404
BRDA:100,18,1,404
BRDA:103,19,0,0
BRDA:103,19,1,0
BRDA:103,20,0,0
BRDA:103,20,1,0
BRDA:105,21,0,21
BRDA:105,21,1,383
BRDA:112,22,0,89
BRDA:112,22,1,177
BRDA:117,23,0,16
BRDA:117,23,1,250
BRDA:120,24,0,12
BRDA:120,24,1,6
BRDA:125,25,0,2
BRDA:125,25,1,4
BRDA:130,26,0,1
BRDA:130,26,1,3
BRDA:140,27,0,2
BRDA:140,27,1,87
BRDA:144,28,0,61
BRDA:144,28,1,26
BRDA:147,29,0,53
BRDA:147,29,1,50
BRDA:148,30,0,11
BRDA:148,30,1,50
BRDA:149,31,0,0
BRDA:149,31,1,11
BRDA:157,32,0,11
BRDA:157,32,1,0
BRDA:162,33,0,36
BRDA:162,33,1,14
BRDA:162,34,0,50
BRDA:162,34,1,25
BRDA:169,35,0,31
BRDA:169,35,1,58
BRDA:171,36,0,4
BRDA:171,36,1,27
BRDA:173,37,0,2
BRDA:173,37,1,2
BRDA:177,38,0,2
BRDA:177,38,1,2
BRDA:182,39,0,2
BRDA:182,39,1,2
BRDA:184,40,0,5
BRDA:184,40,1,4
BRDA:184,41,0,0
BRDA:184,41,1,5
BRDA:184,42,0,5
BRDA:184,42,1,5
BRDA:184,43,0,0
BRDA:184,43,1,4
BRDA:184,44,0,4
BRDA:184,44,1,4
BRDA:197,45,0,93
BRDA:197,45,1,7
BRDA:200,46,0,34
BRDA:200,46,1,59
BRDA:200,47,0,9
BRDA:200,47,1,84
BRDA:200,48,0,93
BRDA:200,48,1,93
BRDA:202,49,0,1
BRDA:202,49,1,33
BRDA:203,50,0,1
BRDA:203,50,1,33
BRDA:209,51,0,34
BRDA:209,51,1,0
BRDA:215,52,0,67
BRDA:215,52,1,22
BRDA:219,53,0,22
BRDA:219,53,1,67
BRDA:221,54,0,11
BRDA:221,54,1,11
BRDA:221,55,0,20
BRDA:221,55,1,12
BRDA:226,56,0,11
BRDA:226,56,1,56
BRDA:226,57,0,67
BRDA:226,57,1,56
BRDA:230,58,0,22
BRDA:230,58,1,67
BRDA:233,59,0,11
BRDA:233,59,1,11
BRDA:235,60,0,22
BRDA:235,60,1,0
BRDA:241,61,0,12
BRDA:241,61,1,77
BRDA:241,62,0,89
BRDA:241,62,1,16
BRDA:244,63,0,0
BRDA:244,63,1,12
BRDA:250,64,0,10
BRDA:250,64,1,2
BRDA:274,65,0,13
BRDA:274,65,1,24
BRDA:280,66,0,27
BRDA:280,66,1,10
BRDA:288,67,0,21
BRDA:289,68,0,14
BRDA:289,68,1,21
BRDA:293,69,0,0
BRDA:293,69,1,35
BRDA:297,70,0,0
BRDA:297,70,1,35
BRDA:301,71,0,25
BRDA:301,71,1,10
BRDA:303,72,0,11
BRDA:303,72,1,14
BRDA:310,73,0,372
BRDA:310,73,1,376
BRDA:314,74,0,122
BRDA:314,74,1,254
BRDA:321,75,0,13
BRDA:321,75,1,24
BRDA:330,76,0,4
BRDA:330,76,1,36
BRDA:338,77,0,37
BRDA:338,77,1,0
BRDA:341,78,0,4
BRDA:341,78,1,54
BRDA:349,79,0,4
BRDA:349,79,1,18
BRDA:357,80,0,37
BRDA:357,80,1,0
BRDA:363,81,0,24
BRDA:363,81,1,65
BRDA:363,82,0,89
BRDA:363,82,1,24
BRDA:366,83,0,4
BRDA:366,83,1,61
BRDA:366,84,0,65
BRDA:366,84,1,4
BRDA:374,85,0,12
BRDA:374,85,1,15
BRDA:374,86,0,27
BRDA:374,86,1,27
BRDA:374,86,2,13
BRDA:382,87,0,2
BRDA:382,87,1,99
BRDA:384,88,0,2
BRDA:384,88,1,0
BRDA:386,89,0,2
BRDA:386,89,1,2
BRDA:393,90,0,26
BRDA:393,90,1,12
BRDA:396,91,0,26
BRDA:396,91,1,12
BRDA:399,92,0,108
BRDA:399,92,1,104
BRDA:399,92,2,62
BRDA:402,93,0,88
BRDA:402,93,1,61
BRDA:405,94,0,174
BRDA:405,94,1,77
BRDA:410,95,0,25
BRDA:410,95,1,25
BRDA:410,95,2,14
BRDA:412,96,0,25
BRDA:412,96,1,25
BRDA:416,97,0,7
BRDA:416,97,1,26
BRDA:421,98,0,33
BRDA:421,98,1,0
BRDA:425,99,0,11
BRDA:425,99,1,36
BRDA:440,100,0,0
BRDA:440,100,1,36
BRDA:444,101,0,22
BRDA:444,101,1,14
BRDA:448,102,0,0
BRDA:448,102,1,36
BRDA:452,103,0,0
BRDA:452,103,1,36
BRDA:456,104,0,0
BRDA:456,104,1,36
BRDA:460,105,0,0
BRDA:460,105,1,36
BRDA:460,106,0,36
BRDA:460,106,1,36
BRDA:465,107,0,22
BRDA:465,107,1,14
BRDA:472,108,0,12
BRDA:472,108,1,0
BRDA:472,109,0,9
BRDA:472,109,1,3
BRDA:472,110,0,12
BRDA:472,110,1,12
BRDA:474,111,0,9
BRDA:474,111,1,3
BRDA:474,112,0,12
BRDA:474,112,1,3
BRDA:477,113,0,0
BRDA:477,113,1,12
BRDA:492,114,0,10
BRDA:492,114,1,2
BRDA:498,115,0,1
BRDA:498,115,1,3
BRDA:501,116,0,1
BRDA:501,116,1,265
BRDA:506,117,0,435
BRDA:506,117,1,0
BRDA:506,118,0,435
BRDA:506,118,1,435
BRDA:507,119,0,435
BRDA:507,119,1,273
BRDA:507,119,2,9
BRDA:507,119,3,9
BRDA:508,120,0,1065
BRDA:508,120,1,273
BRDA:513,121,0,3
BRDA:513,121,1,262
BRDA:517,122,0,3
BRDA:517,122,1,259
BRDA:524,123,0,9
BRDA:524,123,1,0
BRDA:524,124,0,9
BRDA:524,124,1,9
BRDA:525,125,0,9
BRDA:525,125,1,3
BRDA:525,126,0,23
BRDA:525,126,1,8
BRDA:526,127,0,3
BRDA:526,127,1,3
BRDA:527,128,0,2
BRDA:527,128,1,1
BRF:262
BRH:223
end_of_record
